{"/home/runner/work/quickbooks-payments-flow/quickbooks-payments-flow/src/index.js": {"path":"/home/runner/work/quickbooks-payments-flow/quickbooks-payments-flow/src/index.js","statementMap":{"0":{"start":{"line":1,"column":16},"end":{"line":1,"column":34}},"1":{"start":{"line":2,"column":15},"end":{"line":2,"column":32}},"2":{"start":{"line":3,"column":13},"end":{"line":3,"column":28}},"3":{"start":{"line":4,"column":13},"end":{"line":4,"column":28}},"4":{"start":{"line":5,"column":23},"end":{"line":5,"column":38}},"5":{"start":{"line":6,"column":0},"end":{"line":6,"column":27}},"6":{"start":{"line":8,"column":15},"end":{"line":8,"column":40}},"7":{"start":{"line":9,"column":22},"end":{"line":9,"column":50}},"8":{"start":{"line":10,"column":19},"end":{"line":10,"column":43}},"9":{"start":{"line":11,"column":22},"end":{"line":11,"column":50}},"10":{"start":{"line":13,"column":12},"end":{"line":13,"column":21}},"11":{"start":{"line":16,"column":0},"end":{"line":16,"column":18}},"12":{"start":{"line":17,"column":0},"end":{"line":17,"column":16}},"13":{"start":{"line":18,"column":0},"end":{"line":18,"column":24}},"14":{"start":{"line":21,"column":0},"end":{"line":25,"column":3}},"15":{"start":{"line":22,"column":2},"end":{"line":22,"column":51}},"16":{"start":{"line":23,"column":2},"end":{"line":23,"column":40}},"17":{"start":{"line":24,"column":2},"end":{"line":24,"column":9}},"18":{"start":{"line":28,"column":0},"end":{"line":31,"column":3}},"19":{"start":{"line":29,"column":2},"end":{"line":29,"column":66}},"20":{"start":{"line":30,"column":2},"end":{"line":30,"column":9}},"21":{"start":{"line":34,"column":0},"end":{"line":34,"column":40}},"22":{"start":{"line":35,"column":0},"end":{"line":35,"column":33}},"23":{"start":{"line":36,"column":0},"end":{"line":36,"column":40}},"24":{"start":{"line":39,"column":0},"end":{"line":41,"column":3}},"25":{"start":{"line":40,"column":2},"end":{"line":40,"column":66}},"26":{"start":{"line":44,"column":0},"end":{"line":44,"column":62}},"27":{"start":{"line":45,"column":0},"end":{"line":47,"column":3}},"28":{"start":{"line":46,"column":2},"end":{"line":46,"column":67}},"29":{"start":{"line":50,"column":0},"end":{"line":57,"column":3}},"30":{"start":{"line":51,"column":2},"end":{"line":51,"column":81}},"31":{"start":{"line":52,"column":2},"end":{"line":56,"column":5}},"32":{"start":{"line":59,"column":13},"end":{"line":59,"column":37}},"33":{"start":{"line":60,"column":0},"end":{"line":62,"column":3}},"34":{"start":{"line":61,"column":2},"end":{"line":61,"column":73}},"35":{"start":{"line":64,"column":0},"end":{"line":64,"column":21}}},"fnMap":{"0":{"name":"(anonymous_0)","decl":{"start":{"line":21,"column":8},"end":{"line":21,"column":9}},"loc":{"start":{"line":21,"column":28},"end":{"line":25,"column":1}},"line":21},"1":{"name":"(anonymous_1)","decl":{"start":{"line":28,"column":8},"end":{"line":28,"column":9}},"loc":{"start":{"line":28,"column":28},"end":{"line":31,"column":1}},"line":28},"2":{"name":"(anonymous_2)","decl":{"start":{"line":39,"column":19},"end":{"line":39,"column":20}},"loc":{"start":{"line":39,"column":33},"end":{"line":41,"column":1}},"line":39},"3":{"name":"(anonymous_3)","decl":{"start":{"line":45,"column":42},"end":{"line":45,"column":43}},"loc":{"start":{"line":45,"column":56},"end":{"line":47,"column":1}},"line":45},"4":{"name":"(anonymous_4)","decl":{"start":{"line":50,"column":8},"end":{"line":50,"column":9}},"loc":{"start":{"line":50,"column":33},"end":{"line":57,"column":1}},"line":50},"5":{"name":"(anonymous_5)","decl":{"start":{"line":60,"column":17},"end":{"line":60,"column":18}},"loc":{"start":{"line":60,"column":23},"end":{"line":62,"column":1}},"line":60}},"branchMap":{"0":{"loc":{"start":{"line":22,"column":11},"end":{"line":22,"column":50}},"type":"binary-expr","locations":[{"start":{"line":22,"column":11},"end":{"line":22,"column":38}},{"start":{"line":22,"column":42},"end":{"line":22,"column":50}}],"line":22},"1":{"loc":{"start":{"line":52,"column":13},"end":{"line":52,"column":34}},"type":"binary-expr","locations":[{"start":{"line":52,"column":13},"end":{"line":52,"column":27}},{"start":{"line":52,"column":31},"end":{"line":52,"column":34}}],"line":52},"2":{"loc":{"start":{"line":54,"column":11},"end":{"line":54,"column":49}},"type":"binary-expr","locations":[{"start":{"line":54,"column":11},"end":{"line":54,"column":22}},{"start":{"line":54,"column":26},"end":{"line":54,"column":49}}],"line":54},"3":{"loc":{"start":{"line":59,"column":13},"end":{"line":59,"column":37}},"type":"binary-expr","locations":[{"start":{"line":59,"column":13},"end":{"line":59,"column":29}},{"start":{"line":59,"column":33},"end":{"line":59,"column":37}}],"line":59}},"s":{"0":1,"1":1,"2":1,"3":1,"4":1,"5":1,"6":1,"7":1,"8":1,"9":1,"10":1,"11":1,"12":1,"13":1,"14":1,"15":9,"16":9,"17":9,"18":1,"19":9,"20":9,"21":1,"22":1,"23":1,"24":1,"25":1,"26":1,"27":1,"28":0,"29":1,"30":1,"31":1,"32":1,"33":1,"34":1,"35":1},"f":{"0":9,"1":9,"2":1,"3":0,"4":1,"5":1},"b":{"0":[9,9],"1":[1,1],"2":[1,0],"3":[1,1]},"_coverageSchema":"1a1c01bbd47fc00a2c39e90264f33305004495a9","hash":"4134fb863508eb85278e38fc2088145d30ddb895"}
,"/home/runner/work/quickbooks-payments-flow/quickbooks-payments-flow/src/config/quickbooks.js": {"path":"/home/runner/work/quickbooks-payments-flow/quickbooks-payments-flow/src/config/quickbooks.js","statementMap":{"0":{"start":{"line":1,"column":14},"end":{"line":1,"column":30}},"1":{"start":{"line":2,"column":15},"end":{"line":2,"column":41}},"2":{"start":{"line":4,"column":23},"end":{"line":4,"column":58}},"3":{"start":{"line":5,"column":20},"end":{"line":5,"column":55}},"4":{"start":{"line":9,"column":4},"end":{"line":9,"column":51}},"5":{"start":{"line":10,"column":4},"end":{"line":10,"column":53}},"6":{"start":{"line":11,"column":4},"end":{"line":11,"column":61}},"7":{"start":{"line":12,"column":4},"end":{"line":12,"column":71}},"8":{"start":{"line":13,"column":4},"end":{"line":13,"column":28}},"9":{"start":{"line":14,"column":4},"end":{"line":14,"column":28}},"10":{"start":{"line":18,"column":4},"end":{"line":18,"column":76}},"11":{"start":{"line":22,"column":4},"end":{"line":22,"column":84}},"12":{"start":{"line":26,"column":4},"end":{"line":26,"column":29}},"13":{"start":{"line":27,"column":4},"end":{"line":27,"column":55}},"14":{"start":{"line":28,"column":4},"end":{"line":28,"column":51}},"15":{"start":{"line":32,"column":4},"end":{"line":35,"column":6}},"16":{"start":{"line":39,"column":0},"end":{"line":39,"column":40}}},"fnMap":{"0":{"name":"(anonymous_0)","decl":{"start":{"line":8,"column":2},"end":{"line":8,"column":3}},"loc":{"start":{"line":8,"column":16},"end":{"line":15,"column":3}},"line":8},"1":{"name":"(anonymous_1)","decl":{"start":{"line":17,"column":2},"end":{"line":17,"column":3}},"loc":{"start":{"line":17,"column":15},"end":{"line":19,"column":3}},"line":17},"2":{"name":"(anonymous_2)","decl":{"start":{"line":21,"column":2},"end":{"line":21,"column":3}},"loc":{"start":{"line":21,"column":19},"end":{"line":23,"column":3}},"line":21},"3":{"name":"(anonymous_3)","decl":{"start":{"line":25,"column":2},"end":{"line":25,"column":3}},"loc":{"start":{"line":25,"column":35},"end":{"line":29,"column":3}},"line":25},"4":{"name":"(anonymous_4)","decl":{"start":{"line":31,"column":2},"end":{"line":31,"column":3}},"loc":{"start":{"line":31,"column":15},"end":{"line":36,"column":3}},"line":31}},"branchMap":{"0":{"loc":{"start":{"line":12,"column":23},"end":{"line":12,"column":70}},"type":"binary-expr","locations":[{"start":{"line":12,"column":23},"end":{"line":12,"column":57}},{"start":{"line":12,"column":61},"end":{"line":12,"column":70}}],"line":12},"1":{"loc":{"start":{"line":18,"column":11},"end":{"line":18,"column":75}},"type":"cond-expr","locations":[{"start":{"line":18,"column":47},"end":{"line":18,"column":58}},{"start":{"line":18,"column":61},"end":{"line":18,"column":75}}],"line":18},"2":{"loc":{"start":{"line":22,"column":11},"end":{"line":22,"column":83}},"type":"binary-expr","locations":[{"start":{"line":22,"column":11},"end":{"line":22,"column":28}},{"start":{"line":22,"column":33},"end":{"line":22,"column":49}},{"start":{"line":22,"column":53},"end":{"line":22,"column":82}}],"line":22}},"s":{"0":1,"1":1,"2":1,"3":1,"4":1,"5":1,"6":1,"7":1,"8":1,"9":1,"10":0,"11":0,"12":0,"13":0,"14":0,"15":0,"16":1},"f":{"0":1,"1":0,"2":0,"3":0,"4":0},"b":{"0":[1,1],"1":[0,0],"2":[0,0,0]},"_coverageSchema":"1a1c01bbd47fc00a2c39e90264f33305004495a9","hash":"7a6bce844f263a053507e9634255217d430a71ad"}
,"/home/runner/work/quickbooks-payments-flow/quickbooks-payments-flow/src/middleware/validation.js": {"path":"/home/runner/work/quickbooks-payments-flow/quickbooks-payments-flow/src/middleware/validation.js","statementMap":{"0":{"start":{"line":1,"column":12},"end":{"line":1,"column":26}},"1":{"start":{"line":2,"column":15},"end":{"line":2,"column":41}},"2":{"start":{"line":4,"column":22},"end":{"line":9,"column":2}},"3":{"start":{"line":11,"column":26},"end":{"line":16,"column":2}},"4":{"start":{"line":18,"column":24},"end":{"line":31,"column":1}},"5":{"start":{"line":19,"column":27},"end":{"line":19,"column":59}},"6":{"start":{"line":21,"column":2},"end":{"line":27,"column":3}},"7":{"start":{"line":22,"column":4},"end":{"line":22,"column":60}},"8":{"start":{"line":23,"column":4},"end":{"line":26,"column":7}},"9":{"start":{"line":29,"column":2},"end":{"line":29,"column":19}},"10":{"start":{"line":30,"column":2},"end":{"line":30,"column":9}},"11":{"start":{"line":33,"column":28},"end":{"line":62,"column":1}},"12":{"start":{"line":34,"column":32},"end":{"line":48,"column":3}},"13":{"start":{"line":50,"column":27},"end":{"line":50,"column":76}},"14":{"start":{"line":52,"column":2},"end":{"line":58,"column":3}},"15":{"start":{"line":53,"column":4},"end":{"line":53,"column":65}},"16":{"start":{"line":54,"column":4},"end":{"line":57,"column":7}},"17":{"start":{"line":60,"column":2},"end":{"line":60,"column":19}},"18":{"start":{"line":61,"column":2},"end":{"line":61,"column":9}},"19":{"start":{"line":64,"column":0},"end":{"line":67,"column":2}}},"fnMap":{"0":{"name":"(anonymous_0)","decl":{"start":{"line":18,"column":24},"end":{"line":18,"column":25}},"loc":{"start":{"line":18,"column":44},"end":{"line":31,"column":1}},"line":18},"1":{"name":"(anonymous_1)","decl":{"start":{"line":33,"column":28},"end":{"line":33,"column":29}},"loc":{"start":{"line":33,"column":48},"end":{"line":62,"column":1}},"line":33}},"branchMap":{"0":{"loc":{"start":{"line":21,"column":2},"end":{"line":27,"column":3}},"type":"if","locations":[{"start":{"line":21,"column":2},"end":{"line":27,"column":3}},{"start":{},"end":{}}],"line":21},"1":{"loc":{"start":{"line":36,"column":19},"end":{"line":38,"column":30}},"type":"cond-expr","locations":[{"start":{"line":37,"column":8},"end":{"line":37,"column":49}},{"start":{"line":38,"column":8},"end":{"line":38,"column":30}}],"line":36},"2":{"loc":{"start":{"line":39,"column":19},"end":{"line":41,"column":30}},"type":"cond-expr","locations":[{"start":{"line":40,"column":8},"end":{"line":40,"column":49}},{"start":{"line":41,"column":8},"end":{"line":41,"column":30}}],"line":39},"3":{"loc":{"start":{"line":42,"column":14},"end":{"line":44,"column":25}},"type":"cond-expr","locations":[{"start":{"line":43,"column":8},"end":{"line":43,"column":32}},{"start":{"line":44,"column":8},"end":{"line":44,"column":25}}],"line":42},"4":{"loc":{"start":{"line":45,"column":17},"end":{"line":47,"column":28}},"type":"cond-expr","locations":[{"start":{"line":46,"column":8},"end":{"line":46,"column":35}},{"start":{"line":47,"column":8},"end":{"line":47,"column":28}}],"line":45},"5":{"loc":{"start":{"line":52,"column":2},"end":{"line":58,"column":3}},"type":"if","locations":[{"start":{"line":52,"column":2},"end":{"line":58,"column":3}},{"start":{},"end":{}}],"line":52}},"s":{"0":1,"1":1,"2":1,"3":1,"4":1,"5":3,"6":3,"7":1,"8":1,"9":2,"10":2,"11":1,"12":3,"13":3,"14":3,"15":1,"16":1,"17":2,"18":2,"19":1},"f":{"0":3,"1":3},"b":{"0":[1,2],"1":[3,0],"2":[3,0],"3":[3,0],"4":[3,0],"5":[1,2]},"_coverageSchema":"1a1c01bbd47fc00a2c39e90264f33305004495a9","hash":"116d5bf2c361771dbdc91d9b75e62760f4d17328"}
,"/home/runner/work/quickbooks-payments-flow/quickbooks-payments-flow/src/routes/auth.js": {"path":"/home/runner/work/quickbooks-payments-flow/quickbooks-payments-flow/src/routes/auth.js","statementMap":{"0":{"start":{"line":1,"column":16},"end":{"line":1,"column":34}},"1":{"start":{"line":2,"column":15},"end":{"line":2,"column":31}},"2":{"start":{"line":3,"column":15},"end":{"line":3,"column":41}},"3":{"start":{"line":4,"column":18},"end":{"line":4,"column":59}},"4":{"start":{"line":7,"column":0},"end":{"line":27,"column":3}},"5":{"start":{"line":8,"column":2},"end":{"line":26,"column":3}},"6":{"start":{"line":9,"column":29},"end":{"line":9,"column":37}},"7":{"start":{"line":11,"column":4},"end":{"line":16,"column":5}},"8":{"start":{"line":12,"column":6},"end":{"line":15,"column":9}},"9":{"start":{"line":18,"column":19},"end":{"line":18,"column":67}},"10":{"start":{"line":20,"column":4},"end":{"line":23,"column":7}},"11":{"start":{"line":25,"column":4},"end":{"line":25,"column":16}},"12":{"start":{"line":30,"column":0},"end":{"line":50,"column":3}},"13":{"start":{"line":31,"column":2},"end":{"line":49,"column":3}},"14":{"start":{"line":32,"column":29},"end":{"line":32,"column":37}},"15":{"start":{"line":34,"column":4},"end":{"line":39,"column":5}},"16":{"start":{"line":35,"column":6},"end":{"line":38,"column":9}},"17":{"start":{"line":41,"column":19},"end":{"line":41,"column":67}},"18":{"start":{"line":43,"column":4},"end":{"line":46,"column":7}},"19":{"start":{"line":48,"column":4},"end":{"line":48,"column":16}},"20":{"start":{"line":52,"column":0},"end":{"line":52,"column":24}}},"fnMap":{"0":{"name":"(anonymous_0)","decl":{"start":{"line":7,"column":25},"end":{"line":7,"column":26}},"loc":{"start":{"line":7,"column":51},"end":{"line":27,"column":1}},"line":7},"1":{"name":"(anonymous_1)","decl":{"start":{"line":30,"column":24},"end":{"line":30,"column":25}},"loc":{"start":{"line":30,"column":50},"end":{"line":50,"column":1}},"line":30}},"branchMap":{"0":{"loc":{"start":{"line":11,"column":4},"end":{"line":16,"column":5}},"type":"if","locations":[{"start":{"line":11,"column":4},"end":{"line":16,"column":5}},{"start":{},"end":{}}],"line":11},"1":{"loc":{"start":{"line":34,"column":4},"end":{"line":39,"column":5}},"type":"if","locations":[{"start":{"line":34,"column":4},"end":{"line":39,"column":5}},{"start":{},"end":{}}],"line":34}},"s":{"0":1,"1":1,"2":1,"3":1,"4":1,"5":0,"6":0,"7":0,"8":0,"9":0,"10":0,"11":0,"12":1,"13":0,"14":0,"15":0,"16":0,"17":0,"18":0,"19":0,"20":1},"f":{"0":0,"1":0},"b":{"0":[0,0],"1":[0,0]},"_coverageSchema":"1a1c01bbd47fc00a2c39e90264f33305004495a9","hash":"18a76c1c8982da0cb9f32558eef7aa53422e5f72"}
,"/home/runner/work/quickbooks-payments-flow/quickbooks-payments-flow/src/routes/payments.js": {"path":"/home/runner/work/quickbooks-payments-flow/quickbooks-payments-flow/src/routes/payments.js","statementMap":{"0":{"start":{"line":1,"column":16},"end":{"line":1,"column":34}},"1":{"start":{"line":2,"column":15},"end":{"line":2,"column":31}},"2":{"start":{"line":3,"column":15},"end":{"line":3,"column":41}},"3":{"start":{"line":4,"column":23},"end":{"line":4,"column":61}},"4":{"start":{"line":5,"column":49},"end":{"line":5,"column":84}},"5":{"start":{"line":8,"column":0},"end":{"line":26,"column":3}},"6":{"start":{"line":9,"column":2},"end":{"line":25,"column":3}},"7":{"start":{"line":10,"column":58},"end":{"line":10,"column":66}},"8":{"start":{"line":12,"column":20},"end":{"line":17,"column":14}},"9":{"start":{"line":19,"column":4},"end":{"line":22,"column":7}},"10":{"start":{"line":24,"column":4},"end":{"line":24,"column":16}},"11":{"start":{"line":29,"column":0},"end":{"line":43,"column":3}},"12":{"start":{"line":30,"column":2},"end":{"line":42,"column":3}},"13":{"start":{"line":31,"column":26},"end":{"line":31,"column":36}},"14":{"start":{"line":32,"column":24},"end":{"line":32,"column":32}},"15":{"start":{"line":34,"column":19},"end":{"line":34,"column":95}},"16":{"start":{"line":36,"column":4},"end":{"line":39,"column":7}},"17":{"start":{"line":41,"column":4},"end":{"line":41,"column":16}},"18":{"start":{"line":46,"column":0},"end":{"line":57,"column":3}},"19":{"start":{"line":47,"column":2},"end":{"line":56,"column":3}},"20":{"start":{"line":48,"column":32},"end":{"line":48,"column":81}},"21":{"start":{"line":50,"column":4},"end":{"line":53,"column":7}},"22":{"start":{"line":55,"column":4},"end":{"line":55,"column":16}},"23":{"start":{"line":60,"column":0},"end":{"line":72,"column":3}},"24":{"start":{"line":61,"column":2},"end":{"line":71,"column":3}},"25":{"start":{"line":62,"column":26},"end":{"line":62,"column":36}},"26":{"start":{"line":63,"column":20},"end":{"line":63,"column":76}},"27":{"start":{"line":65,"column":4},"end":{"line":68,"column":7}},"28":{"start":{"line":70,"column":4},"end":{"line":70,"column":16}},"29":{"start":{"line":75,"column":0},"end":{"line":89,"column":3}},"30":{"start":{"line":76,"column":2},"end":{"line":88,"column":3}},"31":{"start":{"line":77,"column":26},"end":{"line":77,"column":36}},"32":{"start":{"line":78,"column":23},"end":{"line":78,"column":31}},"33":{"start":{"line":80,"column":19},"end":{"line":80,"column":80}},"34":{"start":{"line":82,"column":4},"end":{"line":85,"column":7}},"35":{"start":{"line":87,"column":4},"end":{"line":87,"column":16}},"36":{"start":{"line":91,"column":0},"end":{"line":91,"column":24}}},"fnMap":{"0":{"name":"(anonymous_0)","decl":{"start":{"line":8,"column":42},"end":{"line":8,"column":43}},"loc":{"start":{"line":8,"column":68},"end":{"line":26,"column":1}},"line":8},"1":{"name":"(anonymous_1)","decl":{"start":{"line":29,"column":35},"end":{"line":29,"column":36}},"loc":{"start":{"line":29,"column":61},"end":{"line":43,"column":1}},"line":29},"2":{"name":"(anonymous_2)","decl":{"start":{"line":46,"column":59},"end":{"line":46,"column":60}},"loc":{"start":{"line":46,"column":79},"end":{"line":57,"column":1}},"line":46},"3":{"name":"(anonymous_3)","decl":{"start":{"line":60,"column":33},"end":{"line":60,"column":34}},"loc":{"start":{"line":60,"column":59},"end":{"line":72,"column":1}},"line":60},"4":{"name":"(anonymous_4)","decl":{"start":{"line":75,"column":34},"end":{"line":75,"column":35}},"loc":{"start":{"line":75,"column":60},"end":{"line":89,"column":1}},"line":75}},"branchMap":{},"s":{"0":1,"1":1,"2":1,"3":1,"4":1,"5":1,"6":2,"7":2,"8":2,"9":2,"10":0,"11":1,"12":0,"13":0,"14":0,"15":0,"16":0,"17":0,"18":1,"19":2,"20":2,"21":2,"22":0,"23":1,"24":2,"25":2,"26":2,"27":1,"28":1,"29":1,"30":0,"31":0,"32":0,"33":0,"34":0,"35":0,"36":1},"f":{"0":2,"1":0,"2":2,"3":2,"4":0},"b":{},"_coverageSchema":"1a1c01bbd47fc00a2c39e90264f33305004495a9","hash":"ccc331cb7f0a6251fb9153cf561f4d20a197c180"}
,"/home/runner/work/quickbooks-payments-flow/quickbooks-payments-flow/src/routes/webhooks.js": {"path":"/home/runner/work/quickbooks-payments-flow/quickbooks-payments-flow/src/routes/webhooks.js","statementMap":{"0":{"start":{"line":5,"column":16},"end":{"line":5,"column":34}},"1":{"start":{"line":6,"column":15},"end":{"line":6,"column":41}},"2":{"start":{"line":8,"column":15},"end":{"line":8,"column":31}},"3":{"start":{"line":11,"column":41},"end":{"line":11,"column":45}},"4":{"start":{"line":13,"column":0},"end":{"line":19,"column":1}},"5":{"start":{"line":14,"column":2},"end":{"line":14,"column":58}},"6":{"start":{"line":15,"column":2},"end":{"line":15,"column":51}},"7":{"start":{"line":17,"column":2},"end":{"line":17,"column":45}},"8":{"start":{"line":18,"column":2},"end":{"line":18,"column":74}},"9":{"start":{"line":22,"column":22},"end":{"line":22,"column":63}},"10":{"start":{"line":30,"column":0},"end":{"line":49,"column":3}},"11":{"start":{"line":31,"column":2},"end":{"line":48,"column":3}},"12":{"start":{"line":32,"column":44},"end":{"line":32,"column":52}},"13":{"start":{"line":34,"column":4},"end":{"line":37,"column":7}},"14":{"start":{"line":42,"column":4},"end":{"line":45,"column":7}},"15":{"start":{"line":47,"column":4},"end":{"line":47,"column":16}},"16":{"start":{"line":55,"column":0},"end":{"line":74,"column":3}},"17":{"start":{"line":56,"column":2},"end":{"line":73,"column":3}},"18":{"start":{"line":57,"column":44},"end":{"line":57,"column":52}},"19":{"start":{"line":59,"column":4},"end":{"line":63,"column":7}},"20":{"start":{"line":67,"column":4},"end":{"line":70,"column":7}},"21":{"start":{"line":72,"column":4},"end":{"line":72,"column":16}},"22":{"start":{"line":78,"column":37},"end":{"line":81,"column":2}},"23":{"start":{"line":78,"column":46},"end":{"line":81,"column":2}},"24":{"start":{"line":83,"column":0},"end":{"line":322,"column":1}},"25":{"start":{"line":88,"column":2},"end":{"line":131,"column":5}},"26":{"start":{"line":89,"column":22},"end":{"line":89,"column":53}},"27":{"start":{"line":90,"column":20},"end":{"line":90,"column":28}},"28":{"start":{"line":93,"column":20},"end":{"line":97,"column":5}},"29":{"start":{"line":99,"column":4},"end":{"line":102,"column":5}},"30":{"start":{"line":100,"column":6},"end":{"line":100,"column":56}},"31":{"start":{"line":101,"column":6},"end":{"line":101,"column":66}},"32":{"start":{"line":104,"column":4},"end":{"line":130,"column":5}},"33":{"start":{"line":106,"column":20},"end":{"line":106,"column":79}},"34":{"start":{"line":108,"column":6},"end":{"line":108,"column":65}},"35":{"start":{"line":111,"column":6},"end":{"line":123,"column":9}},"36":{"start":{"line":112,"column":8},"end":{"line":122,"column":9}},"37":{"start":{"line":113,"column":10},"end":{"line":113,"column":51}},"38":{"start":{"line":115,"column":10},"end":{"line":115,"column":73}},"39":{"start":{"line":118,"column":31},"end":{"line":118,"column":80}},"40":{"start":{"line":119,"column":10},"end":{"line":121,"column":11}},"41":{"start":{"line":120,"column":12},"end":{"line":120,"column":55}},"42":{"start":{"line":126,"column":6},"end":{"line":126,"column":47}},"43":{"start":{"line":128,"column":6},"end":{"line":128,"column":60}},"44":{"start":{"line":129,"column":6},"end":{"line":129,"column":62}},"45":{"start":{"line":137,"column":2},"end":{"line":163,"column":5}},"46":{"start":{"line":138,"column":4},"end":{"line":162,"column":5}},"47":{"start":{"line":139,"column":58},"end":{"line":139,"column":67}},"48":{"start":{"line":142,"column":21},"end":{"line":142,"column":23}},"49":{"start":{"line":143,"column":6},"end":{"line":143,"column":41}},"50":{"start":{"line":143,"column":18},"end":{"line":143,"column":41}},"51":{"start":{"line":144,"column":6},"end":{"line":144,"column":50}},"52":{"start":{"line":144,"column":21},"end":{"line":144,"column":50}},"53":{"start":{"line":146,"column":21},"end":{"line":149,"column":29}},"54":{"start":{"line":151,"column":20},"end":{"line":151,"column":61}},"55":{"start":{"line":153,"column":6},"end":{"line":158,"column":9}},"56":{"start":{"line":157,"column":30},"end":{"line":157,"column":44}},"57":{"start":{"line":160,"column":6},"end":{"line":160,"column":56}},"58":{"start":{"line":161,"column":6},"end":{"line":161,"column":53}},"59":{"start":{"line":169,"column":2},"end":{"line":190,"column":5}},"60":{"start":{"line":170,"column":4},"end":{"line":189,"column":5}},"61":{"start":{"line":171,"column":26},"end":{"line":171,"column":36}},"62":{"start":{"line":173,"column":20},"end":{"line":173,"column":59}},"63":{"start":{"line":175,"column":6},"end":{"line":177,"column":7}},"64":{"start":{"line":176,"column":8},"end":{"line":176,"column":66}},"65":{"start":{"line":179,"column":6},"end":{"line":185,"column":9}},"66":{"start":{"line":187,"column":6},"end":{"line":187,"column":54}},"67":{"start":{"line":188,"column":6},"end":{"line":188,"column":53}},"68":{"start":{"line":196,"column":2},"end":{"line":242,"column":5}},"69":{"start":{"line":197,"column":4},"end":{"line":241,"column":5}},"70":{"start":{"line":198,"column":26},"end":{"line":198,"column":36}},"71":{"start":{"line":200,"column":27},"end":{"line":200,"column":66}},"72":{"start":{"line":202,"column":6},"end":{"line":204,"column":7}},"73":{"start":{"line":203,"column":8},"end":{"line":203,"column":66}},"74":{"start":{"line":206,"column":6},"end":{"line":211,"column":7}},"75":{"start":{"line":207,"column":8},"end":{"line":210,"column":11}},"76":{"start":{"line":214,"column":20},"end":{"line":221,"column":7}},"77":{"start":{"line":224,"column":6},"end":{"line":224,"column":47}},"78":{"start":{"line":226,"column":6},"end":{"line":230,"column":9}},"79":{"start":{"line":232,"column":6},"end":{"line":232,"column":56}},"80":{"start":{"line":235,"column":27},"end":{"line":235,"column":86}},"81":{"start":{"line":236,"column":6},"end":{"line":238,"column":7}},"82":{"start":{"line":237,"column":8},"end":{"line":237,"column":51}},"83":{"start":{"line":240,"column":6},"end":{"line":240,"column":53}},"84":{"start":{"line":248,"column":2},"end":{"line":260,"column":5}},"85":{"start":{"line":249,"column":4},"end":{"line":259,"column":5}},"86":{"start":{"line":250,"column":20},"end":{"line":250,"column":56}},"87":{"start":{"line":252,"column":6},"end":{"line":255,"column":9}},"88":{"start":{"line":257,"column":6},"end":{"line":257,"column":59}},"89":{"start":{"line":258,"column":6},"end":{"line":258,"column":53}},"90":{"start":{"line":266,"column":2},"end":{"line":288,"column":5}},"91":{"start":{"line":267,"column":4},"end":{"line":287,"column":5}},"92":{"start":{"line":268,"column":6},"end":{"line":268,"column":61}},"93":{"start":{"line":271,"column":6},"end":{"line":278,"column":9}},"94":{"start":{"line":272,"column":8},"end":{"line":277,"column":9}},"95":{"start":{"line":273,"column":10},"end":{"line":273,"column":51}},"96":{"start":{"line":274,"column":10},"end":{"line":274,"column":63}},"97":{"start":{"line":276,"column":10},"end":{"line":276,"column":60}},"98":{"start":{"line":280,"column":6},"end":{"line":283,"column":9}},"99":{"start":{"line":285,"column":6},"end":{"line":285,"column":56}},"100":{"start":{"line":286,"column":6},"end":{"line":286,"column":53}},"101":{"start":{"line":294,"column":2},"end":{"line":318,"column":5}},"102":{"start":{"line":295,"column":4},"end":{"line":317,"column":5}},"103":{"start":{"line":296,"column":39},"end":{"line":296,"column":48}},"104":{"start":{"line":298,"column":27},"end":{"line":301,"column":29}},"105":{"start":{"line":303,"column":20},"end":{"line":303,"column":75}},"106":{"start":{"line":305,"column":6},"end":{"line":313,"column":9}},"107":{"start":{"line":309,"column":37},"end":{"line":312,"column":9}},"108":{"start":{"line":315,"column":6},"end":{"line":315,"column":63}},"109":{"start":{"line":316,"column":6},"end":{"line":316,"column":53}},"110":{"start":{"line":320,"column":2},"end":{"line":320,"column":73}},"111":{"start":{"line":320,"column":38},"end":{"line":320,"column":71}},"112":{"start":{"line":321,"column":2},"end":{"line":321,"column":75}},"113":{"start":{"line":321,"column":40},"end":{"line":321,"column":73}},"114":{"start":{"line":324,"column":0},"end":{"line":324,"column":24}}},"fnMap":{"0":{"name":"(anonymous_0)","decl":{"start":{"line":30,"column":31},"end":{"line":30,"column":32}},"loc":{"start":{"line":30,"column":51},"end":{"line":49,"column":1}},"line":30},"1":{"name":"(anonymous_1)","decl":{"start":{"line":55,"column":30},"end":{"line":55,"column":31}},"loc":{"start":{"line":55,"column":50},"end":{"line":74,"column":1}},"line":55},"2":{"name":"(anonymous_2)","decl":{"start":{"line":78,"column":37},"end":{"line":78,"column":38}},"loc":{"start":{"line":78,"column":46},"end":{"line":81,"column":2}},"line":78},"3":{"name":"(anonymous_3)","decl":{"start":{"line":88,"column":40},"end":{"line":88,"column":41}},"loc":{"start":{"line":88,"column":60},"end":{"line":131,"column":3}},"line":88},"4":{"name":"(anonymous_4)","decl":{"start":{"line":111,"column":23},"end":{"line":111,"column":24}},"loc":{"start":{"line":111,"column":35},"end":{"line":123,"column":7}},"line":111},"5":{"name":"(anonymous_5)","decl":{"start":{"line":137,"column":31},"end":{"line":137,"column":32}},"loc":{"start":{"line":137,"column":51},"end":{"line":163,"column":3}},"line":137},"6":{"name":"(anonymous_6)","decl":{"start":{"line":157,"column":25},"end":{"line":157,"column":26}},"loc":{"start":{"line":157,"column":30},"end":{"line":157,"column":44}},"line":157},"7":{"name":"(anonymous_7)","decl":{"start":{"line":169,"column":40},"end":{"line":169,"column":41}},"loc":{"start":{"line":169,"column":60},"end":{"line":190,"column":3}},"line":169},"8":{"name":"(anonymous_8)","decl":{"start":{"line":196,"column":47},"end":{"line":196,"column":48}},"loc":{"start":{"line":196,"column":67},"end":{"line":242,"column":3}},"line":196},"9":{"name":"(anonymous_9)","decl":{"start":{"line":248,"column":30},"end":{"line":248,"column":31}},"loc":{"start":{"line":248,"column":50},"end":{"line":260,"column":3}},"line":248},"10":{"name":"(anonymous_10)","decl":{"start":{"line":266,"column":38},"end":{"line":266,"column":39}},"loc":{"start":{"line":266,"column":58},"end":{"line":288,"column":3}},"line":266},"11":{"name":"(anonymous_11)","decl":{"start":{"line":271,"column":23},"end":{"line":271,"column":24}},"loc":{"start":{"line":271,"column":35},"end":{"line":278,"column":7}},"line":271},"12":{"name":"(anonymous_12)","decl":{"start":{"line":294,"column":38},"end":{"line":294,"column":39}},"loc":{"start":{"line":294,"column":58},"end":{"line":318,"column":3}},"line":294},"13":{"name":"(anonymous_13)","decl":{"start":{"line":309,"column":31},"end":{"line":309,"column":32}},"loc":{"start":{"line":309,"column":37},"end":{"line":312,"column":9}},"line":309},"14":{"name":"(anonymous_14)","decl":{"start":{"line":320,"column":24},"end":{"line":320,"column":25}},"loc":{"start":{"line":320,"column":38},"end":{"line":320,"column":71}},"line":320},"15":{"name":"(anonymous_15)","decl":{"start":{"line":321,"column":26},"end":{"line":321,"column":27}},"loc":{"start":{"line":321,"column":40},"end":{"line":321,"column":73}},"line":321}},"branchMap":{"0":{"loc":{"start":{"line":83,"column":0},"end":{"line":322,"column":1}},"type":"if","locations":[{"start":{"line":83,"column":0},"end":{"line":322,"column":1}},{"start":{"line":319,"column":7},"end":{"line":322,"column":1}}],"line":83},"1":{"loc":{"start":{"line":94,"column":6},"end":{"line":94,"column":69}},"type":"cond-expr","locations":[{"start":{"line":94,"column":36},"end":{"line":94,"column":43}},{"start":{"line":94,"column":46},"end":{"line":94,"column":69}}],"line":94},"2":{"loc":{"start":{"line":99,"column":4},"end":{"line":102,"column":5}},"type":"if","locations":[{"start":{"line":99,"column":4},"end":{"line":102,"column":5}},{"start":{},"end":{}}],"line":99},"3":{"loc":{"start":{"line":106,"column":20},"end":{"line":106,"column":79}},"type":"cond-expr","locations":[{"start":{"line":106,"column":50},"end":{"line":106,"column":69}},{"start":{"line":106,"column":72},"end":{"line":106,"column":79}}],"line":106},"4":{"loc":{"start":{"line":119,"column":10},"end":{"line":121,"column":11}},"type":"if","locations":[{"start":{"line":119,"column":10},"end":{"line":121,"column":11}},{"start":{},"end":{}}],"line":119},"5":{"loc":{"start":{"line":139,"column":33},"end":{"line":139,"column":43}},"type":"default-arg","locations":[{"start":{"line":139,"column":41},"end":{"line":139,"column":43}}],"line":139},"6":{"loc":{"start":{"line":139,"column":45},"end":{"line":139,"column":53}},"type":"default-arg","locations":[{"start":{"line":139,"column":52},"end":{"line":139,"column":53}}],"line":139},"7":{"loc":{"start":{"line":143,"column":6},"end":{"line":143,"column":41}},"type":"if","locations":[{"start":{"line":143,"column":6},"end":{"line":143,"column":41}},{"start":{},"end":{}}],"line":143},"8":{"loc":{"start":{"line":144,"column":6},"end":{"line":144,"column":50}},"type":"if","locations":[{"start":{"line":144,"column":6},"end":{"line":144,"column":50}},{"start":{},"end":{}}],"line":144},"9":{"loc":{"start":{"line":175,"column":6},"end":{"line":177,"column":7}},"type":"if","locations":[{"start":{"line":175,"column":6},"end":{"line":177,"column":7}},{"start":{},"end":{}}],"line":175},"10":{"loc":{"start":{"line":202,"column":6},"end":{"line":204,"column":7}},"type":"if","locations":[{"start":{"line":202,"column":6},"end":{"line":204,"column":7}},{"start":{},"end":{}}],"line":202},"11":{"loc":{"start":{"line":206,"column":6},"end":{"line":211,"column":7}},"type":"if","locations":[{"start":{"line":206,"column":6},"end":{"line":211,"column":7}},{"start":{},"end":{}}],"line":206},"12":{"loc":{"start":{"line":236,"column":6},"end":{"line":238,"column":7}},"type":"if","locations":[{"start":{"line":236,"column":6},"end":{"line":238,"column":7}},{"start":{},"end":{}}],"line":236},"13":{"loc":{"start":{"line":296,"column":14},"end":{"line":296,"column":24}},"type":"default-arg","locations":[{"start":{"line":296,"column":22},"end":{"line":296,"column":24}}],"line":296},"14":{"loc":{"start":{"line":296,"column":26},"end":{"line":296,"column":34}},"type":"default-arg","locations":[{"start":{"line":296,"column":33},"end":{"line":296,"column":34}}],"line":296}},"s":{"0":1,"1":1,"2":1,"3":1,"4":1,"5":1,"6":0,"7":1,"8":1,"9":1,"10":1,"11":0,"12":0,"13":0,"14":0,"15":0,"16":1,"17":0,"18":0,"19":0,"20":0,"21":0,"22":1,"23":0,"24":1,"25":0,"26":0,"27":0,"28":0,"29":0,"30":0,"31":0,"32":0,"33":0,"34":0,"35":0,"36":0,"37":0,"38":0,"39":0,"40":0,"41":0,"42":0,"43":0,"44":0,"45":0,"46":0,"47":0,"48":0,"49":0,"50":0,"51":0,"52":0,"53":0,"54":0,"55":0,"56":0,"57":0,"58":0,"59":0,"60":0,"61":0,"62":0,"63":0,"64":0,"65":0,"66":0,"67":0,"68":0,"69":0,"70":0,"71":0,"72":0,"73":0,"74":0,"75":0,"76":0,"77":0,"78":0,"79":0,"80":0,"81":0,"82":0,"83":0,"84":0,"85":0,"86":0,"87":0,"88":0,"89":0,"90":0,"91":0,"92":0,"93":0,"94":0,"95":0,"96":0,"97":0,"98":0,"99":0,"100":0,"101":0,"102":0,"103":0,"104":0,"105":0,"106":0,"107":0,"108":0,"109":0,"110":1,"111":0,"112":1,"113":0,"114":1},"f":{"0":0,"1":0,"2":0,"3":0,"4":0,"5":0,"6":0,"7":0,"8":0,"9":0,"10":0,"11":0,"12":0,"13":0,"14":0,"15":0},"b":{"0":[0,1],"1":[0,0],"2":[0,0],"3":[0,0],"4":[0,0],"5":[0],"6":[0],"7":[0,0],"8":[0,0],"9":[0,0],"10":[0,0],"11":[0,0],"12":[0,0],"13":[0],"14":[0]},"_coverageSchema":"1a1c01bbd47fc00a2c39e90264f33305004495a9","hash":"01366599bc10816d6ebe98028d549fd8072493d1"}
,"/home/runner/work/quickbooks-payments-flow/quickbooks-payments-flow/src/services/payment.service.js": {"path":"/home/runner/work/quickbooks-payments-flow/quickbooks-payments-flow/src/services/payment.service.js","statementMap":{"0":{"start":{"line":1,"column":23},"end":{"line":1,"column":38}},"1":{"start":{"line":2,"column":15},"end":{"line":2,"column":41}},"2":{"start":{"line":3,"column":18},"end":{"line":3,"column":49}},"3":{"start":{"line":4,"column":21},"end":{"line":4,"column":55}},"4":{"start":{"line":6,"column":20},"end":{"line":6,"column":65}},"5":{"start":{"line":7,"column":20},"end":{"line":7,"column":64}},"6":{"start":{"line":11,"column":4},"end":{"line":11,"column":43}},"7":{"start":{"line":15,"column":26},"end":{"line":15,"column":70}},"8":{"start":{"line":16,"column":26},"end":{"line":16,"column":70}},"9":{"start":{"line":17,"column":32},"end":{"line":19,"column":21}},"10":{"start":{"line":21,"column":4},"end":{"line":27,"column":6}},"11":{"start":{"line":31,"column":22},"end":{"line":31,"column":30}},"12":{"start":{"line":33,"column":4},"end":{"line":49,"column":5}},"13":{"start":{"line":34,"column":6},"end":{"line":34,"column":94}},"14":{"start":{"line":36,"column":22},"end":{"line":42,"column":7}},"15":{"start":{"line":44,"column":6},"end":{"line":44,"column":38}},"16":{"start":{"line":45,"column":6},"end":{"line":45,"column":21}},"17":{"start":{"line":47,"column":6},"end":{"line":47,"column":97}},"18":{"start":{"line":48,"column":6},"end":{"line":48,"column":18}},"19":{"start":{"line":55,"column":4},"end":{"line":80,"column":5}},"20":{"start":{"line":55,"column":23},"end":{"line":55,"column":24}},"21":{"start":{"line":56,"column":6},"end":{"line":79,"column":7}},"22":{"start":{"line":57,"column":8},"end":{"line":57,"column":104}},"23":{"start":{"line":59,"column":23},"end":{"line":59,"column":76}},"24":{"start":{"line":61,"column":24},"end":{"line":61,"column":56}},"25":{"start":{"line":62,"column":8},"end":{"line":62,"column":37}},"26":{"start":{"line":63,"column":8},"end":{"line":63,"column":40}},"27":{"start":{"line":64,"column":8},"end":{"line":64,"column":39}},"28":{"start":{"line":65,"column":8},"end":{"line":65,"column":40}},"29":{"start":{"line":67,"column":8},"end":{"line":67,"column":22}},"30":{"start":{"line":69,"column":8},"end":{"line":69,"column":26}},"31":{"start":{"line":70,"column":8},"end":{"line":74,"column":11}},"32":{"start":{"line":76,"column":8},"end":{"line":78,"column":9}},"33":{"start":{"line":77,"column":10},"end":{"line":77,"column":83}},"34":{"start":{"line":77,"column":39},"end":{"line":77,"column":81}},"35":{"start":{"line":82,"column":20},"end":{"line":82,"column":52}},"36":{"start":{"line":83,"column":4},"end":{"line":83,"column":30}},"37":{"start":{"line":84,"column":4},"end":{"line":84,"column":38}},"38":{"start":{"line":85,"column":4},"end":{"line":85,"column":35}},"39":{"start":{"line":86,"column":4},"end":{"line":86,"column":36}},"40":{"start":{"line":88,"column":4},"end":{"line":92,"column":7}},"41":{"start":{"line":93,"column":4},"end":{"line":93,"column":20}},"42":{"start":{"line":97,"column":4},"end":{"line":113,"column":5}},"43":{"start":{"line":98,"column":22},"end":{"line":98,"column":54}},"44":{"start":{"line":100,"column":6},"end":{"line":102,"column":7}},"45":{"start":{"line":101,"column":8},"end":{"line":101,"column":59}},"46":{"start":{"line":104,"column":6},"end":{"line":107,"column":7}},"47":{"start":{"line":105,"column":25},"end":{"line":105,"column":89}},"48":{"start":{"line":106,"column":8},"end":{"line":106,"column":36}},"49":{"start":{"line":109,"column":6},"end":{"line":109,"column":21}},"50":{"start":{"line":111,"column":6},"end":{"line":111,"column":99}},"51":{"start":{"line":112,"column":6},"end":{"line":112,"column":18}},"52":{"start":{"line":117,"column":4},"end":{"line":140,"column":5}},"53":{"start":{"line":118,"column":6},"end":{"line":118,"column":73}},"54":{"start":{"line":120,"column":22},"end":{"line":120,"column":54}},"55":{"start":{"line":122,"column":6},"end":{"line":124,"column":7}},"56":{"start":{"line":123,"column":8},"end":{"line":123,"column":69}},"57":{"start":{"line":126,"column":27},"end":{"line":128,"column":19}},"58":{"start":{"line":130,"column":6},"end":{"line":130,"column":41}},"59":{"start":{"line":131,"column":6},"end":{"line":131,"column":54}},"60":{"start":{"line":132,"column":6},"end":{"line":132,"column":41}},"61":{"start":{"line":133,"column":6},"end":{"line":133,"column":37}},"62":{"start":{"line":134,"column":6},"end":{"line":134,"column":38}},"63":{"start":{"line":136,"column":6},"end":{"line":136,"column":26}},"64":{"start":{"line":138,"column":6},"end":{"line":138,"column":95}},"65":{"start":{"line":139,"column":6},"end":{"line":139,"column":18}},"66":{"start":{"line":144,"column":0},"end":{"line":144,"column":38}}},"fnMap":{"0":{"name":"(anonymous_0)","decl":{"start":{"line":10,"column":2},"end":{"line":10,"column":3}},"loc":{"start":{"line":10,"column":16},"end":{"line":12,"column":3}},"line":10},"1":{"name":"(anonymous_1)","decl":{"start":{"line":14,"column":2},"end":{"line":14,"column":3}},"loc":{"start":{"line":14,"column":40},"end":{"line":28,"column":3}},"line":14},"2":{"name":"(anonymous_2)","decl":{"start":{"line":30,"column":2},"end":{"line":30,"column":3}},"loc":{"start":{"line":30,"column":48},"end":{"line":50,"column":3}},"line":30},"3":{"name":"(anonymous_3)","decl":{"start":{"line":52,"column":2},"end":{"line":52,"column":3}},"loc":{"start":{"line":52,"column":67},"end":{"line":94,"column":3}},"line":52},"4":{"name":"(anonymous_4)","decl":{"start":{"line":77,"column":28},"end":{"line":77,"column":29}},"loc":{"start":{"line":77,"column":39},"end":{"line":77,"column":81}},"line":77},"5":{"name":"(anonymous_5)","decl":{"start":{"line":96,"column":2},"end":{"line":96,"column":3}},"loc":{"start":{"line":96,"column":47},"end":{"line":114,"column":3}},"line":96},"6":{"name":"(anonymous_6)","decl":{"start":{"line":116,"column":2},"end":{"line":116,"column":3}},"loc":{"start":{"line":116,"column":52},"end":{"line":141,"column":3}},"line":116}},"branchMap":{"0":{"loc":{"start":{"line":6,"column":29},"end":{"line":6,"column":64}},"type":"binary-expr","locations":[{"start":{"line":6,"column":29},"end":{"line":6,"column":59}},{"start":{"line":6,"column":63},"end":{"line":6,"column":64}}],"line":6},"1":{"loc":{"start":{"line":7,"column":29},"end":{"line":7,"column":63}},"type":"binary-expr","locations":[{"start":{"line":7,"column":29},"end":{"line":7,"column":55}},{"start":{"line":7,"column":59},"end":{"line":7,"column":63}}],"line":7},"2":{"loc":{"start":{"line":17,"column":32},"end":{"line":19,"column":21}},"type":"cond-expr","locations":[{"start":{"line":18,"column":8},"end":{"line":18,"column":40}},{"start":{"line":19,"column":8},"end":{"line":19,"column":21}}],"line":17},"3":{"loc":{"start":{"line":76,"column":8},"end":{"line":78,"column":9}},"type":"if","locations":[{"start":{"line":76,"column":8},"end":{"line":78,"column":9}},{"start":{},"end":{}}],"line":76},"4":{"loc":{"start":{"line":100,"column":6},"end":{"line":102,"column":7}},"type":"if","locations":[{"start":{"line":100,"column":6},"end":{"line":102,"column":7}},{"start":{},"end":{}}],"line":100},"5":{"loc":{"start":{"line":104,"column":6},"end":{"line":107,"column":7}},"type":"if","locations":[{"start":{"line":104,"column":6},"end":{"line":107,"column":7}},{"start":{},"end":{}}],"line":104},"6":{"loc":{"start":{"line":122,"column":6},"end":{"line":124,"column":7}},"type":"if","locations":[{"start":{"line":122,"column":6},"end":{"line":124,"column":7}},{"start":{},"end":{}}],"line":122},"7":{"loc":{"start":{"line":122,"column":10},"end":{"line":122,"column":42}},"type":"binary-expr","locations":[{"start":{"line":122,"column":10},"end":{"line":122,"column":18}},{"start":{"line":122,"column":22},"end":{"line":122,"column":42}}],"line":122},"8":{"loc":{"start":{"line":127,"column":16},"end":{"line":127,"column":40}},"type":"binary-expr","locations":[{"start":{"line":127,"column":16},"end":{"line":127,"column":22}},{"start":{"line":127,"column":26},"end":{"line":127,"column":40}}],"line":127},"9":{"loc":{"start":{"line":131,"column":29},"end":{"line":131,"column":53}},"type":"binary-expr","locations":[{"start":{"line":131,"column":29},"end":{"line":131,"column":35}},{"start":{"line":131,"column":39},"end":{"line":131,"column":53}}],"line":131}},"s":{"0":1,"1":1,"2":1,"3":1,"4":1,"5":1,"6":1,"7":2,"8":2,"9":2,"10":2,"11":2,"12":2,"13":2,"14":2,"15":2,"16":2,"17":0,"18":0,"19":0,"20":0,"21":0,"22":0,"23":0,"24":0,"25":0,"26":0,"27":0,"28":0,"29":0,"30":0,"31":0,"32":0,"33":0,"34":0,"35":0,"36":0,"37":0,"38":0,"39":0,"40":0,"41":0,"42":2,"43":2,"44":2,"45":1,"46":1,"47":0,"48":0,"49":1,"50":1,"51":1,"52":0,"53":0,"54":0,"55":0,"56":0,"57":0,"58":0,"59":0,"60":0,"61":0,"62":0,"63":0,"64":0,"65":0,"66":1},"f":{"0":1,"1":2,"2":2,"3":0,"4":0,"5":2,"6":0},"b":{"0":[1,1],"1":[1,1],"2":[2,0],"3":[0,0],"4":[1,1],"5":[0,1],"6":[0,0],"7":[0,0],"8":[0,0],"9":[0,0]},"_coverageSchema":"1a1c01bbd47fc00a2c39e90264f33305004495a9","hash":"3dfd3124dfbacb9cefb7329c1f73716c3f90e30e"}
,"/home/runner/work/quickbooks-payments-flow/quickbooks-payments-flow/src/services/quickbooks.service.js": {"path":"/home/runner/work/quickbooks-payments-flow/quickbooks-payments-flow/src/services/quickbooks.service.js","statementMap":{"0":{"start":{"line":1,"column":14},"end":{"line":1,"column":30}},"1":{"start":{"line":2,"column":15},"end":{"line":2,"column":41}},"2":{"start":{"line":3,"column":17},"end":{"line":3,"column":48}},"3":{"start":{"line":7,"column":4},"end":{"line":11,"column":7}},"4":{"start":{"line":15,"column":4},"end":{"line":37,"column":5}},"5":{"start":{"line":16,"column":6},"end":{"line":16,"column":71}},"6":{"start":{"line":18,"column":23},"end":{"line":26,"column":7}},"7":{"start":{"line":28,"column":6},"end":{"line":31,"column":9}},"8":{"start":{"line":32,"column":6},"end":{"line":32,"column":84}},"9":{"start":{"line":33,"column":6},"end":{"line":33,"column":27}},"10":{"start":{"line":35,"column":6},"end":{"line":35,"column":81}},"11":{"start":{"line":36,"column":6},"end":{"line":36,"column":46}},"12":{"start":{"line":41,"column":4},"end":{"line":53,"column":5}},"13":{"start":{"line":42,"column":6},"end":{"line":42,"column":62}},"14":{"start":{"line":44,"column":18},"end":{"line":44,"column":57}},"15":{"start":{"line":45,"column":23},"end":{"line":47,"column":8}},"16":{"start":{"line":49,"column":6},"end":{"line":49,"column":27}},"17":{"start":{"line":51,"column":6},"end":{"line":51,"column":70}},"18":{"start":{"line":52,"column":6},"end":{"line":52,"column":18}},"19":{"start":{"line":57,"column":4},"end":{"line":78,"column":5}},"20":{"start":{"line":58,"column":6},"end":{"line":58,"column":103}},"21":{"start":{"line":60,"column":18},"end":{"line":60,"column":56}},"22":{"start":{"line":61,"column":23},"end":{"line":64,"column":8}},"23":{"start":{"line":66,"column":6},"end":{"line":70,"column":9}},"24":{"start":{"line":71,"column":6},"end":{"line":71,"column":27}},"25":{"start":{"line":73,"column":6},"end":{"line":76,"column":9}},"26":{"start":{"line":77,"column":6},"end":{"line":77,"column":18}},"27":{"start":{"line":82,"column":4},"end":{"line":99,"column":5}},"28":{"start":{"line":83,"column":6},"end":{"line":83,"column":71}},"29":{"start":{"line":85,"column":18},"end":{"line":85,"column":69}},"30":{"start":{"line":86,"column":23},"end":{"line":88,"column":8}},"31":{"start":{"line":90,"column":6},"end":{"line":94,"column":9}},"32":{"start":{"line":95,"column":6},"end":{"line":95,"column":27}},"33":{"start":{"line":97,"column":6},"end":{"line":97,"column":92}},"34":{"start":{"line":98,"column":6},"end":{"line":98,"column":18}},"35":{"start":{"line":103,"column":4},"end":{"line":121,"column":5}},"36":{"start":{"line":104,"column":6},"end":{"line":104,"column":65}},"37":{"start":{"line":106,"column":18},"end":{"line":106,"column":77}},"38":{"start":{"line":107,"column":23},"end":{"line":109,"column":8}},"39":{"start":{"line":111,"column":6},"end":{"line":116,"column":9}},"40":{"start":{"line":117,"column":6},"end":{"line":117,"column":27}},"41":{"start":{"line":119,"column":6},"end":{"line":119,"column":86}},"42":{"start":{"line":120,"column":6},"end":{"line":120,"column":18}},"43":{"start":{"line":125,"column":0},"end":{"line":125,"column":41}}},"fnMap":{"0":{"name":"(anonymous_0)","decl":{"start":{"line":6,"column":2},"end":{"line":6,"column":3}},"loc":{"start":{"line":6,"column":46},"end":{"line":12,"column":3}},"line":6},"1":{"name":"(anonymous_1)","decl":{"start":{"line":14,"column":2},"end":{"line":14,"column":3}},"loc":{"start":{"line":14,"column":52},"end":{"line":38,"column":3}},"line":14},"2":{"name":"(anonymous_2)","decl":{"start":{"line":40,"column":2},"end":{"line":40,"column":3}},"loc":{"start":{"line":40,"column":28},"end":{"line":54,"column":3}},"line":40},"3":{"name":"(anonymous_3)","decl":{"start":{"line":56,"column":2},"end":{"line":56,"column":3}},"loc":{"start":{"line":56,"column":46},"end":{"line":79,"column":3}},"line":56},"4":{"name":"(anonymous_4)","decl":{"start":{"line":81,"column":2},"end":{"line":81,"column":3}},"loc":{"start":{"line":81,"column":47},"end":{"line":100,"column":3}},"line":81},"5":{"name":"(anonymous_5)","decl":{"start":{"line":102,"column":2},"end":{"line":102,"column":3}},"loc":{"start":{"line":102,"column":56},"end":{"line":122,"column":3}},"line":102}},"branchMap":{"0":{"loc":{"start":{"line":6,"column":32},"end":{"line":6,"column":44}},"type":"default-arg","locations":[{"start":{"line":6,"column":42},"end":{"line":6,"column":44}}],"line":6},"1":{"loc":{"start":{"line":63,"column":26},"end":{"line":63,"column":65}},"type":"binary-expr","locations":[{"start":{"line":63,"column":26},"end":{"line":63,"column":56}},{"start":{"line":63,"column":60},"end":{"line":63,"column":65}}],"line":63}},"s":{"0":1,"1":1,"2":1,"3":0,"4":0,"5":0,"6":0,"7":0,"8":0,"9":0,"10":0,"11":0,"12":0,"13":0,"14":0,"15":0,"16":0,"17":0,"18":0,"19":0,"20":0,"21":0,"22":0,"23":0,"24":0,"25":0,"26":0,"27":0,"28":0,"29":0,"30":0,"31":0,"32":0,"33":0,"34":0,"35":0,"36":0,"37":0,"38":0,"39":0,"40":0,"41":0,"42":0,"43":1},"f":{"0":0,"1":0,"2":0,"3":0,"4":0,"5":0},"b":{"0":[0],"1":[0,0]},"_coverageSchema":"1a1c01bbd47fc00a2c39e90264f33305004495a9","hash":"4e7adbb69bc46b07dbaabae684340487cea5490d"}
,"/home/runner/work/quickbooks-payments-flow/quickbooks-payments-flow/src/services/webhook.service.js": {"path":"/home/runner/work/quickbooks-payments-flow/quickbooks-payments-flow/src/services/webhook.service.js","statementMap":{"0":{"start":{"line":5,"column":15},"end":{"line":5,"column":32}},"1":{"start":{"line":6,"column":15},"end":{"line":6,"column":41}},"2":{"start":{"line":7,"column":21},"end":{"line":7,"column":54}},"3":{"start":{"line":8,"column":21},"end":{"line":8,"column":54}},"4":{"start":{"line":9,"column":13},"end":{"line":9,"column":38}},"5":{"start":{"line":19,"column":4},"end":{"line":44,"column":5}},"6":{"start":{"line":20,"column":41},"end":{"line":20,"column":93}},"7":{"start":{"line":20,"column":74},"end":{"line":20,"column":92}},"8":{"start":{"line":23,"column":30},"end":{"line":23,"column":49}},"9":{"start":{"line":24,"column":26},"end":{"line":24,"column":55}},"10":{"start":{"line":25,"column":29},"end":{"line":25,"column":68}},"11":{"start":{"line":27,"column":6},"end":{"line":30,"column":7}},"12":{"start":{"line":28,"column":8},"end":{"line":28,"column":73}},"13":{"start":{"line":29,"column":8},"end":{"line":29,"column":21}},"14":{"start":{"line":33,"column":22},"end":{"line":33,"column":44}},"15":{"start":{"line":34,"column":32},"end":{"line":37,"column":22}},"16":{"start":{"line":39,"column":6},"end":{"line":39,"column":49}},"17":{"start":{"line":42,"column":6},"end":{"line":42,"column":67}},"18":{"start":{"line":43,"column":6},"end":{"line":43,"column":19}},"19":{"start":{"line":51,"column":4},"end":{"line":82,"column":5}},"20":{"start":{"line":52,"column":37},"end":{"line":52,"column":47}},"21":{"start":{"line":54,"column":6},"end":{"line":54,"column":67}},"22":{"start":{"line":57,"column":19},"end":{"line":57,"column":63}},"23":{"start":{"line":59,"column":6},"end":{"line":62,"column":7}},"24":{"start":{"line":60,"column":8},"end":{"line":60,"column":74}},"25":{"start":{"line":61,"column":8},"end":{"line":61,"column":15}},"26":{"start":{"line":65,"column":19},"end":{"line":65,"column":74}},"27":{"start":{"line":67,"column":6},"end":{"line":74,"column":7}},"28":{"start":{"line":68,"column":8},"end":{"line":68,"column":75}},"29":{"start":{"line":70,"column":8},"end":{"line":70,"column":36}},"30":{"start":{"line":71,"column":8},"end":{"line":71,"column":27}},"31":{"start":{"line":72,"column":8},"end":{"line":72,"column":43}},"32":{"start":{"line":73,"column":8},"end":{"line":73,"column":28}},"33":{"start":{"line":76,"column":6},"end":{"line":76,"column":67}},"34":{"start":{"line":77,"column":6},"end":{"line":77,"column":20}},"35":{"start":{"line":80,"column":6},"end":{"line":80,"column":69}},"36":{"start":{"line":81,"column":6},"end":{"line":81,"column":18}},"37":{"start":{"line":89,"column":4},"end":{"line":123,"column":5}},"38":{"start":{"line":90,"column":37},"end":{"line":90,"column":47}},"39":{"start":{"line":92,"column":6},"end":{"line":92,"column":64}},"40":{"start":{"line":94,"column":19},"end":{"line":94,"column":63}},"41":{"start":{"line":96,"column":6},"end":{"line":99,"column":7}},"42":{"start":{"line":97,"column":8},"end":{"line":97,"column":74}},"43":{"start":{"line":98,"column":8},"end":{"line":98,"column":15}},"44":{"start":{"line":101,"column":19},"end":{"line":101,"column":74}},"45":{"start":{"line":103,"column":6},"end":{"line":115,"column":7}},"46":{"start":{"line":104,"column":8},"end":{"line":104,"column":75}},"47":{"start":{"line":106,"column":8},"end":{"line":106,"column":33}},"48":{"start":{"line":107,"column":8},"end":{"line":107,"column":28}},"49":{"start":{"line":108,"column":8},"end":{"line":112,"column":10}},"50":{"start":{"line":113,"column":8},"end":{"line":113,"column":43}},"51":{"start":{"line":114,"column":8},"end":{"line":114,"column":28}},"52":{"start":{"line":117,"column":6},"end":{"line":117,"column":64}},"53":{"start":{"line":118,"column":6},"end":{"line":118,"column":20}},"54":{"start":{"line":121,"column":6},"end":{"line":121,"column":66}},"55":{"start":{"line":122,"column":6},"end":{"line":122,"column":18}},"56":{"start":{"line":130,"column":4},"end":{"line":167,"column":5}},"57":{"start":{"line":131,"column":37},"end":{"line":131,"column":47}},"58":{"start":{"line":133,"column":6},"end":{"line":133,"column":66}},"59":{"start":{"line":135,"column":21},"end":{"line":135,"column":76}},"60":{"start":{"line":137,"column":6},"end":{"line":140,"column":7}},"61":{"start":{"line":138,"column":8},"end":{"line":138,"column":58}},"62":{"start":{"line":139,"column":8},"end":{"line":139,"column":15}},"63":{"start":{"line":143,"column":6},"end":{"line":159,"column":7}},"64":{"start":{"line":144,"column":8},"end":{"line":144,"column":31}},"65":{"start":{"line":145,"column":8},"end":{"line":145,"column":59}},"66":{"start":{"line":148,"column":8},"end":{"line":156,"column":9}},"67":{"start":{"line":149,"column":10},"end":{"line":155,"column":13}},"68":{"start":{"line":158,"column":8},"end":{"line":158,"column":28}},"69":{"start":{"line":161,"column":6},"end":{"line":161,"column":66}},"70":{"start":{"line":162,"column":6},"end":{"line":162,"column":20}},"71":{"start":{"line":165,"column":6},"end":{"line":165,"column":68}},"72":{"start":{"line":166,"column":6},"end":{"line":166,"column":18}},"73":{"start":{"line":174,"column":4},"end":{"line":201,"column":5}},"74":{"start":{"line":175,"column":39},"end":{"line":175,"column":49}},"75":{"start":{"line":177,"column":6},"end":{"line":177,"column":69}},"76":{"start":{"line":179,"column":19},"end":{"line":179,"column":63}},"77":{"start":{"line":181,"column":6},"end":{"line":193,"column":7}},"78":{"start":{"line":183,"column":8},"end":{"line":183,"column":47}},"79":{"start":{"line":183,"column":28},"end":{"line":183,"column":47}},"80":{"start":{"line":184,"column":8},"end":{"line":184,"column":67}},"81":{"start":{"line":184,"column":38},"end":{"line":184,"column":67}},"82":{"start":{"line":186,"column":8},"end":{"line":190,"column":11}},"83":{"start":{"line":192,"column":8},"end":{"line":192,"column":26}},"84":{"start":{"line":195,"column":6},"end":{"line":195,"column":69}},"85":{"start":{"line":196,"column":6},"end":{"line":196,"column":26}},"86":{"start":{"line":199,"column":6},"end":{"line":199,"column":69}},"87":{"start":{"line":200,"column":6},"end":{"line":200,"column":18}},"88":{"start":{"line":208,"column":4},"end":{"line":229,"column":5}},"89":{"start":{"line":209,"column":38},"end":{"line":209,"column":48}},"90":{"start":{"line":211,"column":6},"end":{"line":211,"column":69}},"91":{"start":{"line":213,"column":19},"end":{"line":213,"column":63}},"92":{"start":{"line":215,"column":6},"end":{"line":222,"column":7}},"93":{"start":{"line":217,"column":8},"end":{"line":217,"column":72}},"94":{"start":{"line":218,"column":8},"end":{"line":218,"column":58}},"95":{"start":{"line":219,"column":8},"end":{"line":219,"column":26}},"96":{"start":{"line":221,"column":8},"end":{"line":221,"column":64}},"97":{"start":{"line":224,"column":6},"end":{"line":224,"column":25}},"98":{"start":{"line":227,"column":6},"end":{"line":227,"column":68}},"99":{"start":{"line":228,"column":6},"end":{"line":228,"column":18}},"100":{"start":{"line":236,"column":4},"end":{"line":274,"column":5}},"101":{"start":{"line":237,"column":6},"end":{"line":237,"column":60}},"102":{"start":{"line":240,"column":27},"end":{"line":240,"column":69}},"103":{"start":{"line":244,"column":6},"end":{"line":263,"column":7}},"104":{"start":{"line":246,"column":10},"end":{"line":246,"column":59}},"105":{"start":{"line":247,"column":10},"end":{"line":247,"column":16}},"106":{"start":{"line":249,"column":10},"end":{"line":249,"column":56}},"107":{"start":{"line":250,"column":10},"end":{"line":250,"column":16}},"108":{"start":{"line":252,"column":10},"end":{"line":252,"column":58}},"109":{"start":{"line":253,"column":10},"end":{"line":253,"column":16}},"110":{"start":{"line":255,"column":10},"end":{"line":255,"column":59}},"111":{"start":{"line":256,"column":10},"end":{"line":256,"column":16}},"112":{"start":{"line":258,"column":10},"end":{"line":258,"column":58}},"113":{"start":{"line":259,"column":10},"end":{"line":259,"column":16}},"114":{"start":{"line":261,"column":10},"end":{"line":261,"column":61}},"115":{"start":{"line":262,"column":10},"end":{"line":262,"column":24}},"116":{"start":{"line":266,"column":6},"end":{"line":266,"column":41}},"117":{"start":{"line":268,"column":6},"end":{"line":268,"column":67}},"118":{"start":{"line":269,"column":6},"end":{"line":269,"column":20}},"119":{"start":{"line":272,"column":6},"end":{"line":272,"column":61}},"120":{"start":{"line":273,"column":6},"end":{"line":273,"column":18}},"121":{"start":{"line":281,"column":4},"end":{"line":314,"column":5}},"122":{"start":{"line":282,"column":18},"end":{"line":282,"column":28}},"123":{"start":{"line":283,"column":27},"end":{"line":287,"column":8}},"124":{"start":{"line":289,"column":6},"end":{"line":289,"column":66}},"125":{"start":{"line":291,"column":6},"end":{"line":310,"column":7}},"126":{"start":{"line":292,"column":8},"end":{"line":309,"column":9}},"127":{"start":{"line":294,"column":24},"end":{"line":301,"column":11}},"128":{"start":{"line":304,"column":10},"end":{"line":304,"column":41}},"129":{"start":{"line":307,"column":10},"end":{"line":307,"column":88}},"130":{"start":{"line":308,"column":10},"end":{"line":308,"column":53}},"131":{"start":{"line":313,"column":6},"end":{"line":313,"column":62}},"132":{"start":{"line":321,"column":4},"end":{"line":354,"column":5}},"133":{"start":{"line":322,"column":20},"end":{"line":334,"column":7}},"134":{"start":{"line":337,"column":25},"end":{"line":343,"column":7}},"135":{"start":{"line":345,"column":6},"end":{"line":347,"column":7}},"136":{"start":{"line":346,"column":8},"end":{"line":346,"column":88}},"137":{"start":{"line":349,"column":6},"end":{"line":349,"column":19}},"138":{"start":{"line":352,"column":6},"end":{"line":352,"column":55}},"139":{"start":{"line":353,"column":6},"end":{"line":353,"column":18}},"140":{"start":{"line":358,"column":0},"end":{"line":358,"column":38}}},"fnMap":{"0":{"name":"(anonymous_0)","decl":{"start":{"line":18,"column":2},"end":{"line":18,"column":3}},"loc":{"start":{"line":18,"column":43},"end":{"line":45,"column":3}},"line":18},"1":{"name":"(anonymous_1)","decl":{"start":{"line":20,"column":66},"end":{"line":20,"column":67}},"loc":{"start":{"line":20,"column":74},"end":{"line":20,"column":92}},"line":20},"2":{"name":"(anonymous_2)","decl":{"start":{"line":50,"column":2},"end":{"line":50,"column":3}},"loc":{"start":{"line":50,"column":37},"end":{"line":83,"column":3}},"line":50},"3":{"name":"(anonymous_3)","decl":{"start":{"line":88,"column":2},"end":{"line":88,"column":3}},"loc":{"start":{"line":88,"column":34},"end":{"line":124,"column":3}},"line":88},"4":{"name":"(anonymous_4)","decl":{"start":{"line":129,"column":2},"end":{"line":129,"column":3}},"loc":{"start":{"line":129,"column":36},"end":{"line":168,"column":3}},"line":129},"5":{"name":"(anonymous_5)","decl":{"start":{"line":173,"column":2},"end":{"line":173,"column":3}},"loc":{"start":{"line":173,"column":37},"end":{"line":202,"column":3}},"line":173},"6":{"name":"(anonymous_6)","decl":{"start":{"line":207,"column":2},"end":{"line":207,"column":3}},"loc":{"start":{"line":207,"column":36},"end":{"line":230,"column":3}},"line":207},"7":{"name":"(anonymous_7)","decl":{"start":{"line":235,"column":2},"end":{"line":235,"column":3}},"loc":{"start":{"line":235,"column":28},"end":{"line":275,"column":3}},"line":235},"8":{"name":"(anonymous_8)","decl":{"start":{"line":280,"column":2},"end":{"line":280,"column":3}},"loc":{"start":{"line":280,"column":28},"end":{"line":315,"column":3}},"line":280},"9":{"name":"(anonymous_9)","decl":{"start":{"line":320,"column":2},"end":{"line":320,"column":3}},"loc":{"start":{"line":320,"column":24},"end":{"line":355,"column":3}},"line":320}},"branchMap":{"0":{"loc":{"start":{"line":27,"column":6},"end":{"line":30,"column":7}},"type":"if","locations":[{"start":{"line":27,"column":6},"end":{"line":30,"column":7}},{"start":{},"end":{}}],"line":27},"1":{"loc":{"start":{"line":59,"column":6},"end":{"line":62,"column":7}},"type":"if","locations":[{"start":{"line":59,"column":6},"end":{"line":62,"column":7}},{"start":{},"end":{}}],"line":59},"2":{"loc":{"start":{"line":67,"column":6},"end":{"line":74,"column":7}},"type":"if","locations":[{"start":{"line":67,"column":6},"end":{"line":74,"column":7}},{"start":{"line":69,"column":13},"end":{"line":74,"column":7}}],"line":67},"3":{"loc":{"start":{"line":96,"column":6},"end":{"line":99,"column":7}},"type":"if","locations":[{"start":{"line":96,"column":6},"end":{"line":99,"column":7}},{"start":{},"end":{}}],"line":96},"4":{"loc":{"start":{"line":103,"column":6},"end":{"line":115,"column":7}},"type":"if","locations":[{"start":{"line":103,"column":6},"end":{"line":115,"column":7}},{"start":{"line":105,"column":13},"end":{"line":115,"column":7}}],"line":103},"5":{"loc":{"start":{"line":137,"column":6},"end":{"line":140,"column":7}},"type":"if","locations":[{"start":{"line":137,"column":6},"end":{"line":140,"column":7}},{"start":{},"end":{}}],"line":137},"6":{"loc":{"start":{"line":143,"column":6},"end":{"line":159,"column":7}},"type":"if","locations":[{"start":{"line":143,"column":6},"end":{"line":159,"column":7}},{"start":{},"end":{}}],"line":143},"7":{"loc":{"start":{"line":143,"column":10},"end":{"line":143,"column":69}},"type":"binary-expr","locations":[{"start":{"line":143,"column":10},"end":{"line":143,"column":29}},{"start":{"line":143,"column":33},"end":{"line":143,"column":69}}],"line":143},"8":{"loc":{"start":{"line":181,"column":6},"end":{"line":193,"column":7}},"type":"if","locations":[{"start":{"line":181,"column":6},"end":{"line":193,"column":7}},{"start":{},"end":{}}],"line":181},"9":{"loc":{"start":{"line":183,"column":8},"end":{"line":183,"column":47}},"type":"if","locations":[{"start":{"line":183,"column":8},"end":{"line":183,"column":47}},{"start":{},"end":{}}],"line":183},"10":{"loc":{"start":{"line":184,"column":8},"end":{"line":184,"column":67}},"type":"if","locations":[{"start":{"line":184,"column":8},"end":{"line":184,"column":67}},{"start":{},"end":{}}],"line":184},"11":{"loc":{"start":{"line":215,"column":6},"end":{"line":222,"column":7}},"type":"if","locations":[{"start":{"line":215,"column":6},"end":{"line":222,"column":7}},{"start":{},"end":{}}],"line":215},"12":{"loc":{"start":{"line":244,"column":6},"end":{"line":263,"column":7}},"type":"switch","locations":[{"start":{"line":245,"column":8},"end":{"line":247,"column":16}},{"start":{"line":248,"column":8},"end":{"line":250,"column":16}},{"start":{"line":251,"column":8},"end":{"line":253,"column":16}},{"start":{"line":254,"column":8},"end":{"line":256,"column":16}},{"start":{"line":257,"column":8},"end":{"line":259,"column":16}},{"start":{"line":260,"column":8},"end":{"line":262,"column":24}}],"line":244}},"s":{"0":1,"1":1,"2":1,"3":0,"4":0,"5":0,"6":0,"7":0,"8":0,"9":0,"10":0,"11":0,"12":0,"13":0,"14":0,"15":0,"16":0,"17":0,"18":0,"19":0,"20":0,"21":0,"22":0,"23":0,"24":0,"25":0,"26":0,"27":0,"28":0,"29":0,"30":0,"31":0,"32":0,"33":0,"34":0,"35":0,"36":0,"37":0,"38":0,"39":0,"40":0,"41":0,"42":0,"43":0,"44":0,"45":0,"46":0,"47":0,"48":0,"49":0,"50":0,"51":0,"52":0,"53":0,"54":0,"55":0,"56":0,"57":0,"58":0,"59":0,"60":0,"61":0,"62":0,"63":0,"64":0,"65":0,"66":0,"67":0,"68":0,"69":0,"70":0,"71":0,"72":0,"73":0,"74":0,"75":0,"76":0,"77":0,"78":0,"79":0,"80":0,"81":0,"82":0,"83":0,"84":0,"85":0,"86":0,"87":0,"88":0,"89":0,"90":0,"91":0,"92":0,"93":0,"94":0,"95":0,"96":0,"97":0,"98":0,"99":0,"100":0,"101":0,"102":0,"103":0,"104":0,"105":0,"106":0,"107":0,"108":0,"109":0,"110":0,"111":0,"112":0,"113":0,"114":0,"115":0,"116":0,"117":0,"118":0,"119":0,"120":0,"121":0,"122":0,"123":0,"124":0,"125":0,"126":0,"127":0,"128":0,"129":0,"130":0,"131":0,"132":0,"133":0,"134":0,"135":0,"136":0,"137":0,"138":0,"139":0,"140":0},"f":{"0":0,"1":0,"2":0,"3":0,"4":0,"5":0,"6":0,"7":0,"8":0,"9":0},"b":{"0":[0,0],"1":[0,0],"2":[0,0],"3":[0,0],"4":[0,0],"5":[0,0],"6":[0,0],"7":[0,0],"8":[0,0],"9":[0,0],"10":[0,0],"11":[0,0],"12":[0,0,0,0,0,0]},"_coverageSchema":"1a1c01bbd47fc00a2c39e90264f33305004495a9","hash":"83b3321c1bd975ae9f0cb409ed6ac104ce635945"}
,"/home/runner/work/quickbooks-payments-flow/quickbooks-payments-flow/src/stores/payment.store.js": {"path":"/home/runner/work/quickbooks-payments-flow/quickbooks-payments-flow/src/stores/payment.store.js","statementMap":{"0":{"start":{"line":1,"column":15},"end":{"line":1,"column":41}},"1":{"start":{"line":6,"column":4},"end":{"line":6,"column":30}},"2":{"start":{"line":10,"column":4},"end":{"line":10,"column":43}},"3":{"start":{"line":11,"column":4},"end":{"line":11,"column":49}},"4":{"start":{"line":12,"column":4},"end":{"line":12,"column":19}},"5":{"start":{"line":16,"column":4},"end":{"line":16,"column":40}},"6":{"start":{"line":20,"column":4},"end":{"line":20,"column":46}},"7":{"start":{"line":24,"column":4},"end":{"line":24,"column":43}},"8":{"start":{"line":28,"column":4},"end":{"line":28,"column":40}},"9":{"start":{"line":32,"column":0},"end":{"line":32,"column":30}}},"fnMap":{"0":{"name":"(anonymous_0)","decl":{"start":{"line":5,"column":2},"end":{"line":5,"column":3}},"loc":{"start":{"line":5,"column":16},"end":{"line":7,"column":3}},"line":5},"1":{"name":"(anonymous_1)","decl":{"start":{"line":9,"column":2},"end":{"line":9,"column":3}},"loc":{"start":{"line":9,"column":16},"end":{"line":13,"column":3}},"line":9},"2":{"name":"(anonymous_2)","decl":{"start":{"line":15,"column":2},"end":{"line":15,"column":3}},"loc":{"start":{"line":15,"column":17},"end":{"line":17,"column":3}},"line":15},"3":{"name":"(anonymous_3)","decl":{"start":{"line":19,"column":2},"end":{"line":19,"column":3}},"loc":{"start":{"line":19,"column":11},"end":{"line":21,"column":3}},"line":19},"4":{"name":"(anonymous_4)","decl":{"start":{"line":23,"column":2},"end":{"line":23,"column":3}},"loc":{"start":{"line":23,"column":20},"end":{"line":25,"column":3}},"line":23},"5":{"name":"(anonymous_5)","decl":{"start":{"line":27,"column":2},"end":{"line":27,"column":3}},"loc":{"start":{"line":27,"column":20},"end":{"line":29,"column":3}},"line":27}},"branchMap":{},"s":{"0":1,"1":1,"2":2,"3":2,"4":2,"5":2,"6":0,"7":0,"8":0,"9":1},"f":{"0":1,"1":2,"2":2,"3":0,"4":0,"5":0},"b":{},"_coverageSchema":"1a1c01bbd47fc00a2c39e90264f33305004495a9","hash":"bd502d707bfa66b4b52d2d2dd45922f54d08ec66"}
,"/home/runner/work/quickbooks-payments-flow/quickbooks-payments-flow/src/utils/logger.js": {"path":"/home/runner/work/quickbooks-payments-flow/quickbooks-payments-flow/src/utils/logger.js","statementMap":{"0":{"start":{"line":1,"column":16},"end":{"line":1,"column":34}},"1":{"start":{"line":3,"column":15},"end":{"line":24,"column":2}},"2":{"start":{"line":19,"column":10},"end":{"line":19,"column":55}},"3":{"start":{"line":26,"column":0},"end":{"line":26,"column":24}}},"fnMap":{"0":{"name":"(anonymous_0)","decl":{"start":{"line":18,"column":30},"end":{"line":18,"column":31}},"loc":{"start":{"line":18,"column":65},"end":{"line":20,"column":9}},"line":18}},"branchMap":{"0":{"loc":{"start":{"line":4,"column":9},"end":{"line":4,"column":40}},"type":"binary-expr","locations":[{"start":{"line":4,"column":9},"end":{"line":4,"column":30}},{"start":{"line":4,"column":34},"end":{"line":4,"column":40}}],"line":4}},"s":{"0":1,"1":1,"2":17,"3":1},"f":{"0":17},"b":{"0":[1,1]},"_coverageSchema":"1a1c01bbd47fc00a2c39e90264f33305004495a9","hash":"6e96c582c828e5bf8f6f56b0c80d5c3ec0a378c5"}
}
