{"/home/runner/work/quickbooks-payments-flow/quickbooks-payments-flow/src/index.js": {"path":"/home/runner/work/quickbooks-payments-flow/quickbooks-payments-flow/src/index.js","statementMap":{"0":{"start":{"line":1,"column":16},"end":{"line":1,"column":34}},"1":{"start":{"line":2,"column":15},"end":{"line":2,"column":32}},"2":{"start":{"line":3,"column":13},"end":{"line":3,"column":28}},"3":{"start":{"line":4,"column":13},"end":{"line":4,"column":28}},"4":{"start":{"line":5,"column":23},"end":{"line":5,"column":38}},"5":{"start":{"line":6,"column":0},"end":{"line":6,"column":27}},"6":{"start":{"line":8,"column":15},"end":{"line":8,"column":40}},"7":{"start":{"line":9,"column":22},"end":{"line":9,"column":50}},"8":{"start":{"line":10,"column":19},"end":{"line":10,"column":43}},"9":{"start":{"line":11,"column":22},"end":{"line":11,"column":50}},"10":{"start":{"line":12,"column":20},"end":{"line":12,"column":45}},"11":{"start":{"line":14,"column":12},"end":{"line":14,"column":21}},"12":{"start":{"line":17,"column":0},"end":{"line":17,"column":18}},"13":{"start":{"line":18,"column":0},"end":{"line":18,"column":16}},"14":{"start":{"line":19,"column":0},"end":{"line":23,"column":4}},"15":{"start":{"line":21,"column":4},"end":{"line":21,"column":39}},"16":{"start":{"line":25,"column":0},"end":{"line":32,"column":3}},"17":{"start":{"line":26,"column":20},"end":{"line":26,"column":55}},"18":{"start":{"line":28,"column":2},"end":{"line":28,"column":21}},"19":{"start":{"line":29,"column":2},"end":{"line":29,"column":43}},"20":{"start":{"line":31,"column":2},"end":{"line":31,"column":9}},"21":{"start":{"line":35,"column":0},"end":{"line":40,"column":3}},"22":{"start":{"line":36,"column":2},"end":{"line":38,"column":5}},"23":{"start":{"line":39,"column":2},"end":{"line":39,"column":9}},"24":{"start":{"line":43,"column":0},"end":{"line":43,"column":40}},"25":{"start":{"line":44,"column":0},"end":{"line":44,"column":33}},"26":{"start":{"line":45,"column":0},"end":{"line":45,"column":40}},"27":{"start":{"line":46,"column":0},"end":{"line":46,"column":35}},"28":{"start":{"line":49,"column":0},"end":{"line":51,"column":3}},"29":{"start":{"line":50,"column":2},"end":{"line":50,"column":66}},"30":{"start":{"line":54,"column":0},"end":{"line":54,"column":62}},"31":{"start":{"line":55,"column":0},"end":{"line":57,"column":3}},"32":{"start":{"line":56,"column":2},"end":{"line":56,"column":67}},"33":{"start":{"line":60,"column":0},"end":{"line":67,"column":3}},"34":{"start":{"line":61,"column":2},"end":{"line":61,"column":45}},"35":{"start":{"line":62,"column":2},"end":{"line":66,"column":5}},"36":{"start":{"line":69,"column":13},"end":{"line":69,"column":37}},"37":{"start":{"line":70,"column":0},"end":{"line":74,"column":1}},"38":{"start":{"line":71,"column":2},"end":{"line":73,"column":5}},"39":{"start":{"line":72,"column":4},"end":{"line":72,"column":75}},"40":{"start":{"line":76,"column":0},"end":{"line":76,"column":21}}},"fnMap":{"0":{"name":"(anonymous_0)","decl":{"start":{"line":20,"column":10},"end":{"line":20,"column":11}},"loc":{"start":{"line":20,"column":29},"end":{"line":22,"column":3}},"line":20},"1":{"name":"(anonymous_1)","decl":{"start":{"line":25,"column":8},"end":{"line":25,"column":9}},"loc":{"start":{"line":25,"column":28},"end":{"line":32,"column":1}},"line":25},"2":{"name":"(anonymous_2)","decl":{"start":{"line":35,"column":8},"end":{"line":35,"column":9}},"loc":{"start":{"line":35,"column":28},"end":{"line":40,"column":1}},"line":35},"3":{"name":"(anonymous_3)","decl":{"start":{"line":49,"column":19},"end":{"line":49,"column":20}},"loc":{"start":{"line":49,"column":33},"end":{"line":51,"column":1}},"line":49},"4":{"name":"(anonymous_4)","decl":{"start":{"line":55,"column":42},"end":{"line":55,"column":43}},"loc":{"start":{"line":55,"column":56},"end":{"line":57,"column":1}},"line":55},"5":{"name":"(anonymous_5)","decl":{"start":{"line":60,"column":8},"end":{"line":60,"column":9}},"loc":{"start":{"line":60,"column":33},"end":{"line":67,"column":1}},"line":60},"6":{"name":"(anonymous_6)","decl":{"start":{"line":71,"column":19},"end":{"line":71,"column":20}},"loc":{"start":{"line":71,"column":25},"end":{"line":73,"column":3}},"line":71}},"branchMap":{"0":{"loc":{"start":{"line":26,"column":20},"end":{"line":26,"column":55}},"type":"binary-expr","locations":[{"start":{"line":26,"column":20},"end":{"line":26,"column":43}},{"start":{"line":26,"column":47},"end":{"line":26,"column":55}}],"line":26},"1":{"loc":{"start":{"line":62,"column":13},"end":{"line":62,"column":34}},"type":"binary-expr","locations":[{"start":{"line":62,"column":13},"end":{"line":62,"column":27}},{"start":{"line":62,"column":31},"end":{"line":62,"column":34}}],"line":62},"2":{"loc":{"start":{"line":64,"column":11},"end":{"line":64,"column":49}},"type":"binary-expr","locations":[{"start":{"line":64,"column":11},"end":{"line":64,"column":22}},{"start":{"line":64,"column":26},"end":{"line":64,"column":49}}],"line":64},"3":{"loc":{"start":{"line":69,"column":13},"end":{"line":69,"column":37}},"type":"binary-expr","locations":[{"start":{"line":69,"column":13},"end":{"line":69,"column":29}},{"start":{"line":69,"column":33},"end":{"line":69,"column":37}}],"line":69},"4":{"loc":{"start":{"line":70,"column":0},"end":{"line":74,"column":1}},"type":"if","locations":[{"start":{"line":70,"column":0},"end":{"line":74,"column":1}},{"start":{},"end":{}}],"line":70}},"s":{"0":2,"1":2,"2":2,"3":2,"4":2,"5":2,"6":2,"7":2,"8":2,"9":2,"10":2,"11":2,"12":2,"13":2,"14":2,"15":9,"16":2,"17":12,"18":12,"19":12,"20":12,"21":2,"22":12,"23":12,"24":2,"25":2,"26":2,"27":2,"28":2,"29":1,"30":2,"31":2,"32":0,"33":2,"34":1,"35":1,"36":2,"37":2,"38":0,"39":0,"40":2},"f":{"0":9,"1":12,"2":12,"3":1,"4":0,"5":1,"6":0},"b":{"0":[12,11],"1":[1,1],"2":[1,0],"3":[2,2],"4":[0,2]},"_coverageSchema":"1a1c01bbd47fc00a2c39e90264f33305004495a9","hash":"53bc85a06ab0800fa75ab77005b6201c5860ace7"}
,"/home/runner/work/quickbooks-payments-flow/quickbooks-payments-flow/src/config/plaid.js": {"path":"/home/runner/work/quickbooks-payments-flow/quickbooks-payments-flow/src/config/plaid.js","statementMap":{"0":{"start":{"line":1,"column":55},"end":{"line":1,"column":71}},"1":{"start":{"line":3,"column":30},"end":{"line":7,"column":1}},"2":{"start":{"line":11,"column":4},"end":{"line":11,"column":48}},"3":{"start":{"line":12,"column":4},"end":{"line":12,"column":43}},"4":{"start":{"line":13,"column":4},"end":{"line":13,"column":58}},"5":{"start":{"line":14,"column":4},"end":{"line":14,"column":52}},"6":{"start":{"line":18,"column":4},"end":{"line":18,"column":80}},"7":{"start":{"line":22,"column":4},"end":{"line":22,"column":45}},"8":{"start":{"line":26,"column":4},"end":{"line":26,"column":49}},"9":{"start":{"line":30,"column":4},"end":{"line":39,"column":8}},"10":{"start":{"line":43,"column":0},"end":{"line":43,"column":35}}},"fnMap":{"0":{"name":"(anonymous_0)","decl":{"start":{"line":10,"column":2},"end":{"line":10,"column":3}},"loc":{"start":{"line":10,"column":16},"end":{"line":15,"column":3}},"line":10},"1":{"name":"(anonymous_1)","decl":{"start":{"line":17,"column":2},"end":{"line":17,"column":3}},"loc":{"start":{"line":17,"column":19},"end":{"line":19,"column":3}},"line":17},"2":{"name":"(anonymous_2)","decl":{"start":{"line":21,"column":2},"end":{"line":21,"column":3}},"loc":{"start":{"line":21,"column":17},"end":{"line":23,"column":3}},"line":21},"3":{"name":"(anonymous_3)","decl":{"start":{"line":25,"column":2},"end":{"line":25,"column":3}},"loc":{"start":{"line":25,"column":17},"end":{"line":27,"column":3}},"line":25},"4":{"name":"(anonymous_4)","decl":{"start":{"line":29,"column":2},"end":{"line":29,"column":3}},"loc":{"start":{"line":29,"column":17},"end":{"line":40,"column":3}},"line":29}},"branchMap":{"0":{"loc":{"start":{"line":13,"column":23},"end":{"line":13,"column":57}},"type":"binary-expr","locations":[{"start":{"line":13,"column":23},"end":{"line":13,"column":44}},{"start":{"line":13,"column":48},"end":{"line":13,"column":57}}],"line":13},"1":{"loc":{"start":{"line":18,"column":11},"end":{"line":18,"column":79}},"type":"binary-expr","locations":[{"start":{"line":18,"column":11},"end":{"line":18,"column":50}},{"start":{"line":18,"column":54},"end":{"line":18,"column":79}}],"line":18},"2":{"loc":{"start":{"line":26,"column":19},"end":{"line":26,"column":47}},"type":"binary-expr","locations":[{"start":{"line":26,"column":19},"end":{"line":26,"column":32}},{"start":{"line":26,"column":36},"end":{"line":26,"column":47}}],"line":26}},"s":{"0":2,"1":2,"2":2,"3":2,"4":2,"5":2,"6":0,"7":0,"8":2,"9":0,"10":2},"f":{"0":2,"1":0,"2":0,"3":2,"4":0},"b":{"0":[2,2],"1":[0,0],"2":[2,0]},"_coverageSchema":"1a1c01bbd47fc00a2c39e90264f33305004495a9","hash":"f5437450a65815e076e491c8b5f5a7ac6325f4d0"}
,"/home/runner/work/quickbooks-payments-flow/quickbooks-payments-flow/src/config/quickbooks.js": {"path":"/home/runner/work/quickbooks-payments-flow/quickbooks-payments-flow/src/config/quickbooks.js","statementMap":{"0":{"start":{"line":1,"column":14},"end":{"line":1,"column":30}},"1":{"start":{"line":2,"column":15},"end":{"line":2,"column":41}},"2":{"start":{"line":4,"column":23},"end":{"line":4,"column":58}},"3":{"start":{"line":5,"column":20},"end":{"line":5,"column":55}},"4":{"start":{"line":9,"column":4},"end":{"line":9,"column":51}},"5":{"start":{"line":10,"column":4},"end":{"line":10,"column":53}},"6":{"start":{"line":11,"column":4},"end":{"line":11,"column":61}},"7":{"start":{"line":12,"column":4},"end":{"line":12,"column":71}},"8":{"start":{"line":13,"column":4},"end":{"line":13,"column":28}},"9":{"start":{"line":14,"column":4},"end":{"line":14,"column":28}},"10":{"start":{"line":18,"column":4},"end":{"line":18,"column":76}},"11":{"start":{"line":22,"column":4},"end":{"line":22,"column":84}},"12":{"start":{"line":26,"column":4},"end":{"line":26,"column":29}},"13":{"start":{"line":27,"column":4},"end":{"line":27,"column":55}},"14":{"start":{"line":28,"column":4},"end":{"line":28,"column":51}},"15":{"start":{"line":32,"column":4},"end":{"line":35,"column":6}},"16":{"start":{"line":39,"column":0},"end":{"line":39,"column":40}}},"fnMap":{"0":{"name":"(anonymous_0)","decl":{"start":{"line":8,"column":2},"end":{"line":8,"column":3}},"loc":{"start":{"line":8,"column":16},"end":{"line":15,"column":3}},"line":8},"1":{"name":"(anonymous_1)","decl":{"start":{"line":17,"column":2},"end":{"line":17,"column":3}},"loc":{"start":{"line":17,"column":15},"end":{"line":19,"column":3}},"line":17},"2":{"name":"(anonymous_2)","decl":{"start":{"line":21,"column":2},"end":{"line":21,"column":3}},"loc":{"start":{"line":21,"column":19},"end":{"line":23,"column":3}},"line":21},"3":{"name":"(anonymous_3)","decl":{"start":{"line":25,"column":2},"end":{"line":25,"column":3}},"loc":{"start":{"line":25,"column":35},"end":{"line":29,"column":3}},"line":25},"4":{"name":"(anonymous_4)","decl":{"start":{"line":31,"column":2},"end":{"line":31,"column":3}},"loc":{"start":{"line":31,"column":15},"end":{"line":36,"column":3}},"line":31}},"branchMap":{"0":{"loc":{"start":{"line":12,"column":23},"end":{"line":12,"column":70}},"type":"binary-expr","locations":[{"start":{"line":12,"column":23},"end":{"line":12,"column":57}},{"start":{"line":12,"column":61},"end":{"line":12,"column":70}}],"line":12},"1":{"loc":{"start":{"line":18,"column":11},"end":{"line":18,"column":75}},"type":"cond-expr","locations":[{"start":{"line":18,"column":47},"end":{"line":18,"column":58}},{"start":{"line":18,"column":61},"end":{"line":18,"column":75}}],"line":18},"2":{"loc":{"start":{"line":22,"column":11},"end":{"line":22,"column":83}},"type":"binary-expr","locations":[{"start":{"line":22,"column":11},"end":{"line":22,"column":28}},{"start":{"line":22,"column":33},"end":{"line":22,"column":49}},{"start":{"line":22,"column":53},"end":{"line":22,"column":82}}],"line":22}},"s":{"0":2,"1":2,"2":2,"3":2,"4":2,"5":2,"6":2,"7":2,"8":2,"9":2,"10":0,"11":0,"12":0,"13":0,"14":0,"15":0,"16":2},"f":{"0":2,"1":0,"2":0,"3":0,"4":0},"b":{"0":[2,2],"1":[0,0],"2":[0,0,0]},"_coverageSchema":"1a1c01bbd47fc00a2c39e90264f33305004495a9","hash":"7a6bce844f263a053507e9634255217d430a71ad"}
,"/home/runner/work/quickbooks-payments-flow/quickbooks-payments-flow/src/middleware/validation.js": {"path":"/home/runner/work/quickbooks-payments-flow/quickbooks-payments-flow/src/middleware/validation.js","statementMap":{"0":{"start":{"line":1,"column":12},"end":{"line":1,"column":26}},"1":{"start":{"line":2,"column":15},"end":{"line":2,"column":41}},"2":{"start":{"line":4,"column":22},"end":{"line":9,"column":2}},"3":{"start":{"line":11,"column":26},"end":{"line":16,"column":2}},"4":{"start":{"line":18,"column":29},"end":{"line":26,"column":29}},"5":{"start":{"line":28,"column":33},"end":{"line":32,"column":2}},"6":{"start":{"line":34,"column":28},"end":{"line":51,"column":2}},"7":{"start":{"line":53,"column":30},"end":{"line":55,"column":2}},"8":{"start":{"line":57,"column":24},"end":{"line":70,"column":1}},"9":{"start":{"line":58,"column":27},"end":{"line":58,"column":59}},"10":{"start":{"line":60,"column":2},"end":{"line":66,"column":3}},"11":{"start":{"line":61,"column":4},"end":{"line":61,"column":60}},"12":{"start":{"line":62,"column":4},"end":{"line":65,"column":7}},"13":{"start":{"line":68,"column":2},"end":{"line":68,"column":19}},"14":{"start":{"line":69,"column":2},"end":{"line":69,"column":9}},"15":{"start":{"line":72,"column":28},"end":{"line":101,"column":1}},"16":{"start":{"line":73,"column":32},"end":{"line":87,"column":3}},"17":{"start":{"line":89,"column":27},"end":{"line":89,"column":76}},"18":{"start":{"line":91,"column":2},"end":{"line":97,"column":3}},"19":{"start":{"line":92,"column":4},"end":{"line":92,"column":65}},"20":{"start":{"line":93,"column":4},"end":{"line":96,"column":7}},"21":{"start":{"line":99,"column":2},"end":{"line":99,"column":19}},"22":{"start":{"line":100,"column":2},"end":{"line":100,"column":9}},"23":{"start":{"line":103,"column":27},"end":{"line":116,"column":1}},"24":{"start":{"line":103,"column":46},"end":{"line":116,"column":1}},"25":{"start":{"line":104,"column":27},"end":{"line":104,"column":52}},"26":{"start":{"line":106,"column":2},"end":{"line":112,"column":3}},"27":{"start":{"line":107,"column":4},"end":{"line":107,"column":61}},"28":{"start":{"line":108,"column":4},"end":{"line":111,"column":7}},"29":{"start":{"line":114,"column":2},"end":{"line":114,"column":19}},"30":{"start":{"line":115,"column":2},"end":{"line":115,"column":9}},"31":{"start":{"line":118,"column":0},"end":{"line":125,"column":2}}},"fnMap":{"0":{"name":"(anonymous_0)","decl":{"start":{"line":57,"column":24},"end":{"line":57,"column":25}},"loc":{"start":{"line":57,"column":44},"end":{"line":70,"column":1}},"line":57},"1":{"name":"(anonymous_1)","decl":{"start":{"line":72,"column":28},"end":{"line":72,"column":29}},"loc":{"start":{"line":72,"column":48},"end":{"line":101,"column":1}},"line":72},"2":{"name":"(anonymous_2)","decl":{"start":{"line":103,"column":27},"end":{"line":103,"column":28}},"loc":{"start":{"line":103,"column":46},"end":{"line":116,"column":1}},"line":103},"3":{"name":"(anonymous_3)","decl":{"start":{"line":103,"column":46},"end":{"line":103,"column":47}},"loc":{"start":{"line":103,"column":66},"end":{"line":116,"column":1}},"line":103}},"branchMap":{"0":{"loc":{"start":{"line":60,"column":2},"end":{"line":66,"column":3}},"type":"if","locations":[{"start":{"line":60,"column":2},"end":{"line":66,"column":3}},{"start":{},"end":{}}],"line":60},"1":{"loc":{"start":{"line":75,"column":19},"end":{"line":77,"column":30}},"type":"cond-expr","locations":[{"start":{"line":76,"column":8},"end":{"line":76,"column":49}},{"start":{"line":77,"column":8},"end":{"line":77,"column":30}}],"line":75},"2":{"loc":{"start":{"line":78,"column":19},"end":{"line":80,"column":30}},"type":"cond-expr","locations":[{"start":{"line":79,"column":8},"end":{"line":79,"column":49}},{"start":{"line":80,"column":8},"end":{"line":80,"column":30}}],"line":78},"3":{"loc":{"start":{"line":81,"column":14},"end":{"line":83,"column":25}},"type":"cond-expr","locations":[{"start":{"line":82,"column":8},"end":{"line":82,"column":32}},{"start":{"line":83,"column":8},"end":{"line":83,"column":25}}],"line":81},"4":{"loc":{"start":{"line":84,"column":17},"end":{"line":86,"column":28}},"type":"cond-expr","locations":[{"start":{"line":85,"column":8},"end":{"line":85,"column":35}},{"start":{"line":86,"column":8},"end":{"line":86,"column":28}}],"line":84},"5":{"loc":{"start":{"line":91,"column":2},"end":{"line":97,"column":3}},"type":"if","locations":[{"start":{"line":91,"column":2},"end":{"line":97,"column":3}},{"start":{},"end":{}}],"line":91},"6":{"loc":{"start":{"line":106,"column":2},"end":{"line":112,"column":3}},"type":"if","locations":[{"start":{"line":106,"column":2},"end":{"line":112,"column":3}},{"start":{},"end":{}}],"line":106}},"s":{"0":2,"1":2,"2":2,"3":2,"4":2,"5":2,"6":2,"7":2,"8":2,"9":3,"10":3,"11":1,"12":1,"13":2,"14":2,"15":2,"16":3,"17":3,"18":3,"19":1,"20":1,"21":2,"22":2,"23":2,"24":8,"25":2,"26":2,"27":1,"28":1,"29":1,"30":1,"31":2},"f":{"0":3,"1":3,"2":8,"3":2},"b":{"0":[1,2],"1":[3,0],"2":[3,0],"3":[3,0],"4":[3,0],"5":[1,2],"6":[1,1]},"_coverageSchema":"1a1c01bbd47fc00a2c39e90264f33305004495a9","hash":"cfdc563beeb09c1e5ded2be267170c10f4e67290"}
,"/home/runner/work/quickbooks-payments-flow/quickbooks-payments-flow/src/routes/auth.js": {"path":"/home/runner/work/quickbooks-payments-flow/quickbooks-payments-flow/src/routes/auth.js","statementMap":{"0":{"start":{"line":1,"column":16},"end":{"line":1,"column":34}},"1":{"start":{"line":2,"column":15},"end":{"line":2,"column":31}},"2":{"start":{"line":3,"column":15},"end":{"line":3,"column":41}},"3":{"start":{"line":4,"column":18},"end":{"line":4,"column":59}},"4":{"start":{"line":7,"column":0},"end":{"line":27,"column":3}},"5":{"start":{"line":8,"column":2},"end":{"line":26,"column":3}},"6":{"start":{"line":9,"column":29},"end":{"line":9,"column":37}},"7":{"start":{"line":11,"column":4},"end":{"line":16,"column":5}},"8":{"start":{"line":12,"column":6},"end":{"line":15,"column":9}},"9":{"start":{"line":18,"column":19},"end":{"line":18,"column":67}},"10":{"start":{"line":20,"column":4},"end":{"line":23,"column":7}},"11":{"start":{"line":25,"column":4},"end":{"line":25,"column":16}},"12":{"start":{"line":30,"column":0},"end":{"line":50,"column":3}},"13":{"start":{"line":31,"column":2},"end":{"line":49,"column":3}},"14":{"start":{"line":32,"column":29},"end":{"line":32,"column":37}},"15":{"start":{"line":34,"column":4},"end":{"line":39,"column":5}},"16":{"start":{"line":35,"column":6},"end":{"line":38,"column":9}},"17":{"start":{"line":41,"column":19},"end":{"line":41,"column":67}},"18":{"start":{"line":43,"column":4},"end":{"line":46,"column":7}},"19":{"start":{"line":48,"column":4},"end":{"line":48,"column":16}},"20":{"start":{"line":52,"column":0},"end":{"line":52,"column":24}}},"fnMap":{"0":{"name":"(anonymous_0)","decl":{"start":{"line":7,"column":25},"end":{"line":7,"column":26}},"loc":{"start":{"line":7,"column":51},"end":{"line":27,"column":1}},"line":7},"1":{"name":"(anonymous_1)","decl":{"start":{"line":30,"column":24},"end":{"line":30,"column":25}},"loc":{"start":{"line":30,"column":50},"end":{"line":50,"column":1}},"line":30}},"branchMap":{"0":{"loc":{"start":{"line":11,"column":4},"end":{"line":16,"column":5}},"type":"if","locations":[{"start":{"line":11,"column":4},"end":{"line":16,"column":5}},{"start":{},"end":{}}],"line":11},"1":{"loc":{"start":{"line":34,"column":4},"end":{"line":39,"column":5}},"type":"if","locations":[{"start":{"line":34,"column":4},"end":{"line":39,"column":5}},{"start":{},"end":{}}],"line":34}},"s":{"0":2,"1":2,"2":2,"3":2,"4":2,"5":0,"6":0,"7":0,"8":0,"9":0,"10":0,"11":0,"12":2,"13":0,"14":0,"15":0,"16":0,"17":0,"18":0,"19":0,"20":2},"f":{"0":0,"1":0},"b":{"0":[0,0],"1":[0,0]},"_coverageSchema":"1a1c01bbd47fc00a2c39e90264f33305004495a9","hash":"18a76c1c8982da0cb9f32558eef7aa53422e5f72"}
,"/home/runner/work/quickbooks-payments-flow/quickbooks-payments-flow/src/routes/payments.js": {"path":"/home/runner/work/quickbooks-payments-flow/quickbooks-payments-flow/src/routes/payments.js","statementMap":{"0":{"start":{"line":1,"column":16},"end":{"line":1,"column":34}},"1":{"start":{"line":2,"column":15},"end":{"line":2,"column":31}},"2":{"start":{"line":3,"column":15},"end":{"line":3,"column":41}},"3":{"start":{"line":4,"column":23},"end":{"line":4,"column":61}},"4":{"start":{"line":5,"column":49},"end":{"line":5,"column":84}},"5":{"start":{"line":8,"column":0},"end":{"line":26,"column":3}},"6":{"start":{"line":9,"column":2},"end":{"line":25,"column":3}},"7":{"start":{"line":10,"column":58},"end":{"line":10,"column":66}},"8":{"start":{"line":12,"column":20},"end":{"line":17,"column":6}},"9":{"start":{"line":19,"column":4},"end":{"line":22,"column":7}},"10":{"start":{"line":24,"column":4},"end":{"line":24,"column":16}},"11":{"start":{"line":29,"column":0},"end":{"line":43,"column":3}},"12":{"start":{"line":30,"column":2},"end":{"line":42,"column":3}},"13":{"start":{"line":31,"column":26},"end":{"line":31,"column":36}},"14":{"start":{"line":32,"column":24},"end":{"line":32,"column":32}},"15":{"start":{"line":34,"column":19},"end":{"line":34,"column":87}},"16":{"start":{"line":36,"column":4},"end":{"line":39,"column":7}},"17":{"start":{"line":41,"column":4},"end":{"line":41,"column":16}},"18":{"start":{"line":46,"column":0},"end":{"line":57,"column":3}},"19":{"start":{"line":47,"column":2},"end":{"line":56,"column":3}},"20":{"start":{"line":48,"column":32},"end":{"line":48,"column":81}},"21":{"start":{"line":50,"column":4},"end":{"line":53,"column":7}},"22":{"start":{"line":55,"column":4},"end":{"line":55,"column":16}},"23":{"start":{"line":60,"column":0},"end":{"line":72,"column":3}},"24":{"start":{"line":61,"column":2},"end":{"line":71,"column":3}},"25":{"start":{"line":62,"column":26},"end":{"line":62,"column":36}},"26":{"start":{"line":63,"column":20},"end":{"line":63,"column":68}},"27":{"start":{"line":65,"column":4},"end":{"line":68,"column":7}},"28":{"start":{"line":70,"column":4},"end":{"line":70,"column":16}},"29":{"start":{"line":75,"column":0},"end":{"line":89,"column":3}},"30":{"start":{"line":76,"column":2},"end":{"line":88,"column":3}},"31":{"start":{"line":77,"column":26},"end":{"line":77,"column":36}},"32":{"start":{"line":78,"column":23},"end":{"line":78,"column":31}},"33":{"start":{"line":80,"column":19},"end":{"line":80,"column":72}},"34":{"start":{"line":82,"column":4},"end":{"line":85,"column":7}},"35":{"start":{"line":87,"column":4},"end":{"line":87,"column":16}},"36":{"start":{"line":91,"column":0},"end":{"line":91,"column":24}}},"fnMap":{"0":{"name":"(anonymous_0)","decl":{"start":{"line":8,"column":42},"end":{"line":8,"column":43}},"loc":{"start":{"line":8,"column":68},"end":{"line":26,"column":1}},"line":8},"1":{"name":"(anonymous_1)","decl":{"start":{"line":29,"column":35},"end":{"line":29,"column":36}},"loc":{"start":{"line":29,"column":61},"end":{"line":43,"column":1}},"line":29},"2":{"name":"(anonymous_2)","decl":{"start":{"line":46,"column":59},"end":{"line":46,"column":60}},"loc":{"start":{"line":46,"column":79},"end":{"line":57,"column":1}},"line":46},"3":{"name":"(anonymous_3)","decl":{"start":{"line":60,"column":33},"end":{"line":60,"column":34}},"loc":{"start":{"line":60,"column":59},"end":{"line":72,"column":1}},"line":60},"4":{"name":"(anonymous_4)","decl":{"start":{"line":75,"column":34},"end":{"line":75,"column":35}},"loc":{"start":{"line":75,"column":60},"end":{"line":89,"column":1}},"line":75}},"branchMap":{},"s":{"0":2,"1":2,"2":2,"3":2,"4":2,"5":2,"6":2,"7":2,"8":2,"9":2,"10":0,"11":2,"12":0,"13":0,"14":0,"15":0,"16":0,"17":0,"18":2,"19":2,"20":2,"21":2,"22":0,"23":2,"24":2,"25":2,"26":2,"27":1,"28":1,"29":2,"30":0,"31":0,"32":0,"33":0,"34":0,"35":0,"36":2},"f":{"0":2,"1":0,"2":2,"3":2,"4":0},"b":{},"_coverageSchema":"1a1c01bbd47fc00a2c39e90264f33305004495a9","hash":"c6a6ec15d44d7e315c8d5f39dc899e9c1e5f117f"}
,"/home/runner/work/quickbooks-payments-flow/quickbooks-payments-flow/src/routes/plaid.js": {"path":"/home/runner/work/quickbooks-payments-flow/quickbooks-payments-flow/src/routes/plaid.js","statementMap":{"0":{"start":{"line":1,"column":16},"end":{"line":1,"column":34}},"1":{"start":{"line":2,"column":21},"end":{"line":2,"column":57}},"2":{"start":{"line":8,"column":4},"end":{"line":8,"column":39}},"3":{"start":{"line":10,"column":15},"end":{"line":10,"column":31}},"4":{"start":{"line":12,"column":0},"end":{"line":24,"column":3}},"5":{"start":{"line":13,"column":2},"end":{"line":23,"column":3}},"6":{"start":{"line":14,"column":19},"end":{"line":14,"column":86}},"7":{"start":{"line":16,"column":4},"end":{"line":20,"column":7}},"8":{"start":{"line":22,"column":4},"end":{"line":22,"column":16}},"9":{"start":{"line":26,"column":0},"end":{"line":38,"column":3}},"10":{"start":{"line":27,"column":2},"end":{"line":37,"column":3}},"11":{"start":{"line":28,"column":19},"end":{"line":28,"column":90}},"12":{"start":{"line":30,"column":4},"end":{"line":34,"column":7}},"13":{"start":{"line":36,"column":4},"end":{"line":36,"column":16}},"14":{"start":{"line":40,"column":0},"end":{"line":52,"column":3}},"15":{"start":{"line":41,"column":2},"end":{"line":51,"column":3}},"16":{"start":{"line":42,"column":19},"end":{"line":42,"column":85}},"17":{"start":{"line":44,"column":4},"end":{"line":48,"column":7}},"18":{"start":{"line":50,"column":4},"end":{"line":50,"column":16}},"19":{"start":{"line":54,"column":0},"end":{"line":66,"column":3}},"20":{"start":{"line":55,"column":2},"end":{"line":65,"column":3}},"21":{"start":{"line":56,"column":19},"end":{"line":56,"column":95}},"22":{"start":{"line":58,"column":4},"end":{"line":62,"column":7}},"23":{"start":{"line":64,"column":4},"end":{"line":64,"column":16}},"24":{"start":{"line":68,"column":0},"end":{"line":82,"column":3}},"25":{"start":{"line":69,"column":2},"end":{"line":81,"column":3}},"26":{"start":{"line":70,"column":19},"end":{"line":72,"column":6}},"27":{"start":{"line":74,"column":4},"end":{"line":78,"column":7}},"28":{"start":{"line":80,"column":4},"end":{"line":80,"column":16}},"29":{"start":{"line":84,"column":0},"end":{"line":100,"column":3}},"30":{"start":{"line":85,"column":2},"end":{"line":99,"column":3}},"31":{"start":{"line":86,"column":4},"end":{"line":88,"column":7}},"32":{"start":{"line":90,"column":19},"end":{"line":90,"column":85}},"33":{"start":{"line":92,"column":4},"end":{"line":96,"column":7}},"34":{"start":{"line":98,"column":4},"end":{"line":98,"column":16}},"35":{"start":{"line":102,"column":0},"end":{"line":102,"column":24}}},"fnMap":{"0":{"name":"(anonymous_0)","decl":{"start":{"line":12,"column":51},"end":{"line":12,"column":52}},"loc":{"start":{"line":12,"column":77},"end":{"line":24,"column":1}},"line":12},"1":{"name":"(anonymous_1)","decl":{"start":{"line":26,"column":59},"end":{"line":26,"column":60}},"loc":{"start":{"line":26,"column":85},"end":{"line":38,"column":1}},"line":26},"2":{"name":"(anonymous_2)","decl":{"start":{"line":40,"column":49},"end":{"line":40,"column":50}},"loc":{"start":{"line":40,"column":75},"end":{"line":52,"column":1}},"line":40},"3":{"name":"(anonymous_3)","decl":{"start":{"line":54,"column":37},"end":{"line":54,"column":38}},"loc":{"start":{"line":54,"column":63},"end":{"line":66,"column":1}},"line":54},"4":{"name":"(anonymous_4)","decl":{"start":{"line":68,"column":72},"end":{"line":68,"column":73}},"loc":{"start":{"line":68,"column":98},"end":{"line":82,"column":1}},"line":68},"5":{"name":"(anonymous_5)","decl":{"start":{"line":84,"column":24},"end":{"line":84,"column":25}},"loc":{"start":{"line":84,"column":50},"end":{"line":100,"column":1}},"line":84}},"branchMap":{"0":{"loc":{"start":{"line":86,"column":46},"end":{"line":86,"column":85}},"type":"binary-expr","locations":[{"start":{"line":86,"column":46},"end":{"line":86,"column":57}},{"start":{"line":86,"column":61},"end":{"line":86,"column":85}}],"line":86}},"s":{"0":2,"1":2,"2":2,"3":2,"4":2,"5":1,"6":1,"7":1,"8":0,"9":2,"10":0,"11":0,"12":0,"13":0,"14":2,"15":0,"16":0,"17":0,"18":0,"19":2,"20":0,"21":0,"22":0,"23":0,"24":2,"25":0,"26":0,"27":0,"28":0,"29":2,"30":1,"31":1,"32":1,"33":1,"34":0,"35":2},"f":{"0":1,"1":0,"2":0,"3":0,"4":0,"5":1},"b":{"0":[1,0]},"_coverageSchema":"1a1c01bbd47fc00a2c39e90264f33305004495a9","hash":"06ea3d3787959ca30956f525caa15f3c72b26d1c"}
,"/home/runner/work/quickbooks-payments-flow/quickbooks-payments-flow/src/routes/webhooks.js": {"path":"/home/runner/work/quickbooks-payments-flow/quickbooks-payments-flow/src/routes/webhooks.js","statementMap":{"0":{"start":{"line":5,"column":16},"end":{"line":5,"column":34}},"1":{"start":{"line":6,"column":15},"end":{"line":6,"column":41}},"2":{"start":{"line":8,"column":15},"end":{"line":8,"column":31}},"3":{"start":{"line":11,"column":41},"end":{"line":11,"column":45}},"4":{"start":{"line":13,"column":0},"end":{"line":19,"column":1}},"5":{"start":{"line":14,"column":2},"end":{"line":14,"column":58}},"6":{"start":{"line":15,"column":2},"end":{"line":15,"column":51}},"7":{"start":{"line":17,"column":2},"end":{"line":17,"column":45}},"8":{"start":{"line":18,"column":2},"end":{"line":18,"column":74}},"9":{"start":{"line":22,"column":22},"end":{"line":22,"column":63}},"10":{"start":{"line":30,"column":0},"end":{"line":49,"column":3}},"11":{"start":{"line":31,"column":2},"end":{"line":48,"column":3}},"12":{"start":{"line":32,"column":44},"end":{"line":32,"column":52}},"13":{"start":{"line":34,"column":4},"end":{"line":37,"column":7}},"14":{"start":{"line":42,"column":4},"end":{"line":45,"column":7}},"15":{"start":{"line":47,"column":4},"end":{"line":47,"column":16}},"16":{"start":{"line":55,"column":0},"end":{"line":74,"column":3}},"17":{"start":{"line":56,"column":2},"end":{"line":73,"column":3}},"18":{"start":{"line":57,"column":44},"end":{"line":57,"column":52}},"19":{"start":{"line":59,"column":4},"end":{"line":63,"column":7}},"20":{"start":{"line":67,"column":4},"end":{"line":70,"column":7}},"21":{"start":{"line":72,"column":4},"end":{"line":72,"column":16}},"22":{"start":{"line":78,"column":37},"end":{"line":81,"column":2}},"23":{"start":{"line":78,"column":46},"end":{"line":81,"column":2}},"24":{"start":{"line":83,"column":0},"end":{"line":322,"column":1}},"25":{"start":{"line":88,"column":2},"end":{"line":131,"column":5}},"26":{"start":{"line":89,"column":22},"end":{"line":89,"column":53}},"27":{"start":{"line":90,"column":20},"end":{"line":90,"column":28}},"28":{"start":{"line":93,"column":20},"end":{"line":97,"column":5}},"29":{"start":{"line":99,"column":4},"end":{"line":102,"column":5}},"30":{"start":{"line":100,"column":6},"end":{"line":100,"column":56}},"31":{"start":{"line":101,"column":6},"end":{"line":101,"column":66}},"32":{"start":{"line":104,"column":4},"end":{"line":130,"column":5}},"33":{"start":{"line":106,"column":20},"end":{"line":106,"column":79}},"34":{"start":{"line":108,"column":6},"end":{"line":108,"column":65}},"35":{"start":{"line":111,"column":6},"end":{"line":123,"column":9}},"36":{"start":{"line":112,"column":8},"end":{"line":122,"column":9}},"37":{"start":{"line":113,"column":10},"end":{"line":113,"column":51}},"38":{"start":{"line":115,"column":10},"end":{"line":115,"column":73}},"39":{"start":{"line":118,"column":31},"end":{"line":118,"column":80}},"40":{"start":{"line":119,"column":10},"end":{"line":121,"column":11}},"41":{"start":{"line":120,"column":12},"end":{"line":120,"column":55}},"42":{"start":{"line":126,"column":6},"end":{"line":126,"column":47}},"43":{"start":{"line":128,"column":6},"end":{"line":128,"column":60}},"44":{"start":{"line":129,"column":6},"end":{"line":129,"column":62}},"45":{"start":{"line":137,"column":2},"end":{"line":163,"column":5}},"46":{"start":{"line":138,"column":4},"end":{"line":162,"column":5}},"47":{"start":{"line":139,"column":58},"end":{"line":139,"column":67}},"48":{"start":{"line":142,"column":21},"end":{"line":142,"column":23}},"49":{"start":{"line":143,"column":6},"end":{"line":143,"column":41}},"50":{"start":{"line":143,"column":18},"end":{"line":143,"column":41}},"51":{"start":{"line":144,"column":6},"end":{"line":144,"column":50}},"52":{"start":{"line":144,"column":21},"end":{"line":144,"column":50}},"53":{"start":{"line":146,"column":21},"end":{"line":149,"column":29}},"54":{"start":{"line":151,"column":20},"end":{"line":151,"column":61}},"55":{"start":{"line":153,"column":6},"end":{"line":158,"column":9}},"56":{"start":{"line":157,"column":30},"end":{"line":157,"column":44}},"57":{"start":{"line":160,"column":6},"end":{"line":160,"column":56}},"58":{"start":{"line":161,"column":6},"end":{"line":161,"column":53}},"59":{"start":{"line":169,"column":2},"end":{"line":190,"column":5}},"60":{"start":{"line":170,"column":4},"end":{"line":189,"column":5}},"61":{"start":{"line":171,"column":26},"end":{"line":171,"column":36}},"62":{"start":{"line":173,"column":20},"end":{"line":173,"column":59}},"63":{"start":{"line":175,"column":6},"end":{"line":177,"column":7}},"64":{"start":{"line":176,"column":8},"end":{"line":176,"column":66}},"65":{"start":{"line":179,"column":6},"end":{"line":185,"column":9}},"66":{"start":{"line":187,"column":6},"end":{"line":187,"column":54}},"67":{"start":{"line":188,"column":6},"end":{"line":188,"column":53}},"68":{"start":{"line":196,"column":2},"end":{"line":242,"column":5}},"69":{"start":{"line":197,"column":4},"end":{"line":241,"column":5}},"70":{"start":{"line":198,"column":26},"end":{"line":198,"column":36}},"71":{"start":{"line":200,"column":27},"end":{"line":200,"column":66}},"72":{"start":{"line":202,"column":6},"end":{"line":204,"column":7}},"73":{"start":{"line":203,"column":8},"end":{"line":203,"column":66}},"74":{"start":{"line":206,"column":6},"end":{"line":211,"column":7}},"75":{"start":{"line":207,"column":8},"end":{"line":210,"column":11}},"76":{"start":{"line":214,"column":20},"end":{"line":221,"column":7}},"77":{"start":{"line":224,"column":6},"end":{"line":224,"column":47}},"78":{"start":{"line":226,"column":6},"end":{"line":230,"column":9}},"79":{"start":{"line":232,"column":6},"end":{"line":232,"column":56}},"80":{"start":{"line":235,"column":27},"end":{"line":235,"column":86}},"81":{"start":{"line":236,"column":6},"end":{"line":238,"column":7}},"82":{"start":{"line":237,"column":8},"end":{"line":237,"column":51}},"83":{"start":{"line":240,"column":6},"end":{"line":240,"column":53}},"84":{"start":{"line":248,"column":2},"end":{"line":260,"column":5}},"85":{"start":{"line":249,"column":4},"end":{"line":259,"column":5}},"86":{"start":{"line":250,"column":20},"end":{"line":250,"column":56}},"87":{"start":{"line":252,"column":6},"end":{"line":255,"column":9}},"88":{"start":{"line":257,"column":6},"end":{"line":257,"column":59}},"89":{"start":{"line":258,"column":6},"end":{"line":258,"column":53}},"90":{"start":{"line":266,"column":2},"end":{"line":288,"column":5}},"91":{"start":{"line":267,"column":4},"end":{"line":287,"column":5}},"92":{"start":{"line":268,"column":6},"end":{"line":268,"column":61}},"93":{"start":{"line":271,"column":6},"end":{"line":278,"column":9}},"94":{"start":{"line":272,"column":8},"end":{"line":277,"column":9}},"95":{"start":{"line":273,"column":10},"end":{"line":273,"column":51}},"96":{"start":{"line":274,"column":10},"end":{"line":274,"column":63}},"97":{"start":{"line":276,"column":10},"end":{"line":276,"column":60}},"98":{"start":{"line":280,"column":6},"end":{"line":283,"column":9}},"99":{"start":{"line":285,"column":6},"end":{"line":285,"column":56}},"100":{"start":{"line":286,"column":6},"end":{"line":286,"column":53}},"101":{"start":{"line":294,"column":2},"end":{"line":318,"column":5}},"102":{"start":{"line":295,"column":4},"end":{"line":317,"column":5}},"103":{"start":{"line":296,"column":39},"end":{"line":296,"column":48}},"104":{"start":{"line":298,"column":27},"end":{"line":301,"column":29}},"105":{"start":{"line":303,"column":20},"end":{"line":303,"column":75}},"106":{"start":{"line":305,"column":6},"end":{"line":313,"column":9}},"107":{"start":{"line":309,"column":37},"end":{"line":312,"column":9}},"108":{"start":{"line":315,"column":6},"end":{"line":315,"column":63}},"109":{"start":{"line":316,"column":6},"end":{"line":316,"column":53}},"110":{"start":{"line":320,"column":2},"end":{"line":320,"column":73}},"111":{"start":{"line":320,"column":38},"end":{"line":320,"column":71}},"112":{"start":{"line":321,"column":2},"end":{"line":321,"column":75}},"113":{"start":{"line":321,"column":40},"end":{"line":321,"column":73}},"114":{"start":{"line":324,"column":0},"end":{"line":324,"column":24}}},"fnMap":{"0":{"name":"(anonymous_0)","decl":{"start":{"line":30,"column":31},"end":{"line":30,"column":32}},"loc":{"start":{"line":30,"column":51},"end":{"line":49,"column":1}},"line":30},"1":{"name":"(anonymous_1)","decl":{"start":{"line":55,"column":30},"end":{"line":55,"column":31}},"loc":{"start":{"line":55,"column":50},"end":{"line":74,"column":1}},"line":55},"2":{"name":"(anonymous_2)","decl":{"start":{"line":78,"column":37},"end":{"line":78,"column":38}},"loc":{"start":{"line":78,"column":46},"end":{"line":81,"column":2}},"line":78},"3":{"name":"(anonymous_3)","decl":{"start":{"line":88,"column":40},"end":{"line":88,"column":41}},"loc":{"start":{"line":88,"column":60},"end":{"line":131,"column":3}},"line":88},"4":{"name":"(anonymous_4)","decl":{"start":{"line":111,"column":23},"end":{"line":111,"column":24}},"loc":{"start":{"line":111,"column":35},"end":{"line":123,"column":7}},"line":111},"5":{"name":"(anonymous_5)","decl":{"start":{"line":137,"column":31},"end":{"line":137,"column":32}},"loc":{"start":{"line":137,"column":51},"end":{"line":163,"column":3}},"line":137},"6":{"name":"(anonymous_6)","decl":{"start":{"line":157,"column":25},"end":{"line":157,"column":26}},"loc":{"start":{"line":157,"column":30},"end":{"line":157,"column":44}},"line":157},"7":{"name":"(anonymous_7)","decl":{"start":{"line":169,"column":40},"end":{"line":169,"column":41}},"loc":{"start":{"line":169,"column":60},"end":{"line":190,"column":3}},"line":169},"8":{"name":"(anonymous_8)","decl":{"start":{"line":196,"column":47},"end":{"line":196,"column":48}},"loc":{"start":{"line":196,"column":67},"end":{"line":242,"column":3}},"line":196},"9":{"name":"(anonymous_9)","decl":{"start":{"line":248,"column":30},"end":{"line":248,"column":31}},"loc":{"start":{"line":248,"column":50},"end":{"line":260,"column":3}},"line":248},"10":{"name":"(anonymous_10)","decl":{"start":{"line":266,"column":38},"end":{"line":266,"column":39}},"loc":{"start":{"line":266,"column":58},"end":{"line":288,"column":3}},"line":266},"11":{"name":"(anonymous_11)","decl":{"start":{"line":271,"column":23},"end":{"line":271,"column":24}},"loc":{"start":{"line":271,"column":35},"end":{"line":278,"column":7}},"line":271},"12":{"name":"(anonymous_12)","decl":{"start":{"line":294,"column":38},"end":{"line":294,"column":39}},"loc":{"start":{"line":294,"column":58},"end":{"line":318,"column":3}},"line":294},"13":{"name":"(anonymous_13)","decl":{"start":{"line":309,"column":31},"end":{"line":309,"column":32}},"loc":{"start":{"line":309,"column":37},"end":{"line":312,"column":9}},"line":309},"14":{"name":"(anonymous_14)","decl":{"start":{"line":320,"column":24},"end":{"line":320,"column":25}},"loc":{"start":{"line":320,"column":38},"end":{"line":320,"column":71}},"line":320},"15":{"name":"(anonymous_15)","decl":{"start":{"line":321,"column":26},"end":{"line":321,"column":27}},"loc":{"start":{"line":321,"column":40},"end":{"line":321,"column":73}},"line":321}},"branchMap":{"0":{"loc":{"start":{"line":83,"column":0},"end":{"line":322,"column":1}},"type":"if","locations":[{"start":{"line":83,"column":0},"end":{"line":322,"column":1}},{"start":{"line":319,"column":7},"end":{"line":322,"column":1}}],"line":83},"1":{"loc":{"start":{"line":94,"column":6},"end":{"line":94,"column":69}},"type":"cond-expr","locations":[{"start":{"line":94,"column":36},"end":{"line":94,"column":43}},{"start":{"line":94,"column":46},"end":{"line":94,"column":69}}],"line":94},"2":{"loc":{"start":{"line":99,"column":4},"end":{"line":102,"column":5}},"type":"if","locations":[{"start":{"line":99,"column":4},"end":{"line":102,"column":5}},{"start":{},"end":{}}],"line":99},"3":{"loc":{"start":{"line":106,"column":20},"end":{"line":106,"column":79}},"type":"cond-expr","locations":[{"start":{"line":106,"column":50},"end":{"line":106,"column":69}},{"start":{"line":106,"column":72},"end":{"line":106,"column":79}}],"line":106},"4":{"loc":{"start":{"line":119,"column":10},"end":{"line":121,"column":11}},"type":"if","locations":[{"start":{"line":119,"column":10},"end":{"line":121,"column":11}},{"start":{},"end":{}}],"line":119},"5":{"loc":{"start":{"line":139,"column":33},"end":{"line":139,"column":43}},"type":"default-arg","locations":[{"start":{"line":139,"column":41},"end":{"line":139,"column":43}}],"line":139},"6":{"loc":{"start":{"line":139,"column":45},"end":{"line":139,"column":53}},"type":"default-arg","locations":[{"start":{"line":139,"column":52},"end":{"line":139,"column":53}}],"line":139},"7":{"loc":{"start":{"line":143,"column":6},"end":{"line":143,"column":41}},"type":"if","locations":[{"start":{"line":143,"column":6},"end":{"line":143,"column":41}},{"start":{},"end":{}}],"line":143},"8":{"loc":{"start":{"line":144,"column":6},"end":{"line":144,"column":50}},"type":"if","locations":[{"start":{"line":144,"column":6},"end":{"line":144,"column":50}},{"start":{},"end":{}}],"line":144},"9":{"loc":{"start":{"line":175,"column":6},"end":{"line":177,"column":7}},"type":"if","locations":[{"start":{"line":175,"column":6},"end":{"line":177,"column":7}},{"start":{},"end":{}}],"line":175},"10":{"loc":{"start":{"line":202,"column":6},"end":{"line":204,"column":7}},"type":"if","locations":[{"start":{"line":202,"column":6},"end":{"line":204,"column":7}},{"start":{},"end":{}}],"line":202},"11":{"loc":{"start":{"line":206,"column":6},"end":{"line":211,"column":7}},"type":"if","locations":[{"start":{"line":206,"column":6},"end":{"line":211,"column":7}},{"start":{},"end":{}}],"line":206},"12":{"loc":{"start":{"line":236,"column":6},"end":{"line":238,"column":7}},"type":"if","locations":[{"start":{"line":236,"column":6},"end":{"line":238,"column":7}},{"start":{},"end":{}}],"line":236},"13":{"loc":{"start":{"line":296,"column":14},"end":{"line":296,"column":24}},"type":"default-arg","locations":[{"start":{"line":296,"column":22},"end":{"line":296,"column":24}}],"line":296},"14":{"loc":{"start":{"line":296,"column":26},"end":{"line":296,"column":34}},"type":"default-arg","locations":[{"start":{"line":296,"column":33},"end":{"line":296,"column":34}}],"line":296}},"s":{"0":2,"1":2,"2":2,"3":2,"4":2,"5":2,"6":0,"7":2,"8":2,"9":2,"10":2,"11":0,"12":0,"13":0,"14":0,"15":0,"16":2,"17":0,"18":0,"19":0,"20":0,"21":0,"22":2,"23":0,"24":2,"25":0,"26":0,"27":0,"28":0,"29":0,"30":0,"31":0,"32":0,"33":0,"34":0,"35":0,"36":0,"37":0,"38":0,"39":0,"40":0,"41":0,"42":0,"43":0,"44":0,"45":0,"46":0,"47":0,"48":0,"49":0,"50":0,"51":0,"52":0,"53":0,"54":0,"55":0,"56":0,"57":0,"58":0,"59":0,"60":0,"61":0,"62":0,"63":0,"64":0,"65":0,"66":0,"67":0,"68":0,"69":0,"70":0,"71":0,"72":0,"73":0,"74":0,"75":0,"76":0,"77":0,"78":0,"79":0,"80":0,"81":0,"82":0,"83":0,"84":0,"85":0,"86":0,"87":0,"88":0,"89":0,"90":0,"91":0,"92":0,"93":0,"94":0,"95":0,"96":0,"97":0,"98":0,"99":0,"100":0,"101":0,"102":0,"103":0,"104":0,"105":0,"106":0,"107":0,"108":0,"109":0,"110":2,"111":0,"112":2,"113":0,"114":2},"f":{"0":0,"1":0,"2":0,"3":0,"4":0,"5":0,"6":0,"7":0,"8":0,"9":0,"10":0,"11":0,"12":0,"13":0,"14":0,"15":0},"b":{"0":[0,2],"1":[0,0],"2":[0,0],"3":[0,0],"4":[0,0],"5":[0],"6":[0],"7":[0,0],"8":[0,0],"9":[0,0],"10":[0,0],"11":[0,0],"12":[0,0],"13":[0],"14":[0]},"_coverageSchema":"1a1c01bbd47fc00a2c39e90264f33305004495a9","hash":"01366599bc10816d6ebe98028d549fd8072493d1"}
,"/home/runner/work/quickbooks-payments-flow/quickbooks-payments-flow/src/services/payment.service.js": {"path":"/home/runner/work/quickbooks-payments-flow/quickbooks-payments-flow/src/services/payment.service.js","statementMap":{"0":{"start":{"line":1,"column":23},"end":{"line":1,"column":38}},"1":{"start":{"line":2,"column":15},"end":{"line":2,"column":41}},"2":{"start":{"line":3,"column":18},"end":{"line":3,"column":49}},"3":{"start":{"line":4,"column":21},"end":{"line":4,"column":55}},"4":{"start":{"line":6,"column":20},"end":{"line":6,"column":65}},"5":{"start":{"line":7,"column":20},"end":{"line":7,"column":64}},"6":{"start":{"line":11,"column":4},"end":{"line":11,"column":43}},"7":{"start":{"line":15,"column":26},"end":{"line":15,"column":70}},"8":{"start":{"line":16,"column":26},"end":{"line":16,"column":70}},"9":{"start":{"line":17,"column":32},"end":{"line":19,"column":21}},"10":{"start":{"line":21,"column":4},"end":{"line":27,"column":6}},"11":{"start":{"line":31,"column":22},"end":{"line":31,"column":30}},"12":{"start":{"line":33,"column":4},"end":{"line":49,"column":5}},"13":{"start":{"line":34,"column":6},"end":{"line":34,"column":83}},"14":{"start":{"line":36,"column":22},"end":{"line":42,"column":7}},"15":{"start":{"line":44,"column":6},"end":{"line":44,"column":38}},"16":{"start":{"line":45,"column":6},"end":{"line":45,"column":21}},"17":{"start":{"line":47,"column":6},"end":{"line":47,"column":56}},"18":{"start":{"line":48,"column":6},"end":{"line":48,"column":18}},"19":{"start":{"line":55,"column":4},"end":{"line":76,"column":5}},"20":{"start":{"line":55,"column":23},"end":{"line":55,"column":24}},"21":{"start":{"line":56,"column":6},"end":{"line":75,"column":7}},"22":{"start":{"line":57,"column":8},"end":{"line":57,"column":93}},"23":{"start":{"line":59,"column":23},"end":{"line":59,"column":65}},"24":{"start":{"line":61,"column":24},"end":{"line":61,"column":56}},"25":{"start":{"line":62,"column":8},"end":{"line":62,"column":37}},"26":{"start":{"line":63,"column":8},"end":{"line":63,"column":40}},"27":{"start":{"line":64,"column":8},"end":{"line":64,"column":39}},"28":{"start":{"line":65,"column":8},"end":{"line":65,"column":40}},"29":{"start":{"line":67,"column":8},"end":{"line":67,"column":22}},"30":{"start":{"line":69,"column":8},"end":{"line":69,"column":26}},"31":{"start":{"line":70,"column":8},"end":{"line":70,"column":100}},"32":{"start":{"line":72,"column":8},"end":{"line":74,"column":9}},"33":{"start":{"line":73,"column":10},"end":{"line":73,"column":83}},"34":{"start":{"line":73,"column":39},"end":{"line":73,"column":81}},"35":{"start":{"line":78,"column":20},"end":{"line":78,"column":52}},"36":{"start":{"line":79,"column":4},"end":{"line":79,"column":30}},"37":{"start":{"line":80,"column":4},"end":{"line":80,"column":38}},"38":{"start":{"line":81,"column":4},"end":{"line":81,"column":35}},"39":{"start":{"line":82,"column":4},"end":{"line":82,"column":36}},"40":{"start":{"line":84,"column":4},"end":{"line":84,"column":71}},"41":{"start":{"line":85,"column":4},"end":{"line":85,"column":20}},"42":{"start":{"line":89,"column":4},"end":{"line":105,"column":5}},"43":{"start":{"line":90,"column":22},"end":{"line":90,"column":54}},"44":{"start":{"line":92,"column":6},"end":{"line":94,"column":7}},"45":{"start":{"line":93,"column":8},"end":{"line":93,"column":59}},"46":{"start":{"line":96,"column":6},"end":{"line":99,"column":7}},"47":{"start":{"line":97,"column":25},"end":{"line":97,"column":78}},"48":{"start":{"line":98,"column":8},"end":{"line":98,"column":36}},"49":{"start":{"line":101,"column":6},"end":{"line":101,"column":21}},"50":{"start":{"line":103,"column":6},"end":{"line":103,"column":58}},"51":{"start":{"line":104,"column":6},"end":{"line":104,"column":18}},"52":{"start":{"line":109,"column":4},"end":{"line":132,"column":5}},"53":{"start":{"line":110,"column":6},"end":{"line":110,"column":62}},"54":{"start":{"line":112,"column":22},"end":{"line":112,"column":54}},"55":{"start":{"line":114,"column":6},"end":{"line":116,"column":7}},"56":{"start":{"line":115,"column":8},"end":{"line":115,"column":69}},"57":{"start":{"line":118,"column":27},"end":{"line":120,"column":8}},"58":{"start":{"line":122,"column":6},"end":{"line":122,"column":41}},"59":{"start":{"line":123,"column":6},"end":{"line":123,"column":54}},"60":{"start":{"line":124,"column":6},"end":{"line":124,"column":41}},"61":{"start":{"line":125,"column":6},"end":{"line":125,"column":37}},"62":{"start":{"line":126,"column":6},"end":{"line":126,"column":38}},"63":{"start":{"line":128,"column":6},"end":{"line":128,"column":26}},"64":{"start":{"line":130,"column":6},"end":{"line":130,"column":54}},"65":{"start":{"line":131,"column":6},"end":{"line":131,"column":18}},"66":{"start":{"line":136,"column":0},"end":{"line":136,"column":38}}},"fnMap":{"0":{"name":"(anonymous_0)","decl":{"start":{"line":10,"column":2},"end":{"line":10,"column":3}},"loc":{"start":{"line":10,"column":16},"end":{"line":12,"column":3}},"line":10},"1":{"name":"(anonymous_1)","decl":{"start":{"line":14,"column":2},"end":{"line":14,"column":3}},"loc":{"start":{"line":14,"column":40},"end":{"line":28,"column":3}},"line":14},"2":{"name":"(anonymous_2)","decl":{"start":{"line":30,"column":2},"end":{"line":30,"column":3}},"loc":{"start":{"line":30,"column":37},"end":{"line":50,"column":3}},"line":30},"3":{"name":"(anonymous_3)","decl":{"start":{"line":52,"column":2},"end":{"line":52,"column":3}},"loc":{"start":{"line":52,"column":56},"end":{"line":86,"column":3}},"line":52},"4":{"name":"(anonymous_4)","decl":{"start":{"line":73,"column":28},"end":{"line":73,"column":29}},"loc":{"start":{"line":73,"column":39},"end":{"line":73,"column":81}},"line":73},"5":{"name":"(anonymous_5)","decl":{"start":{"line":88,"column":2},"end":{"line":88,"column":3}},"loc":{"start":{"line":88,"column":36},"end":{"line":106,"column":3}},"line":88},"6":{"name":"(anonymous_6)","decl":{"start":{"line":108,"column":2},"end":{"line":108,"column":3}},"loc":{"start":{"line":108,"column":41},"end":{"line":133,"column":3}},"line":108}},"branchMap":{"0":{"loc":{"start":{"line":6,"column":29},"end":{"line":6,"column":64}},"type":"binary-expr","locations":[{"start":{"line":6,"column":29},"end":{"line":6,"column":59}},{"start":{"line":6,"column":63},"end":{"line":6,"column":64}}],"line":6},"1":{"loc":{"start":{"line":7,"column":29},"end":{"line":7,"column":63}},"type":"binary-expr","locations":[{"start":{"line":7,"column":29},"end":{"line":7,"column":55}},{"start":{"line":7,"column":59},"end":{"line":7,"column":63}}],"line":7},"2":{"loc":{"start":{"line":17,"column":32},"end":{"line":19,"column":21}},"type":"cond-expr","locations":[{"start":{"line":18,"column":8},"end":{"line":18,"column":40}},{"start":{"line":19,"column":8},"end":{"line":19,"column":21}}],"line":17},"3":{"loc":{"start":{"line":72,"column":8},"end":{"line":74,"column":9}},"type":"if","locations":[{"start":{"line":72,"column":8},"end":{"line":74,"column":9}},{"start":{},"end":{}}],"line":72},"4":{"loc":{"start":{"line":92,"column":6},"end":{"line":94,"column":7}},"type":"if","locations":[{"start":{"line":92,"column":6},"end":{"line":94,"column":7}},{"start":{},"end":{}}],"line":92},"5":{"loc":{"start":{"line":96,"column":6},"end":{"line":99,"column":7}},"type":"if","locations":[{"start":{"line":96,"column":6},"end":{"line":99,"column":7}},{"start":{},"end":{}}],"line":96},"6":{"loc":{"start":{"line":114,"column":6},"end":{"line":116,"column":7}},"type":"if","locations":[{"start":{"line":114,"column":6},"end":{"line":116,"column":7}},{"start":{},"end":{}}],"line":114},"7":{"loc":{"start":{"line":114,"column":10},"end":{"line":114,"column":42}},"type":"binary-expr","locations":[{"start":{"line":114,"column":10},"end":{"line":114,"column":18}},{"start":{"line":114,"column":22},"end":{"line":114,"column":42}}],"line":114},"8":{"loc":{"start":{"line":119,"column":16},"end":{"line":119,"column":40}},"type":"binary-expr","locations":[{"start":{"line":119,"column":16},"end":{"line":119,"column":22}},{"start":{"line":119,"column":26},"end":{"line":119,"column":40}}],"line":119},"9":{"loc":{"start":{"line":123,"column":29},"end":{"line":123,"column":53}},"type":"binary-expr","locations":[{"start":{"line":123,"column":29},"end":{"line":123,"column":35}},{"start":{"line":123,"column":39},"end":{"line":123,"column":53}}],"line":123}},"s":{"0":2,"1":2,"2":2,"3":2,"4":2,"5":2,"6":2,"7":2,"8":2,"9":2,"10":2,"11":2,"12":2,"13":2,"14":2,"15":2,"16":2,"17":0,"18":0,"19":0,"20":0,"21":0,"22":0,"23":0,"24":0,"25":0,"26":0,"27":0,"28":0,"29":0,"30":0,"31":0,"32":0,"33":0,"34":0,"35":0,"36":0,"37":0,"38":0,"39":0,"40":0,"41":0,"42":2,"43":2,"44":2,"45":1,"46":1,"47":0,"48":0,"49":1,"50":1,"51":1,"52":0,"53":0,"54":0,"55":0,"56":0,"57":0,"58":0,"59":0,"60":0,"61":0,"62":0,"63":0,"64":0,"65":0,"66":2},"f":{"0":2,"1":2,"2":2,"3":0,"4":0,"5":2,"6":0},"b":{"0":[2,2],"1":[2,2],"2":[2,0],"3":[0,0],"4":[1,1],"5":[0,1],"6":[0,0],"7":[0,0],"8":[0,0],"9":[0,0]},"_coverageSchema":"1a1c01bbd47fc00a2c39e90264f33305004495a9","hash":"fa1531505473b7f42f17912430dad57fb9d7761c"}
,"/home/runner/work/quickbooks-payments-flow/quickbooks-payments-flow/src/services/plaid.service.js": {"path":"/home/runner/work/quickbooks-payments-flow/quickbooks-payments-flow/src/services/plaid.service.js","statementMap":{"0":{"start":{"line":1,"column":15},"end":{"line":1,"column":32}},"1":{"start":{"line":2,"column":23},"end":{"line":2,"column":38}},"2":{"start":{"line":3,"column":15},"end":{"line":3,"column":41}},"3":{"start":{"line":4,"column":20},"end":{"line":4,"column":46}},"4":{"start":{"line":5,"column":19},"end":{"line":5,"column":51}},"5":{"start":{"line":9,"column":4},"end":{"line":9,"column":40}},"6":{"start":{"line":10,"column":4},"end":{"line":10,"column":93}},"7":{"start":{"line":11,"column":4},"end":{"line":11,"column":43}},"8":{"start":{"line":15,"column":4},"end":{"line":19,"column":5}},"9":{"start":{"line":16,"column":20},"end":{"line":16,"column":56}},"10":{"start":{"line":17,"column":6},"end":{"line":17,"column":29}},"11":{"start":{"line":18,"column":6},"end":{"line":18,"column":18}},"12":{"start":{"line":23,"column":4},"end":{"line":25,"column":5}},"13":{"start":{"line":24,"column":6},"end":{"line":24,"column":23}},"14":{"start":{"line":27,"column":4},"end":{"line":31,"column":6}},"15":{"start":{"line":35,"column":4},"end":{"line":39,"column":7}},"16":{"start":{"line":43,"column":23},"end":{"line":43,"column":49}},"17":{"start":{"line":45,"column":4},"end":{"line":52,"column":7}},"18":{"start":{"line":54,"column":22},"end":{"line":54,"column":102}},"19":{"start":{"line":55,"column":4},"end":{"line":55,"column":77}},"20":{"start":{"line":56,"column":4},"end":{"line":60,"column":6}},"21":{"start":{"line":62,"column":4},"end":{"line":62,"column":20}},"22":{"start":{"line":66,"column":19},"end":{"line":66,"column":75}},"23":{"start":{"line":67,"column":4},"end":{"line":67,"column":29}},"24":{"start":{"line":71,"column":4},"end":{"line":75,"column":6}},"25":{"start":{"line":79,"column":4},"end":{"line":79,"column":28}},"26":{"start":{"line":81,"column":19},"end":{"line":81,"column":55}},"27":{"start":{"line":83,"column":4},"end":{"line":105,"column":5}},"28":{"start":{"line":84,"column":23},"end":{"line":94,"column":53}},"29":{"start":{"line":96,"column":6},"end":{"line":96,"column":60}},"30":{"start":{"line":98,"column":6},"end":{"line":102,"column":8}},"31":{"start":{"line":104,"column":6},"end":{"line":104,"column":62}},"32":{"start":{"line":109,"column":4},"end":{"line":109,"column":28}},"33":{"start":{"line":111,"column":4},"end":{"line":150,"column":5}},"34":{"start":{"line":112,"column":31},"end":{"line":114,"column":53}},"35":{"start":{"line":116,"column":6},"end":{"line":116,"column":76}},"36":{"start":{"line":118,"column":35},"end":{"line":118,"column":43}},"37":{"start":{"line":119,"column":26},"end":{"line":119,"column":60}},"38":{"start":{"line":121,"column":31},"end":{"line":123,"column":53}},"39":{"start":{"line":125,"column":6},"end":{"line":125,"column":64}},"40":{"start":{"line":127,"column":6},"end":{"line":134,"column":9}},"41":{"start":{"line":136,"column":6},"end":{"line":147,"column":8}},"42":{"start":{"line":139,"column":67},"end":{"line":145,"column":9}},"43":{"start":{"line":149,"column":6},"end":{"line":149,"column":70}},"44":{"start":{"line":154,"column":4},"end":{"line":154,"column":28}},"45":{"start":{"line":156,"column":17},"end":{"line":156,"column":65}},"46":{"start":{"line":158,"column":4},"end":{"line":162,"column":5}},"47":{"start":{"line":159,"column":20},"end":{"line":159,"column":71}},"48":{"start":{"line":160,"column":6},"end":{"line":160,"column":29}},"49":{"start":{"line":161,"column":6},"end":{"line":161,"column":18}},"50":{"start":{"line":164,"column":4},"end":{"line":233,"column":5}},"51":{"start":{"line":165,"column":36},"end":{"line":175,"column":53}},"52":{"start":{"line":177,"column":6},"end":{"line":177,"column":85}},"53":{"start":{"line":179,"column":28},"end":{"line":179,"column":68}},"54":{"start":{"line":181,"column":6},"end":{"line":186,"column":7}},"55":{"start":{"line":182,"column":22},"end":{"line":182,"column":83}},"56":{"start":{"line":183,"column":8},"end":{"line":183,"column":31}},"57":{"start":{"line":184,"column":8},"end":{"line":184,"column":38}},"58":{"start":{"line":185,"column":8},"end":{"line":185,"column":20}},"59":{"start":{"line":188,"column":31},"end":{"line":199,"column":53}},"60":{"start":{"line":201,"column":6},"end":{"line":201,"column":67}},"61":{"start":{"line":203,"column":23},"end":{"line":203,"column":53}},"62":{"start":{"line":205,"column":6},"end":{"line":217,"column":9}},"63":{"start":{"line":219,"column":6},"end":{"line":226,"column":8}},"64":{"start":{"line":228,"column":6},"end":{"line":230,"column":7}},"65":{"start":{"line":229,"column":8},"end":{"line":229,"column":20}},"66":{"start":{"line":232,"column":6},"end":{"line":232,"column":61}},"67":{"start":{"line":237,"column":4},"end":{"line":237,"column":28}},"68":{"start":{"line":239,"column":4},"end":{"line":258,"column":5}},"69":{"start":{"line":240,"column":23},"end":{"line":242,"column":53}},"70":{"start":{"line":244,"column":6},"end":{"line":244,"column":56}},"71":{"start":{"line":246,"column":6},"end":{"line":249,"column":9}},"72":{"start":{"line":251,"column":6},"end":{"line":255,"column":8}},"73":{"start":{"line":257,"column":6},"end":{"line":257,"column":58}},"74":{"start":{"line":262,"column":4},"end":{"line":262,"column":28}},"75":{"start":{"line":264,"column":4},"end":{"line":268,"column":5}},"76":{"start":{"line":265,"column":20},"end":{"line":265,"column":86}},"77":{"start":{"line":266,"column":6},"end":{"line":266,"column":29}},"78":{"start":{"line":267,"column":6},"end":{"line":267,"column":18}},"79":{"start":{"line":270,"column":4},"end":{"line":286,"column":5}},"80":{"start":{"line":271,"column":23},"end":{"line":275,"column":53}},"81":{"start":{"line":277,"column":6},"end":{"line":277,"column":68}},"82":{"start":{"line":279,"column":6},"end":{"line":283,"column":8}},"83":{"start":{"line":285,"column":6},"end":{"line":285,"column":70}},"84":{"start":{"line":290,"column":4},"end":{"line":290,"column":28}},"85":{"start":{"line":292,"column":4},"end":{"line":296,"column":5}},"86":{"start":{"line":293,"column":20},"end":{"line":293,"column":66}},"87":{"start":{"line":294,"column":6},"end":{"line":294,"column":29}},"88":{"start":{"line":295,"column":6},"end":{"line":295,"column":18}},"89":{"start":{"line":298,"column":4},"end":{"line":340,"column":5}},"90":{"start":{"line":299,"column":30},"end":{"line":299,"column":58}},"91":{"start":{"line":300,"column":24},"end":{"line":300,"column":92}},"92":{"start":{"line":302,"column":26},"end":{"line":304,"column":53}},"93":{"start":{"line":306,"column":6},"end":{"line":306,"column":73}},"94":{"start":{"line":308,"column":39},"end":{"line":308,"column":59}},"95":{"start":{"line":309,"column":30},"end":{"line":309,"column":82}},"96":{"start":{"line":310,"column":23},"end":{"line":312,"column":8}},"97":{"start":{"line":313,"column":26},"end":{"line":313,"column":83}},"98":{"start":{"line":315,"column":6},"end":{"line":319,"column":7}},"99":{"start":{"line":316,"column":22},"end":{"line":316,"column":78}},"100":{"start":{"line":317,"column":8},"end":{"line":317,"column":31}},"101":{"start":{"line":318,"column":8},"end":{"line":318,"column":20}},"102":{"start":{"line":321,"column":6},"end":{"line":325,"column":8}},"103":{"start":{"line":327,"column":6},"end":{"line":329,"column":7}},"104":{"start":{"line":328,"column":8},"end":{"line":328,"column":20}},"105":{"start":{"line":331,"column":24},"end":{"line":331,"column":70}},"106":{"start":{"line":332,"column":6},"end":{"line":332,"column":33}},"107":{"start":{"line":334,"column":6},"end":{"line":337,"column":9}},"108":{"start":{"line":339,"column":6},"end":{"line":339,"column":22}},"109":{"start":{"line":344,"column":23},"end":{"line":344,"column":42}},"110":{"start":{"line":345,"column":22},"end":{"line":345,"column":40}},"111":{"start":{"line":347,"column":4},"end":{"line":353,"column":7}},"112":{"start":{"line":355,"column":4},"end":{"line":366,"column":5}},"113":{"start":{"line":356,"column":6},"end":{"line":359,"column":9}},"114":{"start":{"line":361,"column":6},"end":{"line":365,"column":9}},"115":{"start":{"line":368,"column":4},"end":{"line":373,"column":6}},"116":{"start":{"line":377,"column":0},"end":{"line":377,"column":36}},"117":{"start":{"line":378,"column":0},"end":{"line":378,"column":43}}},"fnMap":{"0":{"name":"(anonymous_0)","decl":{"start":{"line":8,"column":2},"end":{"line":8,"column":3}},"loc":{"start":{"line":8,"column":46},"end":{"line":12,"column":3}},"line":8},"1":{"name":"(anonymous_1)","decl":{"start":{"line":14,"column":2},"end":{"line":14,"column":3}},"loc":{"start":{"line":14,"column":21},"end":{"line":20,"column":3}},"line":14},"2":{"name":"(anonymous_2)","decl":{"start":{"line":22,"column":2},"end":{"line":22,"column":3}},"loc":{"start":{"line":22,"column":33},"end":{"line":32,"column":3}},"line":22},"3":{"name":"(anonymous_3)","decl":{"start":{"line":34,"column":2},"end":{"line":34,"column":3}},"loc":{"start":{"line":34,"column":45},"end":{"line":40,"column":3}},"line":34},"4":{"name":"(anonymous_4)","decl":{"start":{"line":42,"column":2},"end":{"line":42,"column":3}},"loc":{"start":{"line":42,"column":47},"end":{"line":63,"column":3}},"line":42},"5":{"name":"(anonymous_5)","decl":{"start":{"line":65,"column":2},"end":{"line":65,"column":3}},"loc":{"start":{"line":65,"column":26},"end":{"line":68,"column":3}},"line":65},"6":{"name":"(anonymous_6)","decl":{"start":{"line":70,"column":2},"end":{"line":70,"column":3}},"loc":{"start":{"line":70,"column":43},"end":{"line":76,"column":3}},"line":70},"7":{"name":"(anonymous_7)","decl":{"start":{"line":78,"column":2},"end":{"line":78,"column":3}},"loc":{"start":{"line":78,"column":47},"end":{"line":106,"column":3}},"line":78},"8":{"name":"(anonymous_8)","decl":{"start":{"line":108,"column":2},"end":{"line":108,"column":3}},"loc":{"start":{"line":108,"column":51},"end":{"line":151,"column":3}},"line":108},"9":{"name":"(anonymous_9)","decl":{"start":{"line":139,"column":53},"end":{"line":139,"column":54}},"loc":{"start":{"line":139,"column":67},"end":{"line":145,"column":9}},"line":139},"10":{"name":"(anonymous_10)","decl":{"start":{"line":153,"column":2},"end":{"line":153,"column":3}},"loc":{"start":{"line":153,"column":46},"end":{"line":234,"column":3}},"line":153},"11":{"name":"(anonymous_11)","decl":{"start":{"line":236,"column":2},"end":{"line":236,"column":3}},"loc":{"start":{"line":236,"column":46},"end":{"line":259,"column":3}},"line":236},"12":{"name":"(anonymous_12)","decl":{"start":{"line":261,"column":2},"end":{"line":261,"column":3}},"loc":{"start":{"line":261,"column":67},"end":{"line":287,"column":3}},"line":261},"13":{"name":"(anonymous_13)","decl":{"start":{"line":289,"column":2},"end":{"line":289,"column":3}},"loc":{"start":{"line":289,"column":73},"end":{"line":341,"column":3}},"line":289},"14":{"name":"(anonymous_14)","decl":{"start":{"line":343,"column":2},"end":{"line":343,"column":3}},"loc":{"start":{"line":343,"column":46},"end":{"line":374,"column":3}},"line":343}},"branchMap":{"0":{"loc":{"start":{"line":8,"column":14},"end":{"line":8,"column":44}},"type":"default-arg","locations":[{"start":{"line":8,"column":42},"end":{"line":8,"column":44}}],"line":8},"1":{"loc":{"start":{"line":9,"column":18},"end":{"line":9,"column":39}},"type":"binary-expr","locations":[{"start":{"line":9,"column":18},"end":{"line":9,"column":24}},{"start":{"line":9,"column":28},"end":{"line":9,"column":39}}],"line":9},"2":{"loc":{"start":{"line":10,"column":18},"end":{"line":10,"column":92}},"type":"binary-expr","locations":[{"start":{"line":10,"column":18},"end":{"line":10,"column":24}},{"start":{"line":10,"column":29},"end":{"line":10,"column":91}}],"line":10},"3":{"loc":{"start":{"line":10,"column":29},"end":{"line":10,"column":91}},"type":"cond-expr","locations":[{"start":{"line":10,"column":58},"end":{"line":10,"column":84}},{"start":{"line":10,"column":87},"end":{"line":10,"column":91}}],"line":10},"4":{"loc":{"start":{"line":11,"column":17},"end":{"line":11,"column":42}},"type":"binary-expr","locations":[{"start":{"line":11,"column":17},"end":{"line":11,"column":22}},{"start":{"line":11,"column":26},"end":{"line":11,"column":42}}],"line":11},"5":{"loc":{"start":{"line":15,"column":4},"end":{"line":19,"column":5}},"type":"if","locations":[{"start":{"line":15,"column":4},"end":{"line":19,"column":5}},{"start":{},"end":{}}],"line":15},"6":{"loc":{"start":{"line":23,"column":4},"end":{"line":25,"column":5}},"type":"if","locations":[{"start":{"line":23,"column":4},"end":{"line":25,"column":5}},{"start":{},"end":{}}],"line":23},"7":{"loc":{"start":{"line":34,"column":31},"end":{"line":34,"column":43}},"type":"default-arg","locations":[{"start":{"line":34,"column":41},"end":{"line":34,"column":43}}],"line":34},"8":{"loc":{"start":{"line":42,"column":33},"end":{"line":42,"column":45}},"type":"default-arg","locations":[{"start":{"line":42,"column":43},"end":{"line":42,"column":45}}],"line":42},"9":{"loc":{"start":{"line":43,"column":23},"end":{"line":43,"column":49}},"type":"binary-expr","locations":[{"start":{"line":43,"column":23},"end":{"line":43,"column":43}},{"start":{"line":43,"column":47},"end":{"line":43,"column":49}}],"line":43},"10":{"loc":{"start":{"line":51,"column":25},"end":{"line":51,"column":66}},"type":"binary-expr","locations":[{"start":{"line":51,"column":25},"end":{"line":51,"column":49}},{"start":{"line":51,"column":53},"end":{"line":51,"column":66}}],"line":51},"11":{"loc":{"start":{"line":54,"column":32},"end":{"line":54,"column":101}},"type":"binary-expr","locations":[{"start":{"line":54,"column":32},"end":{"line":54,"column":56}},{"start":{"line":54,"column":60},"end":{"line":54,"column":73}},{"start":{"line":54,"column":77},"end":{"line":54,"column":101}}],"line":54},"12":{"loc":{"start":{"line":55,"column":27},"end":{"line":55,"column":76}},"type":"binary-expr","locations":[{"start":{"line":55,"column":27},"end":{"line":55,"column":49}},{"start":{"line":55,"column":53},"end":{"line":55,"column":69}},{"start":{"line":55,"column":73},"end":{"line":55,"column":76}}],"line":55},"13":{"loc":{"start":{"line":66,"column":19},"end":{"line":66,"column":75}},"type":"cond-expr","locations":[{"start":{"line":66,"column":48},"end":{"line":66,"column":54}},{"start":{"line":66,"column":57},"end":{"line":66,"column":75}}],"line":66},"14":{"loc":{"start":{"line":70,"column":20},"end":{"line":70,"column":29}},"type":"default-arg","locations":[{"start":{"line":70,"column":27},"end":{"line":70,"column":29}}],"line":70},"15":{"loc":{"start":{"line":72,"column":18},"end":{"line":72,"column":95}},"type":"binary-expr","locations":[{"start":{"line":72,"column":18},"end":{"line":72,"column":32}},{"start":{"line":72,"column":36},"end":{"line":72,"column":95}}],"line":72},"16":{"loc":{"start":{"line":72,"column":57},"end":{"line":72,"column":80}},"type":"binary-expr","locations":[{"start":{"line":72,"column":57},"end":{"line":72,"column":67}},{"start":{"line":72,"column":71},"end":{"line":72,"column":80}}],"line":72},"17":{"loc":{"start":{"line":78,"column":33},"end":{"line":78,"column":45}},"type":"default-arg","locations":[{"start":{"line":78,"column":43},"end":{"line":78,"column":45}}],"line":78},"18":{"loc":{"start":{"line":81,"column":19},"end":{"line":81,"column":55}},"type":"binary-expr","locations":[{"start":{"line":81,"column":19},"end":{"line":81,"column":33}},{"start":{"line":81,"column":37},"end":{"line":81,"column":55}}],"line":81},"19":{"loc":{"start":{"line":85,"column":21},"end":{"line":85,"column":69}},"type":"binary-expr","locations":[{"start":{"line":85,"column":21},"end":{"line":85,"column":39}},{"start":{"line":85,"column":43},"end":{"line":85,"column":69}}],"line":85},"20":{"loc":{"start":{"line":86,"column":18},"end":{"line":86,"column":42}},"type":"binary-expr","locations":[{"start":{"line":86,"column":18},"end":{"line":86,"column":34}},{"start":{"line":86,"column":38},"end":{"line":86,"column":42}}],"line":86},"21":{"loc":{"start":{"line":87,"column":23},"end":{"line":87,"column":53}},"type":"binary-expr","locations":[{"start":{"line":87,"column":23},"end":{"line":87,"column":43}},{"start":{"line":87,"column":47},"end":{"line":87,"column":53}}],"line":87},"22":{"loc":{"start":{"line":89,"column":17},"end":{"line":89,"column":61}},"type":"binary-expr","locations":[{"start":{"line":89,"column":17},"end":{"line":89,"column":35}},{"start":{"line":89,"column":39},"end":{"line":89,"column":61}}],"line":89},"23":{"loc":{"start":{"line":108,"column":37},"end":{"line":108,"column":49}},"type":"default-arg","locations":[{"start":{"line":108,"column":47},"end":{"line":108,"column":49}}],"line":108},"24":{"loc":{"start":{"line":131,"column":16},"end":{"line":131,"column":52}},"type":"binary-expr","locations":[{"start":{"line":131,"column":16},"end":{"line":131,"column":30}},{"start":{"line":131,"column":34},"end":{"line":131,"column":52}}],"line":131},"25":{"loc":{"start":{"line":153,"column":32},"end":{"line":153,"column":44}},"type":"default-arg","locations":[{"start":{"line":153,"column":42},"end":{"line":153,"column":44}}],"line":153},"26":{"loc":{"start":{"line":158,"column":4},"end":{"line":162,"column":5}},"type":"if","locations":[{"start":{"line":158,"column":4},"end":{"line":162,"column":5}},{"start":{},"end":{}}],"line":158},"27":{"loc":{"start":{"line":181,"column":6},"end":{"line":186,"column":7}},"type":"if","locations":[{"start":{"line":181,"column":6},"end":{"line":186,"column":7}},{"start":{},"end":{}}],"line":181},"28":{"loc":{"start":{"line":228,"column":6},"end":{"line":230,"column":7}},"type":"if","locations":[{"start":{"line":228,"column":6},"end":{"line":230,"column":7}},{"start":{},"end":{}}],"line":228},"29":{"loc":{"start":{"line":236,"column":32},"end":{"line":236,"column":44}},"type":"default-arg","locations":[{"start":{"line":236,"column":42},"end":{"line":236,"column":44}}],"line":236},"30":{"loc":{"start":{"line":261,"column":53},"end":{"line":261,"column":65}},"type":"default-arg","locations":[{"start":{"line":261,"column":63},"end":{"line":261,"column":65}}],"line":261},"31":{"loc":{"start":{"line":264,"column":4},"end":{"line":268,"column":5}},"type":"if","locations":[{"start":{"line":264,"column":4},"end":{"line":268,"column":5}},{"start":{},"end":{}}],"line":264},"32":{"loc":{"start":{"line":289,"column":59},"end":{"line":289,"column":71}},"type":"default-arg","locations":[{"start":{"line":289,"column":69},"end":{"line":289,"column":71}}],"line":289},"33":{"loc":{"start":{"line":292,"column":4},"end":{"line":296,"column":5}},"type":"if","locations":[{"start":{"line":292,"column":4},"end":{"line":296,"column":5}},{"start":{},"end":{}}],"line":292},"34":{"loc":{"start":{"line":315,"column":6},"end":{"line":319,"column":7}},"type":"if","locations":[{"start":{"line":315,"column":6},"end":{"line":319,"column":7}},{"start":{},"end":{}}],"line":315},"35":{"loc":{"start":{"line":327,"column":6},"end":{"line":329,"column":7}},"type":"if","locations":[{"start":{"line":327,"column":6},"end":{"line":329,"column":7}},{"start":{},"end":{}}],"line":327},"36":{"loc":{"start":{"line":343,"column":32},"end":{"line":343,"column":44}},"type":"default-arg","locations":[{"start":{"line":343,"column":42},"end":{"line":343,"column":44}}],"line":343},"37":{"loc":{"start":{"line":355,"column":4},"end":{"line":366,"column":5}},"type":"if","locations":[{"start":{"line":355,"column":4},"end":{"line":366,"column":5}},{"start":{},"end":{}}],"line":355},"38":{"loc":{"start":{"line":355,"column":8},"end":{"line":355,"column":110}},"type":"binary-expr","locations":[{"start":{"line":355,"column":8},"end":{"line":355,"column":43}},{"start":{"line":355,"column":47},"end":{"line":355,"column":96}},{"start":{"line":355,"column":100},"end":{"line":355,"column":110}}],"line":355}},"s":{"0":2,"1":2,"2":2,"3":2,"4":2,"5":5,"6":5,"7":5,"8":2,"9":0,"10":0,"11":0,"12":4,"13":0,"14":4,"15":4,"16":0,"17":0,"18":0,"19":0,"20":0,"21":0,"22":2,"23":2,"24":1,"25":0,"26":0,"27":0,"28":0,"29":0,"30":0,"31":0,"32":1,"33":1,"34":1,"35":1,"36":1,"37":1,"38":1,"39":1,"40":1,"41":1,"42":1,"43":0,"44":1,"45":1,"46":1,"47":0,"48":0,"49":0,"50":1,"51":1,"52":1,"53":1,"54":1,"55":0,"56":0,"57":0,"58":0,"59":1,"60":1,"61":1,"62":1,"63":1,"64":0,"65":0,"66":0,"67":0,"68":0,"69":0,"70":0,"71":0,"72":0,"73":0,"74":0,"75":0,"76":0,"77":0,"78":0,"79":0,"80":0,"81":0,"82":0,"83":0,"84":0,"85":0,"86":0,"87":0,"88":0,"89":0,"90":0,"91":0,"92":0,"93":0,"94":0,"95":0,"96":0,"97":0,"98":0,"99":0,"100":0,"101":0,"102":0,"103":0,"104":0,"105":0,"106":0,"107":0,"108":0,"109":0,"110":0,"111":0,"112":0,"113":0,"114":0,"115":0,"116":2,"117":2},"f":{"0":5,"1":2,"2":4,"3":4,"4":0,"5":2,"6":1,"7":0,"8":1,"9":1,"10":1,"11":0,"12":0,"13":0,"14":0},"b":{"0":[2],"1":[5,2],"2":[5,2],"3":[0,2],"4":[5,2],"5":[0,2],"6":[0,4],"7":[0],"8":[0],"9":[0,0],"10":[0,0],"11":[0,0,0],"12":[0,0,0],"13":[0,2],"14":[0],"15":[1,0],"16":[0,0],"17":[0],"18":[0,0],"19":[0,0],"20":[0,0],"21":[0,0],"22":[0,0],"23":[0],"24":[1,0],"25":[0],"26":[0,1],"27":[0,1],"28":[0,0],"29":[0],"30":[0],"31":[0,0],"32":[0],"33":[0,0],"34":[0,0],"35":[0,0],"36":[0],"37":[0,0],"38":[0,0,0]},"_coverageSchema":"1a1c01bbd47fc00a2c39e90264f33305004495a9","hash":"ecf683975ff1c4ab5104a0051f1f02fc39b3b1ae"}
,"/home/runner/work/quickbooks-payments-flow/quickbooks-payments-flow/src/services/quickbooks.service.js": {"path":"/home/runner/work/quickbooks-payments-flow/quickbooks-payments-flow/src/services/quickbooks.service.js","statementMap":{"0":{"start":{"line":1,"column":14},"end":{"line":1,"column":30}},"1":{"start":{"line":2,"column":15},"end":{"line":2,"column":41}},"2":{"start":{"line":3,"column":17},"end":{"line":3,"column":48}},"3":{"start":{"line":7,"column":4},"end":{"line":25,"column":5}},"4":{"start":{"line":8,"column":6},"end":{"line":8,"column":56}},"5":{"start":{"line":10,"column":23},"end":{"line":18,"column":7}},"6":{"start":{"line":20,"column":6},"end":{"line":20,"column":84}},"7":{"start":{"line":21,"column":6},"end":{"line":21,"column":27}},"8":{"start":{"line":23,"column":6},"end":{"line":23,"column":69}},"9":{"start":{"line":24,"column":6},"end":{"line":24,"column":46}},"10":{"start":{"line":29,"column":4},"end":{"line":41,"column":5}},"11":{"start":{"line":30,"column":6},"end":{"line":30,"column":62}},"12":{"start":{"line":32,"column":18},"end":{"line":32,"column":57}},"13":{"start":{"line":33,"column":23},"end":{"line":35,"column":8}},"14":{"start":{"line":37,"column":6},"end":{"line":37,"column":27}},"15":{"start":{"line":39,"column":6},"end":{"line":39,"column":70}},"16":{"start":{"line":40,"column":6},"end":{"line":40,"column":18}},"17":{"start":{"line":45,"column":4},"end":{"line":59,"column":5}},"18":{"start":{"line":46,"column":6},"end":{"line":46,"column":92}},"19":{"start":{"line":48,"column":18},"end":{"line":48,"column":56}},"20":{"start":{"line":49,"column":23},"end":{"line":52,"column":8}},"21":{"start":{"line":54,"column":6},"end":{"line":54,"column":83}},"22":{"start":{"line":55,"column":6},"end":{"line":55,"column":27}},"23":{"start":{"line":57,"column":6},"end":{"line":57,"column":63}},"24":{"start":{"line":58,"column":6},"end":{"line":58,"column":18}},"25":{"start":{"line":63,"column":4},"end":{"line":75,"column":5}},"26":{"start":{"line":64,"column":6},"end":{"line":64,"column":60}},"27":{"start":{"line":66,"column":18},"end":{"line":66,"column":69}},"28":{"start":{"line":67,"column":23},"end":{"line":69,"column":8}},"29":{"start":{"line":71,"column":6},"end":{"line":71,"column":27}},"30":{"start":{"line":73,"column":6},"end":{"line":73,"column":69}},"31":{"start":{"line":74,"column":6},"end":{"line":74,"column":18}},"32":{"start":{"line":79,"column":4},"end":{"line":92,"column":5}},"33":{"start":{"line":80,"column":6},"end":{"line":80,"column":54}},"34":{"start":{"line":82,"column":18},"end":{"line":82,"column":77}},"35":{"start":{"line":83,"column":23},"end":{"line":85,"column":8}},"36":{"start":{"line":87,"column":6},"end":{"line":87,"column":83}},"37":{"start":{"line":88,"column":6},"end":{"line":88,"column":27}},"38":{"start":{"line":90,"column":6},"end":{"line":90,"column":63}},"39":{"start":{"line":91,"column":6},"end":{"line":91,"column":18}},"40":{"start":{"line":96,"column":0},"end":{"line":96,"column":41}}},"fnMap":{"0":{"name":"(anonymous_0)","decl":{"start":{"line":6,"column":2},"end":{"line":6,"column":3}},"loc":{"start":{"line":6,"column":41},"end":{"line":26,"column":3}},"line":6},"1":{"name":"(anonymous_1)","decl":{"start":{"line":28,"column":2},"end":{"line":28,"column":3}},"loc":{"start":{"line":28,"column":28},"end":{"line":42,"column":3}},"line":28},"2":{"name":"(anonymous_2)","decl":{"start":{"line":44,"column":2},"end":{"line":44,"column":3}},"loc":{"start":{"line":44,"column":35},"end":{"line":60,"column":3}},"line":44},"3":{"name":"(anonymous_3)","decl":{"start":{"line":62,"column":2},"end":{"line":62,"column":3}},"loc":{"start":{"line":62,"column":36},"end":{"line":76,"column":3}},"line":62},"4":{"name":"(anonymous_4)","decl":{"start":{"line":78,"column":2},"end":{"line":78,"column":3}},"loc":{"start":{"line":78,"column":45},"end":{"line":93,"column":3}},"line":78}},"branchMap":{"0":{"loc":{"start":{"line":51,"column":26},"end":{"line":51,"column":65}},"type":"binary-expr","locations":[{"start":{"line":51,"column":26},"end":{"line":51,"column":56}},{"start":{"line":51,"column":60},"end":{"line":51,"column":65}}],"line":51}},"s":{"0":2,"1":2,"2":2,"3":0,"4":0,"5":0,"6":0,"7":0,"8":0,"9":0,"10":0,"11":0,"12":0,"13":0,"14":0,"15":0,"16":0,"17":0,"18":0,"19":0,"20":0,"21":0,"22":0,"23":0,"24":0,"25":0,"26":0,"27":0,"28":0,"29":0,"30":0,"31":0,"32":0,"33":0,"34":0,"35":0,"36":0,"37":0,"38":0,"39":0,"40":2},"f":{"0":0,"1":0,"2":0,"3":0,"4":0},"b":{"0":[0,0]},"_coverageSchema":"1a1c01bbd47fc00a2c39e90264f33305004495a9","hash":"f1e1abde708ba531412671946ded28422edef702"}
[...]
44":{"start":{"line":101,"column":19},"end":{"line":101,"column":74}},"45":{"start":{"line":103,"column":6},"end":{"line":115,"column":7}},"46":{"start":{"line":104,"column":8},"end":{"line":104,"column":75}},"47":{"start":{"line":106,"column":8},"end":{"line":106,"column":33}},"48":{"start":{"line":107,"column":8},"end":{"line":107,"column":28}},"49":{"start":{"line":108,"column":8},"end":{"line":112,"column":10}},"50":{"start":{"line":113,"column":8},"end":{"line":113,"column":43}},"51":{"start":{"line":114,"column":8},"end":{"line":114,"column":28}},"52":{"start":{"line":117,"column":6},"end":{"line":117,"column":64}},"53":{"start":{"line":118,"column":6},"end":{"line":118,"column":20}},"54":{"start":{"line":121,"column":6},"end":{"line":121,"column":66}},"55":{"start":{"line":122,"column":6},"end":{"line":122,"column":18}},"56":{"start":{"line":130,"column":4},"end":{"line":167,"column":5}},"57":{"start":{"line":131,"column":37},"end":{"line":131,"column":47}},"58":{"start":{"line":133,"column":6},"end":{"line":133,"column":66}},"59":{"start":{"line":135,"column":21},"end":{"line":135,"column":76}},"60":{"start":{"line":137,"column":6},"end":{"line":140,"column":7}},"61":{"start":{"line":138,"column":8},"end":{"line":138,"column":58}},"62":{"start":{"line":139,"column":8},"end":{"line":139,"column":15}},"63":{"start":{"line":143,"column":6},"end":{"line":159,"column":7}},"64":{"start":{"line":144,"column":8},"end":{"line":144,"column":31}},"65":{"start":{"line":145,"column":8},"end":{"line":145,"column":59}},"66":{"start":{"line":148,"column":8},"end":{"line":156,"column":9}},"67":{"start":{"line":149,"column":10},"end":{"line":155,"column":13}},"68":{"start":{"line":158,"column":8},"end":{"line":158,"column":28}},"69":{"start":{"line":161,"column":6},"end":{"line":161,"column":66}},"70":{"start":{"line":162,"column":6},"end":{"line":162,"column":20}},"71":{"start":{"line":165,"column":6},"end":{"line":165,"column":68}},"72":{"start":{"line":166,"column":6},"end":{"line":166,"column":18}},"73":{"start":{"line":174,"column":4},"end":{"line":201,"column":5}},"74":{"start":{"line":175,"column":39},"end":{"line":175,"column":49}},"75":{"start":{"line":177,"column":6},"end":{"line":177,"column":69}},"76":{"start":{"line":179,"column":19},"end":{"line":179,"column":63}},"77":{"start":{"line":181,"column":6},"end":{"line":193,"column":7}},"78":{"start":{"line":183,"column":8},"end":{"line":183,"column":47}},"79":{"start":{"line":183,"column":28},"end":{"line":183,"column":47}},"80":{"start":{"line":184,"column":8},"end":{"line":184,"column":67}},"81":{"start":{"line":184,"column":38},"end":{"line":184,"column":67}},"82":{"start":{"line":186,"column":8},"end":{"line":190,"column":11}},"83":{"start":{"line":192,"column":8},"end":{"line":192,"column":26}},"84":{"start":{"line":195,"column":6},"end":{"line":195,"column":69}},"85":{"start":{"line":196,"column":6},"end":{"line":196,"column":26}},"86":{"start":{"line":199,"column":6},"end":{"line":199,"column":69}},"87":{"start":{"line":200,"column":6},"end":{"line":200,"column":18}},"88":{"start":{"line":208,"column":4},"end":{"line":229,"column":5}},"89":{"start":{"line":209,"column":38},"end":{"line":209,"column":48}},"90":{"start":{"line":211,"column":6},"end":{"line":211,"column":69}},"91":{"start":{"line":213,"column":19},"end":{"line":213,"column":63}},"92":{"start":{"line":215,"column":6},"end":{"line":222,"column":7}},"93":{"start":{"line":217,"column":8},"end":{"line":217,"column":72}},"94":{"start":{"line":218,"column":8},"end":{"line":218,"column":58}},"95":{"start":{"line":219,"column":8},"end":{"line":219,"column":26}},"96":{"start":{"line":221,"column":8},"end":{"line":221,"column":64}},"97":{"start":{"line":224,"column":6},"end":{"line":224,"column":25}},"98":{"start":{"line":227,"column":6},"end":{"line":227,"column":68}},"99":{"start":{"line":228,"column":6},"end":{"line":228,"column":18}},"100":{"start":{"line":236,"column":4},"end":{"line":274,"column":5}},"101":{"start":{"line":237,"column":6},"end":{"line":237,"column":60}},"102":{"start":{"line":240,"column":27},"end":{"line":240,"column":69}},"103":{"start":{"line":244,"column":6},"end":{"line":263,"column":7}},"104":{"start":{"line":246,"column":10},"end":{"line":246,"column":59}},"105":{"start":{"line":247,"column":10},"end":{"line":247,"column":16}},"106":{"start":{"line":249,"column":10},"end":{"line":249,"column":56}},"107":{"start":{"line":250,"column":10},"end":{"line":250,"column":16}},"108":{"start":{"line":252,"column":10},"end":{"line":252,"column":58}},"109":{"start":{"line":253,"column":10},"end":{"line":253,"column":16}},"110":{"start":{"line":255,"column":10},"end":{"line":255,"column":59}},"111":{"start":{"line":256,"column":10},"end":{"line":256,"column":16}},"112":{"start":{"line":258,"column":10},"end":{"line":258,"column":58}},"113":{"start":{"line":259,"column":10},"end":{"line":259,"column":16}},"114":{"start":{"line":261,"column":10},"end":{"line":261,"column":61}},"115":{"start":{"line":262,"column":10},"end":{"line":262,"column":24}},"116":{"start":{"line":266,"column":6},"end":{"line":266,"column":41}},"117":{"start":{"line":268,"column":6},"end":{"line":268,"column":67}},"118":{"start":{"line":269,"column":6},"end":{"line":269,"column":20}},"119":{"start":{"line":272,"column":6},"end":{"line":272,"column":61}},"120":{"start":{"line":273,"column":6},"end":{"line":273,"column":18}},"121":{"start":{"line":281,"column":4},"end":{"line":314,"column":5}},"122":{"start":{"line":282,"column":18},"end":{"line":282,"column":28}},"123":{"start":{"line":283,"column":27},"end":{"line":287,"column":8}},"124":{"start":{"line":289,"column":6},"end":{"line":289,"column":66}},"125":{"start":{"line":291,"column":6},"end":{"line":310,"column":7}},"126":{"start":{"line":292,"column":8},"end":{"line":309,"column":9}},"127":{"start":{"line":294,"column":24},"end":{"line":301,"column":11}},"128":{"start":{"line":304,"column":10},"end":{"line":304,"column":41}},"129":{"start":{"line":307,"column":10},"end":{"line":307,"column":88}},"130":{"start":{"line":308,"column":10},"end":{"line":308,"column":53}},"131":{"start":{"line":313,"column":6},"end":{"line":313,"column":62}},"132":{"start":{"line":321,"column":4},"end":{"line":354,"column":5}},"133":{"start":{"line":322,"column":20},"end":{"line":334,"column":7}},"134":{"start":{"line":337,"column":25},"end":{"line":343,"column":7}},"135":{"start":{"line":345,"column":6},"end":{"line":347,"column":7}},"136":{"start":{"line":346,"column":8},"end":{"line":346,"column":88}},"137":{"start":{"line":349,"column":6},"end":{"line":349,"column":19}},"138":{"start":{"line":352,"column":6},"end":{"line":352,"column":55}},"139":{"start":{"line":353,"column":6},"end":{"line":353,"column":18}},"140":{"start":{"line":358,"column":0},"end":{"line":358,"column":38}}},"fnMap":{"0":{"name":"(anonymous_0)","decl":{"start":{"line":18,"column":2},"end":{"line":18,"column":3}},"loc":{"start":{"line":18,"column":43},"end":{"line":45,"column":3}},"line":18},"1":{"name":"(anonymous_1)","decl":{"start":{"line":20,"column":66},"end":{"line":20,"column":67}},"loc":{"start":{"line":20,"column":74},"end":{"line":20,"column":92}},"line":20},"2":{"name":"(anonymous_2)","decl":{"start":{"line":50,"column":2},"end":{"line":50,"column":3}},"loc":{"start":{"line":50,"column":37},"end":{"line":83,"column":3}},"line":50},"3":{"name":"(anonymous_3)","decl":{"start":{"line":88,"column":2},"end":{"line":88,"column":3}},"loc":{"start":{"line":88,"column":34},"end":{"line":124,"column":3}},"line":88},"4":{"name":"(anonymous_4)","decl":{"start":{"line":129,"column":2},"end":{"line":129,"column":3}},"loc":{"start":{"line":129,"column":36},"end":{"line":168,"column":3}},"line":129},"5":{"name":"(anonymous_5)","decl":{"start":{"line":173,"column":2},"end":{"line":173,"column":3}},"loc":{"start":{"line":173,"column":37},"end":{"line":202,"column":3}},"line":173},"6":{"name":"(anonymous_6)","decl":{"start":{"line":207,"column":2},"end":{"line":207,"column":3}},"loc":{"start":{"line":207,"column":36},"end":{"line":230,"column":3}},"line":207},"7":{"name":"(anonymous_7)","decl":{"start":{"line":235,"column":2},"end":{"line":235,"column":3}},"loc":{"start":{"line":235,"column":28},"end":{"line":275,"column":3}},"line":235},"8":{"name":"(anonymous_8)","decl":{"start":{"line":280,"column":2},"end":{"line":280,"column":3}},"loc":{"start":{"line":280,"column":28},"end":{"line":315,"column":3}},"line":280},"9":{"name":"(anonymous_9)","decl":{"start":{"line":320,"column":2},"end":{"line":320,"column":3}},"loc":{"start":{"line":320,"column":24},"end":{"line":355,"column":3}},"line":320}},"branchMap":{"0":{"loc":{"start":{"line":27,"column":6},"end":{"line":30,"column":7}},"type":"if","locations":[{"start":{"line":27,"column":6},"end":{"line":30,"column":7}},{"start":{},"end":{}}],"line":27},"1":{"loc":{"start":{"line":59,"column":6},"end":{"line":62,"column":7}},"type":"if","locations":[{"start":{"line":59,"column":6},"end":{"line":62,"column":7}},{"start":{},"end":{}}],"line":59},"2":{"loc":{"start":{"line":67,"column":6},"end":{"line":74,"column":7}},"type":"if","locations":[{"start":{"line":67,"column":6},"end":{"line":74,"column":7}},{"start":{"line":69,"column":13},"end":{"line":74,"column":7}}],"line":67},"3":{"loc":{"start":{"line":96,"column":6},"end":{"line":99,"column":7}},"type":"if","locations":[{"start":{"line":96,"column":6},"end":{"line":99,"column":7}},{"start":{},"end":{}}],"line":96},"4":{"loc":{"start":{"line":103,"column":6},"end":{"line":115,"column":7}},"type":"if","locations":[{"start":{"line":103,"column":6},"end":{"line":115,"column":7}},{"start":{"line":105,"column":13},"end":{"line":115,"column":7}}],"line":103},"5":{"loc":{"start":{"line":137,"column":6},"end":{"line":140,"column":7}},"type":"if","locations":[{"start":{"line":137,"column":6},"end":{"line":140,"column":7}},{"start":{},"end":{}}],"line":137},"6":{"loc":{"start":{"line":143,"column":6},"end":{"line":159,"column":7}},"type":"if","locations":[{"start":{"line":143,"column":6},"end":{"line":159,"column":7}},{"start":{},"end":{}}],"line":143},"7":{"loc":{"start":{"line":143,"column":10},"end":{"line":143,"column":69}},"type":"binary-expr","locations":[{"start":{"line":143,"column":10},"end":{"line":143,"column":29}},{"start":{"line":143,"column":33},"end":{"line":143,"column":69}}],"line":143},"8":{"loc":{"start":{"line":181,"column":6},"end":{"line":193,"column":7}},"type":"if","locations":[{"start":{"line":181,"column":6},"end":{"line":193,"column":7}},{"start":{},"end":{}}],"line":181},"9":{"loc":{"start":{"line":183,"column":8},"end":{"line":183,"column":47}},"type":"if","locations":[{"start":{"line":183,"column":8},"end":{"line":183,"column":47}},{"start":{},"end":{}}],"line":183},"10":{"loc":{"start":{"line":184,"column":8},"end":{"line":184,"column":67}},"type":"if","locations":[{"start":{"line":184,"column":8},"end":{"line":184,"column":67}},{"start":{},"end":{}}],"line":184},"11":{"loc":{"start":{"line":215,"column":6},"end":{"line":222,"column":7}},"type":"if","locations":[{"start":{"line":215,"column":6},"end":{"line":222,"column":7}},{"start":{},"end":{}}],"line":215},"12":{"loc":{"start":{"line":244,"column":6},"end":{"line":263,"column":7}},"type":"switch","locations":[{"start":{"line":245,"column":8},"end":{"line":247,"column":16}},{"start":{"line":248,"column":8},"end":{"line":250,"column":16}},{"start":{"line":251,"column":8},"end":{"line":253,"column":16}},{"start":{"line":254,"column":8},"end":{"line":256,"column":16}},{"start":{"line":257,"column":8},"end":{"line":259,"column":16}},{"start":{"line":260,"column":8},"end":{"line":262,"column":24}}],"line":244}},"s":{"0":2,"1":2,"2":2,"3":0,"4":0,"5":0,"6":0,"7":0,"8":0,"9":0,"10":0,"11":0,"12":0,"13":0,"14":0,"15":0,"16":0,"17":0,"18":0,"19":0,"20":0,"21":0,"22":0,"23":0,"24":0,"25":0,"26":0,"27":0,"28":0,"29":0,"30":0,"31":0,"32":0,"33":0,"34":0,"35":0,"36":0,"37":0,"38":0,"39":0,"40":0,"41":0,"42":0,"43":0,"44":0,"45":0,"46":0,"47":0,"48":0,"49":0,"50":0,"51":0,"52":0,"53":0,"54":0,"55":0,"56":0,"57":0,"58":0,"59":0,"60":0,"61":0,"62":0,"63":0,"64":0,"65":0,"66":0,"67":0,"68":0,"69":0,"70":0,"71":0,"72":0,"73":0,"74":0,"75":0,"76":0,"77":0,"78":0,"79":0,"80":0,"81":0,"82":0,"83":0,"84":0,"85":0,"86":0,"87":0,"88":0,"89":0,"90":0,"91":0,"92":0,"93":0,"94":0,"95":0,"96":0,"97":0,"98":0,"99":0,"100":0,"101":0,"102":0,"103":0,"104":0,"105":0,"106":0,"107":0,"108":0,"109":0,"110":0,"111":0,"112":0,"113":0,"114":0,"115":0,"116":0,"117":0,"118":0,"119":0,"120":0,"121":0,"122":0,"123":0,"124":0,"125":0,"126":0,"127":0,"128":0,"129":0,"130":0,"131":0,"132":0,"133":0,"134":0,"135":0,"136":0,"137":0,"138":0,"139":0,"140":0},"f":{"0":0,"1":0,"2":0,"3":0,"4":0,"5":0,"6":0,"7":0,"8":0,"9":0},"b":{"0":[0,0],"1":[0,0],"2":[0,0],"3":[0,0],"4":[0,0],"5":[0,0],"6":[0,0],"7":[0,0],"8":[0,0],"9":[0,0],"10":[0,0],"11":[0,0],"12":[0,0,0,0,0,0]},"_coverageSchema":"1a1c01bbd47fc00a2c39e90264f33305004495a9","hash":"83b3321c1bd975ae9f0cb409ed6ac104ce635945"}
,"/home/runner/work/quickbooks-payments-flow/quickbooks-payments-flow/src/stores/payment.store.js": {"path":"/home/runner/work/quickbooks-payments-flow/quickbooks-payments-flow/src/stores/payment.store.js","statementMap":{"0":{"start":{"line":1,"column":15},"end":{"line":1,"column":41}},"1":{"start":{"line":6,"column":4},"end":{"line":6,"column":30}},"2":{"start":{"line":10,"column":4},"end":{"line":10,"column":43}},"3":{"start":{"line":11,"column":4},"end":{"line":11,"column":49}},"4":{"start":{"line":12,"column":4},"end":{"line":12,"column":19}},"5":{"start":{"line":16,"column":4},"end":{"line":16,"column":40}},"6":{"start":{"line":20,"column":4},"end":{"line":20,"column":46}},"7":{"start":{"line":24,"column":4},"end":{"line":24,"column":43}},"8":{"start":{"line":28,"column":4},"end":{"line":28,"column":40}},"9":{"start":{"line":32,"column":0},"end":{"line":32,"column":30}}},"fnMap":{"0":{"name":"(anonymous_0)","decl":{"start":{"line":5,"column":2},"end":{"line":5,"column":3}},"loc":{"start":{"line":5,"column":16},"end":{"line":7,"column":3}},"line":5},"1":{"name":"(anonymous_1)","decl":{"start":{"line":9,"column":2},"end":{"line":9,"column":3}},"loc":{"start":{"line":9,"column":16},"end":{"line":13,"column":3}},"line":9},"2":{"name":"(anonymous_2)","decl":{"start":{"line":15,"column":2},"end":{"line":15,"column":3}},"loc":{"start":{"line":15,"column":17},"end":{"line":17,"column":3}},"line":15},"3":{"name":"(anonymous_3)","decl":{"start":{"line":19,"column":2},"end":{"line":19,"column":3}},"loc":{"start":{"line":19,"column":11},"end":{"line":21,"column":3}},"line":19},"4":{"name":"(anonymous_4)","decl":{"start":{"line":23,"column":2},"end":{"line":23,"column":3}},"loc":{"start":{"line":23,"column":20},"end":{"line":25,"column":3}},"line":23},"5":{"name":"(anonymous_5)","decl":{"start":{"line":27,"column":2},"end":{"line":27,"column":3}},"loc":{"start":{"line":27,"column":20},"end":{"line":29,"column":3}},"line":27}},"branchMap":{},"s":{"0":2,"1":2,"2":2,"3":2,"4":2,"5":2,"6":0,"7":0,"8":0,"9":2},"f":{"0":2,"1":2,"2":2,"3":0,"4":0,"5":0},"b":{},"_coverageSchema":"1a1c01bbd47fc00a2c39e90264f33305004495a9","hash":"bd502d707bfa66b4b52d2d2dd45922f54d08ec66"}
,"/home/runner/work/quickbooks-payments-flow/quickbooks-payments-flow/src/stores/plaid.store.js": {"path":"/home/runner/work/quickbooks-payments-flow/quickbooks-payments-flow/src/stores/plaid.store.js","statementMap":{"0":{"start":{"line":3,"column":4},"end":{"line":3,"column":27}},"1":{"start":{"line":4,"column":4},"end":{"line":4,"column":31}},"2":{"start":{"line":5,"column":4},"end":{"line":5,"column":36}},"3":{"start":{"line":9,"column":4},"end":{"line":9,"column":52}},"4":{"start":{"line":10,"column":4},"end":{"line":10,"column":16}},"5":{"start":{"line":14,"column":4},"end":{"line":14,"column":48}},"6":{"start":{"line":18,"column":21},"end":{"line":18,"column":58}},"7":{"start":{"line":19,"column":25},"end":{"line":23,"column":5}},"8":{"start":{"line":25,"column":4},"end":{"line":25,"column":54}},"9":{"start":{"line":26,"column":4},"end":{"line":26,"column":24}},"10":{"start":{"line":30,"column":4},"end":{"line":30,"column":42}},"11":{"start":{"line":34,"column":26},"end":{"line":34,"column":67}},"12":{"start":{"line":35,"column":23},"end":{"line":38,"column":6}},"13":{"start":{"line":40,"column":4},"end":{"line":40,"column":52}},"14":{"start":{"line":41,"column":4},"end":{"line":41,"column":22}},"15":{"start":{"line":45,"column":4},"end":{"line":45,"column":53}},"16":{"start":{"line":49,"column":0},"end":{"line":49,"column":28}}},"fnMap":{"0":{"name":"(anonymous_0)","decl":{"start":{"line":2,"column":2},"end":{"line":2,"column":3}},"loc":{"start":{"line":2,"column":16},"end":{"line":6,"column":3}},"line":2},"1":{"name":"(anonymous_1)","decl":{"start":{"line":8,"column":2},"end":{"line":8,"column":3}},"loc":{"start":{"line":8,"column":17},"end":{"line":11,"column":3}},"line":8},"2":{"name":"(anonymous_2)","decl":{"start":{"line":13,"column":2},"end":{"line":13,"column":3}},"loc":{"start":{"line":13,"column":32},"end":{"line":15,"column":3}},"line":13},"3":{"name":"(anonymous_3)","decl":{"start":{"line":17,"column":2},"end":{"line":17,"column":3}},"loc":{"start":{"line":17,"column":25},"end":{"line":27,"column":3}},"line":17},"4":{"name":"(anonymous_4)","decl":{"start":{"line":29,"column":2},"end":{"line":29,"column":3}},"loc":{"start":{"line":29,"column":26},"end":{"line":31,"column":3}},"line":29},"5":{"name":"(anonymous_5)","decl":{"start":{"line":33,"column":2},"end":{"line":33,"column":3}},"loc":{"start":{"line":33,"column":38},"end":{"line":42,"column":3}},"line":33},"6":{"name":"(anonymous_6)","decl":{"start":{"line":44,"column":2},"end":{"line":44,"column":3}},"loc":{"start":{"line":44,"column":32},"end":{"line":46,"column":3}},"line":44}},"branchMap":{"0":{"loc":{"start":{"line":18,"column":21},"end":{"line":18,"column":58}},"type":"binary-expr","locations":[{"start":{"line":18,"column":21},"end":{"line":18,"column":52}},{"start":{"line":18,"column":56},"end":{"line":18,"column":58}}],"line":18},"1":{"loc":{"start":{"line":34,"column":26},"end":{"line":34,"column":67}},"type":"binary-expr","locations":[{"start":{"line":34,"column":26},"end":{"line":34,"column":61}},{"start":{"line":34,"column":65},"end":{"line":34,"column":67}}],"line":34},"2":{"loc":{"start":{"line":45,"column":11},"end":{"line":45,"column":52}},"type":"binary-expr","locations":[{"start":{"line":45,"column":11},"end":{"line":45,"column":46}},{"start":{"line":45,"column":50},"end":{"line":45,"column":52}}],"line":45}},"s":{"0":5,"1":5,"2":5,"3":2,"4":2,"5":2,"6":1,"7":1,"8":1,"9":1,"10":1,"11":0,"12":0,"13":0,"14":0,"15":0,"16":2},"f":{"0":5,"1":2,"2":2,"3":1,"4":1,"5":0,"6":0},"b":{"0":[1,1],"1":[0,0],"2":[0,0]},"_coverageSchema":"1a1c01bbd47fc00a2c39e90264f33305004495a9","hash":"99c9f60f8da3865baaf4feb3dd998d3987f38068"}
,"/home/runner/work/quickbooks-payments-flow/quickbooks-payments-flow/src/utils/logger.js": {"path":"/home/runner/work/quickbooks-payments-flow/quickbooks-payments-flow/src/utils/logger.js","statementMap":{"0":{"start":{"line":1,"column":16},"end":{"line":1,"column":34}},"1":{"start":{"line":3,"column":15},"end":{"line":24,"column":2}},"2":{"start":{"line":19,"column":10},"end":{"line":19,"column":55}},"3":{"start":{"line":26,"column":0},"end":{"line":26,"column":24}}},"fnMap":{"0":{"name":"(anonymous_0)","decl":{"start":{"line":18,"column":30},"end":{"line":18,"column":31}},"loc":{"start":{"line":18,"column":65},"end":{"line":20,"column":9}},"line":18}},"branchMap":{"0":{"loc":{"start":{"line":4,"column":9},"end":{"line":4,"column":40}},"type":"binary-expr","locations":[{"start":{"line":4,"column":9},"end":{"line":4,"column":30}},{"start":{"line":4,"column":34},"end":{"line":4,"column":40}}],"line":4}},"s":{"0":3,"1":3,"2":25,"3":3},"f":{"0":25},"b":{"0":[3,3]},"_coverageSchema":"1a1c01bbd47fc00a2c39e90264f33305004495a9","hash":"6e96c582c828e5bf8f6f56b0c80d5c3ec0a378c5"}
}
