TN:
SF:src/index.js
FN:20,(anonymous_0)
FN:25,(anonymous_1)
FN:35,(anonymous_2)
FN:49,(anonymous_3)
FN:55,(anonymous_4)
FN:60,(anonymous_5)
FN:71,(anonymous_6)
FNF:7
FNH:5
FNDA:9,(anonymous_0)
FNDA:12,(anonymous_1)
FNDA:12,(anonymous_2)
FNDA:1,(anonymous_3)
FNDA:0,(anonymous_4)
FNDA:1,(anonymous_5)
FNDA:0,(anonymous_6)
DA:1,2
DA:2,2
DA:3,2
DA:4,2
DA:5,2
DA:6,2
DA:8,2
DA:9,2
DA:10,2
DA:11,2
DA:12,2
DA:14,2
DA:17,2
DA:18,2
DA:19,2
DA:21,9
DA:25,2
DA:26,12
DA:28,12
DA:29,12
DA:31,12
DA:35,2
DA:36,12
DA:39,12
DA:43,2
DA:44,2
DA:45,2
DA:46,2
DA:49,2
DA:50,1
DA:54,2
DA:55,2
DA:56,0
DA:60,2
DA:61,1
DA:62,1
DA:69,2
DA:70,2
DA:71,0
DA:72,0
DA:76,2
LF:41
LH:38
BRDA:26,0,0,12
BRDA:26,0,1,11
BRDA:62,1,0,1
BRDA:62,1,1,1
BRDA:64,2,0,1
BRDA:64,2,1,0
BRDA:69,3,0,2
BRDA:69,3,1,2
BRDA:70,4,0,0
BRDA:70,4,1,2
BRF:10
BRH:8
end_of_record
TN:
SF:src/config/plaid.js
FN:10,(anonymous_0)
FN:17,(anonymous_1)
FN:21,(anonymous_2)
FN:25,(anonymous_3)
FN:29,(anonymous_4)
FNF:5
FNH:2
FNDA:2,(anonymous_0)
FNDA:0,(anonymous_1)
FNDA:0,(anonymous_2)
FNDA:2,(anonymous_3)
FNDA:0,(anonymous_4)
DA:1,2
DA:3,2
DA:11,2
DA:12,2
DA:13,2
DA:14,2
DA:18,0
DA:22,0
DA:26,2
DA:30,0
DA:43,2
LF:11
LH:8
BRDA:13,0,0,2
BRDA:13,0,1,2
BRDA:18,1,0,0
BRDA:18,1,1,0
BRDA:26,2,0,2
BRDA:26,2,1,0
BRF:6
BRH:3
end_of_record
TN:
SF:src/config/quickbooks.js
FN:8,(anonymous_0)
FN:17,(anonymous_1)
FN:21,(anonymous_2)
FN:25,(anonymous_3)
FN:31,(anonymous_4)
FNF:5
FNH:1
FNDA:2,(anonymous_0)
FNDA:0,(anonymous_1)
FNDA:0,(anonymous_2)
FNDA:0,(anonymous_3)
FNDA:0,(anonymous_4)
DA:1,2
DA:2,2
DA:4,2
DA:5,2
DA:9,2
DA:10,2
DA:11,2
DA:12,2
DA:13,2
DA:14,2
DA:18,0
DA:22,0
DA:26,0
DA:27,0
DA:28,0
DA:32,0
DA:39,2
LF:17
LH:11
BRDA:12,0,0,2
BRDA:12,0,1,2
BRDA:18,1,0,0
BRDA:18,1,1,0
BRDA:22,2,0,0
BRDA:22,2,1,0
BRDA:22,2,2,0
BRF:7
BRH:2
end_of_record
TN:
SF:src/middleware/validation.js
FN:57,(anonymous_0)
FN:72,(anonymous_1)
FN:103,(anonymous_2)
FN:103,(anonymous_3)
FNF:4
FNH:4
FNDA:3,(anonymous_0)
FNDA:3,(anonymous_1)
FNDA:8,(anonymous_2)
FNDA:2,(anonymous_3)
DA:1,2
DA:2,2
DA:4,2
DA:11,2
DA:18,2
DA:28,2
DA:34,2
DA:53,2
DA:57,2
DA:58,3
DA:60,3
DA:61,1
DA:62,1
DA:68,2
DA:69,2
DA:72,2
DA:73,3
DA:89,3
DA:91,3
DA:92,1
DA:93,1
DA:99,2
DA:100,2
DA:103,8
DA:104,2
DA:106,2
DA:107,1
DA:108,1
DA:114,1
DA:115,1
DA:118,2
LF:31
LH:31
BRDA:60,0,0,1
BRDA:60,0,1,2
BRDA:75,1,0,3
BRDA:75,1,1,0
BRDA:78,2,0,3
BRDA:78,2,1,0
BRDA:81,3,0,3
BRDA:81,3,1,0
BRDA:84,4,0,3
BRDA:84,4,1,0
BRDA:91,5,0,1
BRDA:91,5,1,2
BRDA:106,6,0,1
BRDA:106,6,1,1
BRF:14
BRH:10
end_of_record
TN:
SF:src/routes/auth.js
FN:7,(anonymous_0)
FN:30,(anonymous_1)
FNF:2
FNH:0
FNDA:0,(anonymous_0)
FNDA:0,(anonymous_1)
DA:1,2
DA:2,2
DA:3,2
DA:4,2
DA:7,2
DA:8,0
DA:9,0
DA:11,0
DA:12,0
DA:18,0
DA:20,0
DA:25,0
DA:30,2
DA:31,0
DA:32,0
DA:34,0
DA:35,0
DA:41,0
DA:43,0
DA:48,0
DA:52,2
LF:21
LH:7
BRDA:11,0,0,0
BRDA:11,0,1,0
BRDA:34,1,0,0
BRDA:34,1,1,0
BRF:4
BRH:0
end_of_record
TN:
SF:src/routes/payments.js
FN:8,(anonymous_0)
FN:29,(anonymous_1)
FN:46,(anonymous_2)
FN:60,(anonymous_3)
FN:75,(anonymous_4)
FNF:5
FNH:3
FNDA:2,(anonymous_0)
FNDA:0,(anonymous_1)
FNDA:2,(anonymous_2)
FNDA:2,(anonymous_3)
FNDA:0,(anonymous_4)
DA:1,2
DA:2,2
DA:3,2
DA:4,2
DA:5,2
DA:8,2
DA:9,2
DA:10,2
DA:12,2
DA:19,2
DA:24,0
DA:29,2
DA:30,0
DA:31,0
DA:32,0
DA:34,0
DA:36,0
DA:41,0
DA:46,2
DA:47,2
DA:48,2
DA:50,2
DA:55,0
DA:60,2
DA:61,2
DA:62,2
DA:63,2
DA:65,1
DA:70,1
DA:75,2
DA:76,0
DA:77,0
DA:78,0
DA:80,0
DA:82,0
DA:87,0
DA:91,2
LF:37
LH:23
BRF:0
BRH:0
end_of_record
TN:
SF:src/routes/plaid.js
FN:12,(anonymous_0)
FN:26,(anonymous_1)
FN:40,(anonymous_2)
FN:54,(anonymous_3)
FN:68,(anonymous_4)
FN:84,(anonymous_5)
FNF:6
FNH:2
FNDA:1,(anonymous_0)
FNDA:0,(anonymous_1)
FNDA:0,(anonymous_2)
FNDA:0,(anonymous_3)
FNDA:0,(anonymous_4)
FNDA:1,(anonymous_5)
DA:1,2
DA:2,2
DA:8,2
DA:10,2
DA:12,2
DA:13,1
DA:14,1
DA:16,1
DA:22,0
DA:26,2
DA:27,0
DA:28,0
DA:30,0
DA:36,0
DA:40,2
DA:41,0
DA:42,0
DA:44,0
DA:50,0
DA:54,2
DA:55,0
DA:56,0
DA:58,0
DA:64,0
DA:68,2
DA:69,0
DA:70,0
DA:74,0
DA:80,0
DA:84,2
DA:85,1
DA:86,1
DA:90,1
DA:92,1
DA:98,0
DA:102,2
LF:36
LH:18
BRDA:86,0,0,1
BRDA:86,0,1,0
BRF:2
BRH:1
end_of_record
TN:
SF:src/routes/webhooks.js
FN:30,(anonymous_0)
FN:55,(anonymous_1)
FN:78,(anonymous_2)
FN:88,(anonymous_3)
FN:111,(anonymous_4)
FN:137,(anonymous_5)
FN:157,(anonymous_6)
FN:169,(anonymous_7)
FN:196,(anonymous_8)
FN:248,(anonymous_9)
FN:266,(anonymous_10)
FN:271,(anonymous_11)
FN:294,(anonymous_12)
FN:309,(anonymous_13)
FN:320,(anonymous_14)
FN:321,(anonymous_15)
FNF:16
FNH:0
FNDA:0,(anonymous_0)
FNDA:0,(anonymous_1)
FNDA:0,(anonymous_2)
FNDA:0,(anonymous_3)
FNDA:0,(anonymous_4)
FNDA:0,(anonymous_5)
FNDA:0,(anonymous_6)
FNDA:0,(anonymous_7)
FNDA:0,(anonymous_8)
FNDA:0,(anonymous_9)
FNDA:0,(anonymous_10)
FNDA:0,(anonymous_11)
FNDA:0,(anonymous_12)
FNDA:0,(anonymous_13)
FNDA:0,(anonymous_14)
FNDA:0,(anonymous_15)
DA:5,2
DA:6,2
DA:8,2
DA:11,2
DA:13,2
DA:14,2
DA:15,0
DA:17,2
DA:18,2
DA:22,2
DA:30,2
DA:31,0
DA:32,0
DA:34,0
DA:42,0
DA:47,0
DA:55,2
DA:56,0
DA:57,0
DA:59,0
DA:67,0
DA:72,0
DA:78,2
DA:83,2
DA:88,0
DA:89,0
DA:90,0
DA:93,0
DA:99,0
DA:100,0
DA:101,0
DA:104,0
DA:106,0
DA:108,0
DA:111,0
DA:112,0
DA:113,0
DA:115,0
DA:118,0
DA:119,0
DA:120,0
DA:126,0
DA:128,0
DA:129,0
DA:137,0
DA:138,0
DA:139,0
DA:142,0
DA:143,0
DA:144,0
DA:146,0
DA:151,0
DA:153,0
DA:157,0
DA:160,0
DA:161,0
DA:169,0
DA:170,0
DA:171,0
DA:173,0
DA:175,0
DA:176,0
DA:179,0
DA:187,0
DA:188,0
DA:196,0
DA:197,0
DA:198,0
DA:200,0
DA:202,0
DA:203,0
DA:206,0
DA:207,0
DA:214,0
DA:224,0
DA:226,0
DA:232,0
DA:235,0
DA:236,0
DA:237,0
DA:240,0
DA:248,0
DA:249,0
DA:250,0
DA:252,0
DA:257,0
DA:258,0
DA:266,0
DA:267,0
DA:268,0
DA:271,0
DA:272,0
DA:273,0
DA:274,0
DA:276,0
DA:280,0
DA:285,0
DA:286,0
DA:294,0
DA:295,0
DA:296,0
DA:298,0
DA:303,0
DA:305,0
DA:309,0
DA:315,0
DA:316,0
DA:320,2
DA:321,2
DA:324,2
LF:110
LH:16
BRDA:83,0,0,0
BRDA:83,0,1,2
BRDA:94,1,0,0
BRDA:94,1,1,0
BRDA:99,2,0,0
BRDA:99,2,1,0
BRDA:106,3,0,0
BRDA:106,3,1,0
BRDA:119,4,0,0
BRDA:119,4,1,0
BRDA:139,5,0,0
BRDA:139,6,0,0
BRDA:143,7,0,0
BRDA:143,7,1,0
BRDA:144,8,0,0
BRDA:144,8,1,0
BRDA:175,9,0,0
BRDA:175,9,1,0
BRDA:202,10,0,0
BRDA:202,10,1,0
BRDA:206,11,0,0
BRDA:206,11,1,0
BRDA:236,12,0,0
BRDA:236,12,1,0
BRDA:296,13,0,0
BRDA:296,14,0,0
BRF:26
BRH:1
end_of_record
TN:
SF:src/services/payment.service.js
FN:10,(anonymous_0)
FN:14,(anonymous_1)
FN:30,(anonymous_2)
FN:52,(anonymous_3)
FN:73,(anonymous_4)
FN:88,(anonymous_5)
FN:108,(anonymous_6)
FNF:7
FNH:4
FNDA:2,(anonymous_0)
FNDA:2,(anonymous_1)
FNDA:2,(anonymous_2)
FNDA:0,(anonymous_3)
FNDA:0,(anonymous_4)
FNDA:2,(anonymous_5)
FNDA:0,(anonymous_6)
DA:1,2
DA:2,2
DA:3,2
DA:4,2
DA:6,2
DA:7,2
DA:11,2
DA:15,2
DA:16,2
DA:17,2
DA:21,2
DA:31,2
DA:33,2
DA:34,2
DA:36,2
DA:44,2
DA:45,2
DA:47,0
DA:48,0
DA:55,0
DA:56,0
DA:57,0
DA:59,0
DA:61,0
DA:62,0
DA:63,0
DA:64,0
DA:65,0
DA:67,0
DA:69,0
DA:70,0
DA:72,0
DA:73,0
DA:78,0
DA:79,0
DA:80,0
DA:81,0
DA:82,0
DA:84,0
DA:85,0
DA:89,2
DA:90,2
DA:92,2
DA:93,1
DA:96,1
DA:97,0
DA:98,0
DA:101,1
DA:103,1
DA:104,1
DA:109,0
DA:110,0
DA:112,0
DA:114,0
DA:115,0
DA:118,0
DA:122,0
DA:123,0
DA:124,0
DA:125,0
DA:126,0
DA:128,0
DA:130,0
DA:131,0
DA:136,2
LF:65
LH:26
BRDA:6,0,0,2
BRDA:6,0,1,2
BRDA:7,1,0,2
BRDA:7,1,1,2
BRDA:17,2,0,2
BRDA:17,2,1,0
BRDA:72,3,0,0
BRDA:72,3,1,0
BRDA:92,4,0,1
BRDA:92,4,1,1
BRDA:96,5,0,0
BRDA:96,5,1,1
BRDA:114,6,0,0
BRDA:114,6,1,0
BRDA:114,7,0,0
BRDA:114,7,1,0
BRDA:119,8,0,0
BRDA:119,8,1,0
BRDA:123,9,0,0
BRDA:123,9,1,0
BRF:20
BRH:8
end_of_record
TN:
SF:src/services/plaid.service.js
FN:8,(anonymous_0)
FN:14,(anonymous_1)
FN:22,(anonymous_2)
FN:34,(anonymous_3)
FN:42,(anonymous_4)
FN:65,(anonymous_5)
FN:70,(anonymous_6)
FN:78,(anonymous_7)
FN:108,(anonymous_8)
FN:139,(anonymous_9)
FN:153,(anonymous_10)
FN:236,(anonymous_11)
FN:261,(anonymous_12)
FN:289,(anonymous_13)
FN:343,(anonymous_14)
FNF:15
FNH:9
FNDA:5,(anonymous_0)
FNDA:2,(anonymous_1)
FNDA:4,(anonymous_2)
FNDA:4,(anonymous_3)
FNDA:0,(anonymous_4)
FNDA:2,(anonymous_5)
FNDA:1,(anonymous_6)
FNDA:0,(anonymous_7)
FNDA:1,(anonymous_8)
FNDA:1,(anonymous_9)
FNDA:1,(anonymous_10)
FNDA:0,(anonymous_11)
FNDA:0,(anonymous_12)
FNDA:0,(anonymous_13)
FNDA:0,(anonymous_14)
DA:1,2
DA:2,2
DA:3,2
DA:4,2
DA:5,2
DA:9,5
DA:10,5
DA:11,5
DA:15,2
DA:16,0
DA:17,0
DA:18,0
DA:23,4
DA:24,0
DA:27,4
DA:35,4
DA:43,0
DA:45,0
DA:54,0
DA:55,0
DA:56,0
DA:62,0
DA:66,2
DA:67,2
DA:71,1
DA:79,0
DA:81,0
DA:83,0
DA:84,0
DA:96,0
DA:98,0
DA:104,0
DA:109,1
DA:111,1
DA:112,1
DA:116,1
DA:118,1
DA:119,1
DA:121,1
DA:125,1
DA:127,1
DA:136,1
DA:139,1
DA:149,0
DA:154,1
DA:156,1
DA:158,1
DA:159,0
DA:160,0
DA:161,0
DA:164,1
DA:165,1
DA:177,1
DA:179,1
DA:181,1
DA:182,0
DA:183,0
DA:184,0
DA:185,0
DA:188,1
DA:201,1
DA:203,1
DA:205,1
DA:219,1
DA:228,0
DA:229,0
DA:232,0
DA:237,0
DA:239,0
DA:240,0
DA:244,0
DA:246,0
DA:251,0
DA:257,0
DA:262,0
DA:264,0
DA:265,0
DA:266,0
DA:267,0
DA:270,0
DA:271,0
DA:277,0
DA:279,0
DA:285,0
DA:290,0
DA:292,0
DA:293,0
DA:294,0
DA:295,0
DA:298,0
DA:299,0
DA:300,0
DA:302,0
DA:306,0
DA:308,0
DA:309,0
DA:310,0
DA:313,0
DA:315,0
DA:316,0
DA:317,0
DA:318,0
DA:321,0
DA:327,0
DA:328,0
DA:331,0
DA:332,0
DA:334,0
DA:339,0
DA:344,0
DA:345,0
DA:347,0
DA:355,0
DA:356,0
DA:361,0
DA:368,0
DA:377,2
DA:378,2
LF:118
LH:41
BRDA:8,0,0,2
BRDA:9,1,0,5
BRDA:9,1,1,2
BRDA:10,2,0,5
BRDA:10,2,1,2
BRDA:10,3,0,0
BRDA:10,3,1,2
BRDA:11,4,0,5
BRDA:11,4,1,2
BRDA:15,5,0,0
BRDA:15,5,1,2
BRDA:23,6,0,0
BRDA:23,6,1,4
BRDA:34,7,0,0
BRDA:42,8,0,0
BRDA:43,9,0,0
BRDA:43,9,1,0
BRDA:51,10,0,0
BRDA:51,10,1,0
BRDA:54,11,0,0
BRDA:54,11,1,0
BRDA:54,11,2,0
BRDA:55,12,0,0
BRDA:55,12,1,0
BRDA:55,12,2,0
BRDA:66,13,0,0
BRDA:66,13,1,2
BRDA:70,14,0,0
BRDA:72,15,0,1
BRDA:72,15,1,0
BRDA:72,16,0,0
BRDA:72,16,1,0
BRDA:78,17,0,0
BRDA:81,18,0,0
BRDA:81,18,1,0
BRDA:85,19,0,0
BRDA:85,19,1,0
BRDA:86,20,0,0
BRDA:86,20,1,0
BRDA:87,21,0,0
BRDA:87,21,1,0
BRDA:89,22,0,0
BRDA:89,22,1,0
BRDA:108,23,0,0
BRDA:131,24,0,1
BRDA:131,24,1,0
BRDA:153,25,0,0
BRDA:158,26,0,0
BRDA:158,26,1,1
BRDA:181,27,0,0
BRDA:181,27,1,1
BRDA:228,28,0,0
BRDA:228,28,1,0
BRDA:236,29,0,0
BRDA:261,30,0,0
BRDA:264,31,0,0
BRDA:264,31,1,0
BRDA:289,32,0,0
BRDA:292,33,0,0
BRDA:292,33,1,0
BRDA:315,34,0,0
BRDA:315,34,1,0
BRDA:327,35,0,0
BRDA:327,35,1,0
BRDA:343,36,0,0
BRDA:355,37,0,0
BRDA:355,37,1,0
BRDA:355,38,0,0
BRDA:355,38,1,0
BRDA:355,38,2,0
BRF:70
BRH:15
end_of_record
TN:
SF:src/services/quickbooks.service.js
FN:6,(anonymous_0)
FN:28,(anonymous_1)
FN:44,(anonymous_2)
FN:62,(anonymous_3)
FN:78,(anonymous_4)
FNF:5
FNH:0
FNDA:0,(anonymous_0)
FNDA:0,(anonymous_1)
FNDA:0,(anonymous_2)
FNDA:0,(anonymous_3)
FNDA:0,(anonymous_4)
DA:1,2
DA:2,2
DA:3,2
DA:7,0
DA:8,0
DA:10,0
DA:20,0
DA:21,0
DA:23,0
DA:24,0
DA:29,0
DA:30,0
DA:32,0
DA:33,0
DA:37,0
DA:39,0
DA:40,0
DA:45,0
DA:46,0
DA:48,0
DA:49,0
DA:54,0
DA:55,0
DA:57,0
DA:58,0
DA:63,0
DA:64,0
DA:66,0
DA:67,0
DA:71,0
DA:73,0
DA:74,0
DA:79,0
DA:80,0
DA:82,0
DA:83,0
DA:87,0
DA:88,0
DA:90,0
DA:91,0
DA:96,2
LF:41
LH:4
BRDA:51,0,0,0
BRDA:51,0,1,0
BRF:2
BRH:0
end_of_record
TN:
SF:src/services/webhook.service.js
FN:18,(anonymous_0)
FN:20,(anonymous_1)
FN:50,(anonymous_2)
FN:88,(anonymous_3)
FN:129,(anonymous_4)
FN:173,(anonymous_5)
FN:207,(anonymous_6)
FN:235,(anonymous_7)
FN:280,(anonymous_8)
FN:320,(anonymous_9)
FNF:10
FNH:0
FNDA:0,(anonymous_0)
FNDA:0,(anonymous_1)
FNDA:0,(anonymous_2)
FNDA:0,(anonymous_3)
FNDA:0,(anonymous_4)
FNDA:0,(anonymous_5)
FNDA:0,(anonymous_6)
FNDA:0,(anonymous_7)
FNDA:0,(anonymous_8)
FNDA:0,(anonymous_9)
DA:5,2
DA:6,2
DA:7,2
DA:8,0
DA:9,0
DA:19,0
DA:20,0
DA:23,0
DA:24,0
DA:25,0
DA:27,0
DA:28,0
DA:29,0
DA:33,0
DA:34,0
DA:39,0
DA:42,0
DA:43,0
DA:51,0
DA:52,0
DA:54,0
DA:57,0
DA:59,0
DA:60,0
DA:61,0
DA:65,0
DA:67,0
DA:68,0
DA:70,0
DA:71,0
DA:72,0
DA:73,0
DA:76,0
DA:77,0
DA:80,0
DA:81,0
DA:89,0
DA:90,0
DA:92,0
DA:94,0
DA:96,0
DA:97,0
DA:98,0
DA:101,0
DA:103,0
DA:104,0
DA:106,0
DA:107,0
DA:108,0
DA:113,0
DA:114,0
DA:117,0
DA:118,0
DA:121,0
DA:122,0
DA:130,0
DA:131,0
DA:133,0
DA:135,0
DA:137,0
DA:138,0
DA:139,0
DA:143,0
DA:144,0
DA:145,0
DA:148,0
DA:149,0
DA:158,0
DA:161,0
DA:162,0
DA:165,0
DA:166,0
DA:174,0
DA:175,0
DA:177,0
DA:179,0
DA:181,0
DA:183,0
DA:184,0
DA:186,0
DA:192,0
DA:195,0
DA:196,0
DA:199,0
DA:200,0
DA:208,0
DA:209,0
DA:211,0
DA:213,0
DA:215,0
DA:217,0
DA:218,0
DA:219,0
DA:221,0
DA:224,0
DA:227,0
DA:228,0
DA:236,0
DA:237,0
DA:240,0
DA:244,0
DA:246,0
DA:247,0
DA:249,0
DA:250,0
DA:252,0
DA:253,0
DA:255,0
DA:256,0
DA:258,0
DA:259,0
DA:261,0
DA:262,0
DA:266,0
DA:268,0
DA:269,0
DA:272,0
DA:273,0
DA:281,0
DA:282,0
DA:283,0
DA:289,0
DA:291,0
DA:292,0
DA:294,0
DA:304,0
DA:307,0
DA:308,0
DA:313,0
DA:321,0
DA:322,0
DA:337,0
DA:345,0
DA:346,0
DA:349,0
DA:352,0
DA:353,0
DA:358,0
LF:138
LH:3
BRDA:27,0,0,0
BRDA:27,0,1,0
BRDA:59,1,0,0
BRDA:59,1,1,0
BRDA:67,2,0,0
BRDA:67,2,1,0
BRDA:96,3,0,0
BRDA:96,3,1,0
BRDA:103,4,0,0
BRDA:103,4,1,0
BRDA:137,5,0,0
BRDA:137,5,1,0
BRDA:143,6,0,0
BRDA:143,6,1,0
BRDA:143,7,0,0
BRDA:143,7,1,0
BRDA:181,8,0,0
BRDA:181,8,1,0
BRDA:183,9,0,0
BRDA:183,9,1,0
BRDA:184,10,0,0
BRDA:184,10,1,0
BRDA:215,11,0,0
BRDA:215,11,1,0
BRDA:244,12,0,0
BRDA:244,12,1,0
BRDA:244,12,2,0
BRDA:244,12,3,0
BRDA:244,12,4,0
BRDA:244,12,5,0
BRF:30
BRH:0
end_of_record
TN:
SF:src/stores/payment.store.js
FN:5,(anonymous_0)
FN:9,(anonymous_1)
FN:15,(anonymous_2)
FN:19,(anonymous_3)
FN:23,(anonymous_4)
FN:27,(anonymous_5)
FNF:6
FNH:3
FNDA:2,(anonymous_0)
FNDA:2,(anonymous_1)
FNDA:2,(anonymous_2)
FNDA:0,(anonymous_3)
FNDA:0,(anonymous_4)
FNDA:0,(anonymous_5)
DA:1,2
DA:6,2
DA:10,2
DA:11,2
DA:12,2
DA:16,2
DA:20,0
DA:24,0
DA:28,0
DA:32,2
LF:10
LH:7
BRF:0
BRH:0
end_of_record
TN:
SF:src/stores/plaid.store.js
FN:2,(anonymous_0)
FN:8,(anonymous_1)
FN:13,(anonymous_2)
FN:17,(anonymous_3)
FN:29,(anonymous_4)
FN:33,(anonymous_5)
FN:44,(anonymous_6)
FNF:7
FNH:5
FNDA:5,(anonymous_0)
FNDA:2,(anonymous_1)
FNDA:2,(anonymous_2)
FNDA:1,(anonymous_3)
FNDA:1,(anonymous_4)
FNDA:0,(anonymous_5)
FNDA:0,(anonymous_6)
DA:3,5
DA:4,5
DA:5,5
DA:9,2
DA:10,2
DA:14,2
DA:18,1
DA:19,1
DA:25,1
DA:26,1
DA:30,1
DA:34,0
DA:35,0
DA:40,0
DA:41,0
DA:45,0
DA:49,2
LF:17
LH:12
BRDA:18,0,0,1
BRDA:18,0,1,1
BRDA:34,1,0,0
BRDA:34,1,1,0
BRDA:45,2,0,0
BRDA:45,2,1,0
BRF:6
BRH:2
end_of_record
TN:
SF:src/utils/logger.js
FN:18,(anonymous_0)
FNF:1
FNH:1
FNDA:25,(anonymous_0)
DA:1,3
DA:3,3
DA:19,25
DA:26,3
LF:4
LH:4
BRDA:4,0,0,3
BRDA:4,0,1,3
BRF:2
BRH:2
end_of_record
